[0.000000] (-) TimerEvent: {}
[0.000814] (-) JobUnselected: {'identifier': 'ackermann_steering_controller'}
[0.000883] (-) JobUnselected: {'identifier': 'admittance_controller'}
[0.000919] (-) JobUnselected: {'identifier': 'bicycle_steering_controller'}
[0.000936] (-) JobUnselected: {'identifier': 'control_msgs'}
[0.000967] (-) JobUnselected: {'identifier': 'control_toolbox'}
[0.000998] (-) JobUnselected: {'identifier': 'controller_interface'}
[0.001010] (-) JobUnselected: {'identifier': 'controller_manager'}
[0.001095] (-) JobUnselected: {'identifier': 'controller_manager_msgs'}
[0.001138] (-) JobUnselected: {'identifier': 'diff_drive_controller'}
[0.001170] (-) JobUnselected: {'identifier': 'effort_controllers'}
[0.001182] (-) JobUnselected: {'identifier': 'force_torque_sensor_broadcaster'}
[0.001211] (-) JobUnselected: {'identifier': 'forward_command_controller'}
[0.001241] (-) JobUnselected: {'identifier': 'gripper_controllers'}
[0.001254] (-) JobUnselected: {'identifier': 'hardware_interface'}
[0.001284] (-) JobUnselected: {'identifier': 'imu_sensor_broadcaster'}
[0.001341] (-) JobUnselected: {'identifier': 'joint_limits'}
[0.001370] (-) JobUnselected: {'identifier': 'joint_state_broadcaster'}
[0.001401] (-) JobUnselected: {'identifier': 'joint_trajectory_controller'}
[0.001415] (-) JobUnselected: {'identifier': 'kinematics_interface'}
[0.001445] (-) JobUnselected: {'identifier': 'kinematics_interface_kdl'}
[0.001476] (-) JobUnselected: {'identifier': 'position_controllers'}
[0.001491] (-) JobUnselected: {'identifier': 'r_t'}
[0.001760] (-) JobUnselected: {'identifier': 'range_sensor_broadcaster'}
[0.001813] (-) JobUnselected: {'identifier': 'realtime_tools'}
[0.001878] (-) JobUnselected: {'identifier': 'ros2_control'}
[0.001913] (-) JobUnselected: {'identifier': 'ros2_control_demo_description'}
[0.001925] (-) JobUnselected: {'identifier': 'ros2_control_demo_example_7'}
[0.001938] (-) JobUnselected: {'identifier': 'ros2_control_demos'}
[0.002323] (-) JobUnselected: {'identifier': 'ros2_control_test_assets'}
[0.002388] (-) JobUnselected: {'identifier': 'ros2_controllers'}
[0.002429] (-) JobUnselected: {'identifier': 'ros2_controllers_test_nodes'}
[0.002445] (-) JobUnselected: {'identifier': 'ros2controlcli'}
[0.002533] (-) JobUnselected: {'identifier': 'rqt_controller_manager'}
[0.002568] (-) JobUnselected: {'identifier': 'rqt_joint_trajectory_controller'}
[0.002586] (-) JobUnselected: {'identifier': 'steering_controllers_library'}
[0.002774] (-) JobUnselected: {'identifier': 'transmission_interface'}
[0.002824] (-) JobUnselected: {'identifier': 'tricycle_controller'}
[0.002873] (-) JobUnselected: {'identifier': 'tricycle_steering_controller'}
[0.002894] (-) JobUnselected: {'identifier': 'velocity_controllers'}
[0.002914] (ruka) JobQueued: {'identifier': 'ruka', 'dependencies': OrderedDict([('control_msgs', '/home/nata/ws_ruka/install/control_msgs'), ('controller_manager_msgs', '/home/nata/ws_ruka/install/controller_manager_msgs'), ('realtime_tools', '/home/nata/ws_ruka/install/realtime_tools'), ('ros2_control_demo_description', '/home/nata/ws_ruka/install/ros2_control_demo_description'), ('ros2_control_test_assets', '/home/nata/ws_ruka/install/ros2_control_test_assets'), ('hardware_interface', '/home/nata/ws_ruka/install/hardware_interface'), ('r_t', '/home/nata/ws_ruka/install/r_t'), ('controller_interface', '/home/nata/ws_ruka/install/controller_interface'), ('controller_manager', '/home/nata/ws_ruka/install/controller_manager'), ('joint_state_broadcaster', '/home/nata/ws_ruka/install/joint_state_broadcaster'), ('ros2controlcli', '/home/nata/ws_ruka/install/ros2controlcli')])}
[0.002978] (ruka) JobStarted: {'identifier': 'ruka'}
[0.098487] (-) TimerEvent: {}
[0.198955] (-) TimerEvent: {}
[0.219305] (ruka) JobEnded: {'identifier': 'ruka', 'rc': 1}
[0.230714] (-) EventReactorShutdown: {}
