[1.329s] DEBUG:colcon:Command line arguments: ['/usr/bin/colcon', 'build', '--packages-select', 'ruka']
[1.329s] DEBUG:colcon:Parsed command line arguments: Namespace(log_base=None, log_level=None, verb_name='build', build_base='build', install_base='install', merge_install=False, symlink_install=False, test_result_base=None, continue_on_error=False, executor='parallel', parallel_workers=8, event_handlers=None, ignore_user_meta=False, metas=['./colcon.meta'], base_paths=['.'], packages_ignore=None, packages_ignore_regex=None, paths=None, packages_up_to=None, packages_up_to_regex=None, packages_above=None, packages_above_and_dependencies=None, packages_above_depth=None, packages_select_by_dep=None, packages_skip_by_dep=None, packages_skip_up_to=None, packages_select_build_failed=False, packages_skip_build_finished=False, packages_select_test_failures=False, packages_skip_test_passed=False, packages_select=['ruka'], packages_skip=None, packages_select_regex=None, packages_skip_regex=None, packages_start=None, packages_end=None, allow_overriding=[], cmake_args=None, cmake_target=None, cmake_target_skip_unavailable=False, cmake_clean_cache=False, cmake_clean_first=False, cmake_force_configure=False, ament_cmake_args=None, catkin_cmake_args=None, catkin_skip_building_tests=False, mixin_files=None, mixin=None, verb_parser=<colcon_mixin.mixin.mixin_argument.MixinArgumentDecorator object at 0x7f50d4d32650>, verb_extension=<colcon_core.verb.build.BuildVerb object at 0x7f50d4fea110>, main=<bound method BuildVerb.main of <colcon_core.verb.build.BuildVerb object at 0x7f50d4fea110>>, mixin_verb=('build',))
[1.395s] Level 1:colcon.colcon_core.package_discovery:discover_packages(colcon_meta) check parameters
[1.395s] Level 1:colcon.colcon_core.package_discovery:discover_packages(recursive) check parameters
[1.395s] Level 1:colcon.colcon_core.package_discovery:discover_packages(ignore) check parameters
[1.395s] Level 1:colcon.colcon_core.package_discovery:discover_packages(path) check parameters
[1.395s] Level 1:colcon.colcon_core.package_discovery:discover_packages(colcon_meta) discover
[1.395s] Level 1:colcon.colcon_core.package_discovery:discover_packages(recursive) discover
[1.396s] INFO:colcon.colcon_core.package_discovery:Crawling recursively for packages in '/home/nata/ws_ruka'
[1.396s] Level 1:colcon.colcon_core.package_identification:_identify(.) by extensions ['ignore', 'ignore_ament_install']
[1.396s] Level 1:colcon.colcon_core.package_identification:_identify(.) by extension 'ignore'
[1.396s] Level 1:colcon.colcon_core.package_identification:_identify(.) by extension 'ignore_ament_install'
[1.396s] Level 1:colcon.colcon_core.package_identification:_identify(.) by extensions ['colcon_pkg']
[1.396s] Level 1:colcon.colcon_core.package_identification:_identify(.) by extension 'colcon_pkg'
[1.396s] Level 1:colcon.colcon_core.package_identification:_identify(.) by extensions ['colcon_meta']
[1.396s] Level 1:colcon.colcon_core.package_identification:_identify(.) by extension 'colcon_meta'
[1.396s] Level 1:colcon.colcon_core.package_identification:_identify(.) by extensions ['ros']
[1.396s] Level 1:colcon.colcon_core.package_identification:_identify(.) by extension 'ros'
[1.407s] Level 1:colcon.colcon_core.package_identification:_identify(.) by extensions ['cmake', 'python']
[1.407s] Level 1:colcon.colcon_core.package_identification:_identify(.) by extension 'cmake'
[1.407s] Level 1:colcon.colcon_core.package_identification:_identify(.) by extension 'python'
[1.407s] Level 1:colcon.colcon_core.package_identification:_identify(.) by extensions ['python_setup_py']
[1.407s] Level 1:colcon.colcon_core.package_identification:_identify(.) by extension 'python_setup_py'
[1.408s] Level 1:colcon.colcon_core.package_identification:_identify(build) by extensions ['ignore', 'ignore_ament_install']
[1.408s] Level 1:colcon.colcon_core.package_identification:_identify(build) by extension 'ignore'
[1.408s] Level 1:colcon.colcon_core.package_identification:_identify(build) ignored
[1.408s] Level 1:colcon.colcon_core.package_identification:_identify(install) by extensions ['ignore', 'ignore_ament_install']
[1.408s] Level 1:colcon.colcon_core.package_identification:_identify(install) by extension 'ignore'
[1.408s] Level 1:colcon.colcon_core.package_identification:_identify(install) ignored
[1.408s] Level 1:colcon.colcon_core.package_identification:_identify(log) by extensions ['ignore', 'ignore_ament_install']
[1.408s] Level 1:colcon.colcon_core.package_identification:_identify(log) by extension 'ignore'
[1.408s] Level 1:colcon.colcon_core.package_identification:_identify(log) ignored
[1.408s] Level 1:colcon.colcon_core.package_identification:_identify(src) by extensions ['ignore', 'ignore_ament_install']
[1.408s] Level 1:colcon.colcon_core.package_identification:_identify(src) by extension 'ignore'
[1.408s] Level 1:colcon.colcon_core.package_identification:_identify(src) by extension 'ignore_ament_install'
[1.408s] Level 1:colcon.colcon_core.package_identification:_identify(src) by extensions ['colcon_pkg']
[1.408s] Level 1:colcon.colcon_core.package_identification:_identify(src) by extension 'colcon_pkg'
[1.408s] Level 1:colcon.colcon_core.package_identification:_identify(src) by extensions ['colcon_meta']
[1.408s] Level 1:colcon.colcon_core.package_identification:_identify(src) by extension 'colcon_meta'
[1.409s] Level 1:colcon.colcon_core.package_identification:_identify(src) by extensions ['ros']
[1.409s] Level 1:colcon.colcon_core.package_identification:_identify(src) by extension 'ros'
[1.409s] Level 1:colcon.colcon_core.package_identification:_identify(src) by extensions ['cmake', 'python']
[1.409s] Level 1:colcon.colcon_core.package_identification:_identify(src) by extension 'cmake'
[1.409s] Level 1:colcon.colcon_core.package_identification:_identify(src) by extension 'python'
[1.409s] Level 1:colcon.colcon_core.package_identification:_identify(src) by extensions ['python_setup_py']
[1.409s] Level 1:colcon.colcon_core.package_identification:_identify(src) by extension 'python_setup_py'
[1.409s] Level 1:colcon.colcon_core.package_identification:_identify(src/r_t) by extensions ['ignore', 'ignore_ament_install']
[1.409s] Level 1:colcon.colcon_core.package_identification:_identify(src/r_t) by extension 'ignore'
[1.409s] Level 1:colcon.colcon_core.package_identification:_identify(src/r_t) by extension 'ignore_ament_install'
[1.409s] Level 1:colcon.colcon_core.package_identification:_identify(src/r_t) by extensions ['colcon_pkg']
[1.409s] Level 1:colcon.colcon_core.package_identification:_identify(src/r_t) by extension 'colcon_pkg'
[1.409s] Level 1:colcon.colcon_core.package_identification:_identify(src/r_t) by extensions ['colcon_meta']
[1.409s] Level 1:colcon.colcon_core.package_identification:_identify(src/r_t) by extension 'colcon_meta'
[1.409s] Level 1:colcon.colcon_core.package_identification:_identify(src/r_t) by extensions ['ros']
[1.409s] Level 1:colcon.colcon_core.package_identification:_identify(src/r_t) by extension 'ros'
[1.412s] DEBUG:colcon.colcon_core.package_identification:Package 'src/r_t' with type 'ros.ament_cmake' and name 'r_t'
[1.412s] Level 1:colcon.colcon_core.package_identification:_identify(src/ros-controls) by extensions ['ignore', 'ignore_ament_install']
[1.412s] Level 1:colcon.colcon_core.package_identification:_identify(src/ros-controls) by extension 'ignore'
[1.412s] Level 1:colcon.colcon_core.package_identification:_identify(src/ros-controls) by extension 'ignore_ament_install'
[1.412s] Level 1:colcon.colcon_core.package_identification:_identify(src/ros-controls) by extensions ['colcon_pkg']
[1.412s] Level 1:colcon.colcon_core.package_identification:_identify(src/ros-controls) by extension 'colcon_pkg'
[1.412s] Level 1:colcon.colcon_core.package_identification:_identify(src/ros-controls) by extensions ['colcon_meta']
[1.412s] Level 1:colcon.colcon_core.package_identification:_identify(src/ros-controls) by extension 'colcon_meta'
[1.412s] Level 1:colcon.colcon_core.package_identification:_identify(src/ros-controls) by extensions ['ros']
[1.412s] Level 1:colcon.colcon_core.package_identification:_identify(src/ros-controls) by extension 'ros'
[1.412s] Level 1:colcon.colcon_core.package_identification:_identify(src/ros-controls) by extensions ['cmake', 'python']
[1.412s] Level 1:colcon.colcon_core.package_identification:_identify(src/ros-controls) by extension 'cmake'
[1.412s] Level 1:colcon.colcon_core.package_identification:_identify(src/ros-controls) by extension 'python'
[1.412s] Level 1:colcon.colcon_core.package_identification:_identify(src/ros-controls) by extensions ['python_setup_py']
[1.412s] Level 1:colcon.colcon_core.package_identification:_identify(src/ros-controls) by extension 'python_setup_py'
[1.412s] Level 1:colcon.colcon_core.package_identification:_identify(src/ros-controls/control_msgs) by extensions ['ignore', 'ignore_ament_install']
[1.413s] Level 1:colcon.colcon_core.package_identification:_identify(src/ros-controls/control_msgs) by extension 'ignore'
[1.413s] Level 1:colcon.colcon_core.package_identification:_identify(src/ros-controls/control_msgs) by extension 'ignore_ament_install'
[1.413s] Level 1:colcon.colcon_core.package_identification:_identify(src/ros-controls/control_msgs) by extensions ['colcon_pkg']
[1.413s] Level 1:colcon.colcon_core.package_identification:_identify(src/ros-controls/control_msgs) by extension 'colcon_pkg'
[1.413s] Level 1:colcon.colcon_core.package_identification:_identify(src/ros-controls/control_msgs) by extensions ['colcon_meta']
[1.413s] Level 1:colcon.colcon_core.package_identification:_identify(src/ros-controls/control_msgs) by extension 'colcon_meta'
[1.413s] Level 1:colcon.colcon_core.package_identification:_identify(src/ros-controls/control_msgs) by extensions ['ros']
[1.413s] Level 1:colcon.colcon_core.package_identification:_identify(src/ros-controls/control_msgs) by extension 'ros'
[1.413s] Level 1:colcon.colcon_core.package_identification:_identify(src/ros-controls/control_msgs) by extensions ['cmake', 'python']
[1.413s] Level 1:colcon.colcon_core.package_identification:_identify(src/ros-controls/control_msgs) by extension 'cmake'
[1.413s] Level 1:colcon.colcon_core.package_identification:_identify(src/ros-controls/control_msgs) by extension 'python'
[1.413s] Level 1:colcon.colcon_core.package_identification:_identify(src/ros-controls/control_msgs) by extensions ['python_setup_py']
[1.413s] Level 1:colcon.colcon_core.package_identification:_identify(src/ros-controls/control_msgs) by extension 'python_setup_py'
[1.413s] Level 1:colcon.colcon_core.package_identification:_identify(src/ros-controls/control_msgs/control_msgs) by extensions ['ignore', 'ignore_ament_install']
[1.413s] Level 1:colcon.colcon_core.package_identification:_identify(src/ros-controls/control_msgs/control_msgs) by extension 'ignore'
[1.413s] Level 1:colcon.colcon_core.package_identification:_identify(src/ros-controls/control_msgs/control_msgs) by extension 'ignore_ament_install'
[1.413s] Level 1:colcon.colcon_core.package_identification:_identify(src/ros-controls/control_msgs/control_msgs) by extensions ['colcon_pkg']
[1.413s] Level 1:colcon.colcon_core.package_identification:_identify(src/ros-controls/control_msgs/control_msgs) by extension 'colcon_pkg'
[1.413s] Level 1:colcon.colcon_core.package_identification:_identify(src/ros-controls/control_msgs/control_msgs) by extensions ['colcon_meta']
[1.413s] Level 1:colcon.colcon_core.package_identification:_identify(src/ros-controls/control_msgs/control_msgs) by extension 'colcon_meta'
[1.413s] Level 1:colcon.colcon_core.package_identification:_identify(src/ros-controls/control_msgs/control_msgs) by extensions ['ros']
[1.413s] Level 1:colcon.colcon_core.package_identification:_identify(src/ros-controls/control_msgs/control_msgs) by extension 'ros'
[1.414s] DEBUG:colcon.colcon_core.package_identification:Package 'src/ros-controls/control_msgs/control_msgs' with type 'ros.ament_cmake' and name 'control_msgs'
[1.414s] Level 1:colcon.colcon_core.package_identification:_identify(src/ros-controls/control_toolbox) by extensions ['ignore', 'ignore_ament_install']
[1.414s] Level 1:colcon.colcon_core.package_identification:_identify(src/ros-controls/control_toolbox) by extension 'ignore'
[1.415s] Level 1:colcon.colcon_core.package_identification:_identify(src/ros-controls/control_toolbox) by extension 'ignore_ament_install'
[1.415s] Level 1:colcon.colcon_core.package_identification:_identify(src/ros-controls/control_toolbox) by extensions ['colcon_pkg']
[1.415s] Level 1:colcon.colcon_core.package_identification:_identify(src/ros-controls/control_toolbox) by extension 'colcon_pkg'
[1.415s] Level 1:colcon.colcon_core.package_identification:_identify(src/ros-controls/control_toolbox) by extensions ['colcon_meta']
[1.415s] Level 1:colcon.colcon_core.package_identification:_identify(src/ros-controls/control_toolbox) by extension 'colcon_meta'
[1.415s] Level 1:colcon.colcon_core.package_identification:_identify(src/ros-controls/control_toolbox) by extensions ['ros']
[1.415s] Level 1:colcon.colcon_core.package_identification:_identify(src/ros-controls/control_toolbox) by extension 'ros'
[1.416s] DEBUG:colcon.colcon_core.package_identification:Package 'src/ros-controls/control_toolbox' with type 'ros.ament_cmake' and name 'control_toolbox'
[1.416s] Level 1:colcon.colcon_core.package_identification:_identify(src/ros-controls/kinematics_interface) by extensions ['ignore', 'ignore_ament_install']
[1.416s] Level 1:colcon.colcon_core.package_identification:_identify(src/ros-controls/kinematics_interface) by extension 'ignore'
[1.416s] Level 1:colcon.colcon_core.package_identification:_identify(src/ros-controls/kinematics_interface) by extension 'ignore_ament_install'
[1.416s] Level 1:colcon.colcon_core.package_identification:_identify(src/ros-controls/kinematics_interface) by extensions ['colcon_pkg']
[1.416s] Level 1:colcon.colcon_core.package_identification:_identify(src/ros-controls/kinematics_interface) by extension 'colcon_pkg'
[1.416s] Level 1:colcon.colcon_core.package_identification:_identify(src/ros-controls/kinematics_interface) by extensions ['colcon_meta']
[1.416s] Level 1:colcon.colcon_core.package_identification:_identify(src/ros-controls/kinematics_interface) by extension 'colcon_meta'
[1.416s] Level 1:colcon.colcon_core.package_identification:_identify(src/ros-controls/kinematics_interface) by extensions ['ros']
[1.416s] Level 1:colcon.colcon_core.package_identification:_identify(src/ros-controls/kinematics_interface) by extension 'ros'
[1.416s] Level 1:colcon.colcon_core.package_identification:_identify(src/ros-controls/kinematics_interface) by extensions ['cmake', 'python']
[1.416s] Level 1:colcon.colcon_core.package_identification:_identify(src/ros-controls/kinematics_interface) by extension 'cmake'
[1.416s] Level 1:colcon.colcon_core.package_identification:_identify(src/ros-controls/kinematics_interface) by extension 'python'
[1.416s] Level 1:colcon.colcon_core.package_identification:_identify(src/ros-controls/kinematics_interface) by extensions ['python_setup_py']
[1.416s] Level 1:colcon.colcon_core.package_identification:_identify(src/ros-controls/kinematics_interface) by extension 'python_setup_py'
[1.417s] Level 1:colcon.colcon_core.package_identification:_identify(src/ros-controls/kinematics_interface/kinematics_interface) by extensions ['ignore', 'ignore_ament_install']
[1.417s] Level 1:colcon.colcon_core.package_identification:_identify(src/ros-controls/kinematics_interface/kinematics_interface) by extension 'ignore'
[1.417s] Level 1:colcon.colcon_core.package_identification:_identify(src/ros-controls/kinematics_interface/kinematics_interface) by extension 'ignore_ament_install'
[1.417s] Level 1:colcon.colcon_core.package_identification:_identify(src/ros-controls/kinematics_interface/kinematics_interface) by extensions ['colcon_pkg']
[1.417s] Level 1:colcon.colcon_core.package_identification:_identify(src/ros-controls/kinematics_interface/kinematics_interface) by extension 'colcon_pkg'
[1.417s] Level 1:colcon.colcon_core.package_identification:_identify(src/ros-controls/kinematics_interface/kinematics_interface) by extensions ['colcon_meta']
[1.417s] Level 1:colcon.colcon_core.package_identification:_identify(src/ros-controls/kinematics_interface/kinematics_interface) by extension 'colcon_meta'
[1.417s] Level 1:colcon.colcon_core.package_identification:_identify(src/ros-controls/kinematics_interface/kinematics_interface) by extensions ['ros']
[1.417s] Level 1:colcon.colcon_core.package_identification:_identify(src/ros-controls/kinematics_interface/kinematics_interface) by extension 'ros'
[1.418s] DEBUG:colcon.colcon_core.package_identification:Package 'src/ros-controls/kinematics_interface/kinematics_interface' with type 'ros.ament_cmake' and name 'kinematics_interface'
[1.418s] Level 1:colcon.colcon_core.package_identification:_identify(src/ros-controls/kinematics_interface/kinematics_interface_kdl) by extensions ['ignore', 'ignore_ament_install']
[1.418s] Level 1:colcon.colcon_core.package_identification:_identify(src/ros-controls/kinematics_interface/kinematics_interface_kdl) by extension 'ignore'
[1.418s] Level 1:colcon.colcon_core.package_identification:_identify(src/ros-controls/kinematics_interface/kinematics_interface_kdl) by extension 'ignore_ament_install'
[1.418s] Level 1:colcon.colcon_core.package_identification:_identify(src/ros-controls/kinematics_interface/kinematics_interface_kdl) by extensions ['colcon_pkg']
[1.418s] Level 1:colcon.colcon_core.package_identification:_identify(src/ros-controls/kinematics_interface/kinematics_interface_kdl) by extension 'colcon_pkg'
[1.418s] Level 1:colcon.colcon_core.package_identification:_identify(src/ros-controls/kinematics_interface/kinematics_interface_kdl) by extensions ['colcon_meta']
[1.418s] Level 1:colcon.colcon_core.package_identification:_identify(src/ros-controls/kinematics_interface/kinematics_interface_kdl) by extension 'colcon_meta'
[1.419s] Level 1:colcon.colcon_core.package_identification:_identify(src/ros-controls/kinematics_interface/kinematics_interface_kdl) by extensions ['ros']
[1.419s] Level 1:colcon.colcon_core.package_identification:_identify(src/ros-controls/kinematics_interface/kinematics_interface_kdl) by extension 'ros'
[1.419s] DEBUG:colcon.colcon_core.package_identification:Package 'src/ros-controls/kinematics_interface/kinematics_interface_kdl' with type 'ros.ament_cmake' and name 'kinematics_interface_kdl'
[1.419s] Level 1:colcon.colcon_core.package_identification:_identify(src/ros-controls/realtime_tools) by extensions ['ignore', 'ignore_ament_install']
[1.420s] Level 1:colcon.colcon_core.package_identification:_identify(src/ros-controls/realtime_tools) by extension 'ignore'
[1.420s] Level 1:colcon.colcon_core.package_identification:_identify(src/ros-controls/realtime_tools) by extension 'ignore_ament_install'
[1.420s] Level 1:colcon.colcon_core.package_identification:_identify(src/ros-controls/realtime_tools) by extensions ['colcon_pkg']
[1.420s] Level 1:colcon.colcon_core.package_identification:_identify(src/ros-controls/realtime_tools) by extension 'colcon_pkg'
[1.420s] Level 1:colcon.colcon_core.package_identification:_identify(src/ros-controls/realtime_tools) by extensions ['colcon_meta']
[1.420s] Level 1:colcon.colcon_core.package_identification:_identify(src/ros-controls/realtime_tools) by extension 'colcon_meta'
[1.420s] Level 1:colcon.colcon_core.package_identification:_identify(src/ros-controls/realtime_tools) by extensions ['ros']
[1.420s] Level 1:colcon.colcon_core.package_identification:_identify(src/ros-controls/realtime_tools) by extension 'ros'
[1.421s] DEBUG:colcon.colcon_core.package_identification:Package 'src/ros-controls/realtime_tools' with type 'ros.ament_cmake' and name 'realtime_tools'
[1.421s] Level 1:colcon.colcon_core.package_identification:_identify(src/ros-controls/ros2_control) by extensions ['ignore', 'ignore_ament_install']
[1.421s] Level 1:colcon.colcon_core.package_identification:_identify(src/ros-controls/ros2_control) by extension 'ignore'
[1.421s] Level 1:colcon.colcon_core.package_identification:_identify(src/ros-controls/ros2_control) by extension 'ignore_ament_install'
[1.421s] Level 1:colcon.colcon_core.package_identification:_identify(src/ros-controls/ros2_control) by extensions ['colcon_pkg']
[1.421s] Level 1:colcon.colcon_core.package_identification:_identify(src/ros-controls/ros2_control) by extension 'colcon_pkg'
[1.421s] Level 1:colcon.colcon_core.package_identification:_identify(src/ros-controls/ros2_control) by extensions ['colcon_meta']
[1.421s] Level 1:colcon.colcon_core.package_identification:_identify(src/ros-controls/ros2_control) by extension 'colcon_meta'
[1.421s] Level 1:colcon.colcon_core.package_identification:_identify(src/ros-controls/ros2_control) by extensions ['ros']
[1.421s] Level 1:colcon.colcon_core.package_identification:_identify(src/ros-controls/ros2_control) by extension 'ros'
[1.421s] Level 1:colcon.colcon_core.package_identification:_identify(src/ros-controls/ros2_control) by extensions ['cmake', 'python']
[1.422s] Level 1:colcon.colcon_core.package_identification:_identify(src/ros-controls/ros2_control) by extension 'cmake'
[1.422s] Level 1:colcon.colcon_core.package_identification:_identify(src/ros-controls/ros2_control) by extension 'python'
[1.422s] Level 1:colcon.colcon_core.package_identification:_identify(src/ros-controls/ros2_control) by extensions ['python_setup_py']
[1.422s] Level 1:colcon.colcon_core.package_identification:_identify(src/ros-controls/ros2_control) by extension 'python_setup_py'
[1.422s] Level 1:colcon.colcon_core.package_identification:_identify(src/ros-controls/ros2_control/controller_interface) by extensions ['ignore', 'ignore_ament_install']
[1.422s] Level 1:colcon.colcon_core.package_identification:_identify(src/ros-controls/ros2_control/controller_interface) by extension 'ignore'
[1.422s] Level 1:colcon.colcon_core.package_identification:_identify(src/ros-controls/ros2_control/controller_interface) by extension 'ignore_ament_install'
[1.422s] Level 1:colcon.colcon_core.package_identification:_identify(src/ros-controls/ros2_control/controller_interface) by extensions ['colcon_pkg']
[1.422s] Level 1:colcon.colcon_core.package_identification:_identify(src/ros-controls/ros2_control/controller_interface) by extension 'colcon_pkg'
[1.422s] Level 1:colcon.colcon_core.package_identification:_identify(src/ros-controls/ros2_control/controller_interface) by extensions ['colcon_meta']
[1.422s] Level 1:colcon.colcon_core.package_identification:_identify(src/ros-controls/ros2_control/controller_interface) by extension 'colcon_meta'
[1.422s] Level 1:colcon.colcon_core.package_identification:_identify(src/ros-controls/ros2_control/controller_interface) by extensions ['ros']
[1.422s] Level 1:colcon.colcon_core.package_identification:_identify(src/ros-controls/ros2_control/controller_interface) by extension 'ros'
[1.423s] DEBUG:colcon.colcon_core.package_identification:Package 'src/ros-controls/ros2_control/controller_interface' with type 'ros.ament_cmake' and name 'controller_interface'
[1.423s] Level 1:colcon.colcon_core.package_identification:_identify(src/ros-controls/ros2_control/controller_manager) by extensions ['ignore', 'ignore_ament_install']
[1.423s] Level 1:colcon.colcon_core.package_identification:_identify(src/ros-controls/ros2_control/controller_manager) by extension 'ignore'
[1.424s] Level 1:colcon.colcon_core.package_identification:_identify(src/ros-controls/ros2_control/controller_manager) by extension 'ignore_ament_install'
[1.424s] Level 1:colcon.colcon_core.package_identification:_identify(src/ros-controls/ros2_control/controller_manager) by extensions ['colcon_pkg']
[1.424s] Level 1:colcon.colcon_core.package_identification:_identify(src/ros-controls/ros2_control/controller_manager) by extension 'colcon_pkg'
[1.424s] Level 1:colcon.colcon_core.package_identification:_identify(src/ros-controls/ros2_control/controller_manager) by extensions ['colcon_meta']
[1.424s] Level 1:colcon.colcon_core.package_identification:_identify(src/ros-controls/ros2_control/controller_manager) by extension 'colcon_meta'
[1.424s] Level 1:colcon.colcon_core.package_identification:_identify(src/ros-controls/ros2_control/controller_manager) by extensions ['ros']
[1.424s] Level 1:colcon.colcon_core.package_identification:_identify(src/ros-controls/ros2_control/controller_manager) by extension 'ros'
[1.426s] DEBUG:colcon.colcon_core.package_identification:Package 'src/ros-controls/ros2_control/controller_manager' with type 'ros.ament_cmake' and name 'controller_manager'
[1.426s] Level 1:colcon.colcon_core.package_identification:_identify(src/ros-controls/ros2_control/controller_manager_msgs) by extensions ['ignore', 'ignore_ament_install']
[1.426s] Level 1:colcon.colcon_core.package_identification:_identify(src/ros-controls/ros2_control/controller_manager_msgs) by extension 'ignore'
[1.426s] Level 1:colcon.colcon_core.package_identification:_identify(src/ros-controls/ros2_control/controller_manager_msgs) by extension 'ignore_ament_install'
[1.426s] Level 1:colcon.colcon_core.package_identification:_identify(src/ros-controls/ros2_control/controller_manager_msgs) by extensions ['colcon_pkg']
[1.426s] Level 1:colcon.colcon_core.package_identification:_identify(src/ros-controls/ros2_control/controller_manager_msgs) by extension 'colcon_pkg'
[1.426s] Level 1:colcon.colcon_core.package_identification:_identify(src/ros-controls/ros2_control/controller_manager_msgs) by extensions ['colcon_meta']
[1.426s] Level 1:colcon.colcon_core.package_identification:_identify(src/ros-controls/ros2_control/controller_manager_msgs) by extension 'colcon_meta'
[1.426s] Level 1:colcon.colcon_core.package_identification:_identify(src/ros-controls/ros2_control/controller_manager_msgs) by extensions ['ros']
[1.426s] Level 1:colcon.colcon_core.package_identification:_identify(src/ros-controls/ros2_control/controller_manager_msgs) by extension 'ros'
[1.427s] DEBUG:colcon.colcon_core.package_identification:Package 'src/ros-controls/ros2_control/controller_manager_msgs' with type 'ros.ament_cmake' and name 'controller_manager_msgs'
[1.427s] Level 1:colcon.colcon_core.package_identification:_identify(src/ros-controls/ros2_control/doc) by extensions ['ignore', 'ignore_ament_install']
[1.427s] Level 1:colcon.colcon_core.package_identification:_identify(src/ros-controls/ros2_control/doc) by extension 'ignore'
[1.427s] Level 1:colcon.colcon_core.package_identification:_identify(src/ros-controls/ros2_control/doc) by extension 'ignore_ament_install'
[1.427s] Level 1:colcon.colcon_core.package_identification:_identify(src/ros-controls/ros2_control/doc) by extensions ['colcon_pkg']
[1.427s] Level 1:colcon.colcon_core.package_identification:_identify(src/ros-controls/ros2_control/doc) by extension 'colcon_pkg'
[1.427s] Level 1:colcon.colcon_core.package_identification:_identify(src/ros-controls/ros2_control/doc) by extensions ['colcon_meta']
[1.427s] Level 1:colcon.colcon_core.package_identification:_identify(src/ros-controls/ros2_control/doc) by extension 'colcon_meta'
[1.427s] Level 1:colcon.colcon_core.package_identification:_identify(src/ros-controls/ros2_control/doc) by extensions ['ros']
[1.427s] Level 1:colcon.colcon_core.package_identification:_identify(src/ros-controls/ros2_control/doc) by extension 'ros'
[1.427s] Level 1:colcon.colcon_core.package_identification:_identify(src/ros-controls/ros2_control/doc) by extensions ['cmake', 'python']
[1.427s] Level 1:colcon.colcon_core.package_identification:_identify(src/ros-controls/ros2_control/doc) by extension 'cmake'
[1.427s] Level 1:colcon.colcon_core.package_identification:_identify(src/ros-controls/ros2_control/doc) by extension 'python'
[1.427s] Level 1:colcon.colcon_core.package_identification:_identify(src/ros-controls/ros2_control/doc) by extensions ['python_setup_py']
[1.427s] Level 1:colcon.colcon_core.package_identification:_identify(src/ros-controls/ros2_control/doc) by extension 'python_setup_py'
[1.428s] Level 1:colcon.colcon_core.package_identification:_identify(src/ros-controls/ros2_control/hardware_interface) by extensions ['ignore', 'ignore_ament_install']
[1.428s] Level 1:colcon.colcon_core.package_identification:_identify(src/ros-controls/ros2_control/hardware_interface) by extension 'ignore'
[1.428s] Level 1:colcon.colcon_core.package_identification:_identify(src/ros-controls/ros2_control/hardware_interface) by extension 'ignore_ament_install'
[1.428s] Level 1:colcon.colcon_core.package_identification:_identify(src/ros-controls/ros2_control/hardware_interface) by extensions ['colcon_pkg']
[1.428s] Level 1:colcon.colcon_core.package_identification:_identify(src/ros-controls/ros2_control/hardware_interface) by extension 'colcon_pkg'
[1.428s] Level 1:colcon.colcon_core.package_identification:_identify(src/ros-controls/ros2_control/hardware_interface) by extensions ['colcon_meta']
[1.428s] Level 1:colcon.colcon_core.package_identification:_identify(src/ros-controls/ros2_control/hardware_interface) by extension 'colcon_meta'
[1.428s] Level 1:colcon.colcon_core.package_identification:_identify(src/ros-controls/ros2_control/hardware_interface) by extensions ['ros']
[1.428s] Level 1:colcon.colcon_core.package_identification:_identify(src/ros-controls/ros2_control/hardware_interface) by extension 'ros'
[1.429s] DEBUG:colcon.colcon_core.package_identification:Package 'src/ros-controls/ros2_control/hardware_interface' with type 'ros.ament_cmake' and name 'hardware_interface'
[1.429s] Level 1:colcon.colcon_core.package_identification:_identify(src/ros-controls/ros2_control/joint_limits) by extensions ['ignore', 'ignore_ament_install']
[1.429s] Level 1:colcon.colcon_core.package_identification:_identify(src/ros-controls/ros2_control/joint_limits) by extension 'ignore'
[1.429s] Level 1:colcon.colcon_core.package_identification:_identify(src/ros-controls/ros2_control/joint_limits) by extension 'ignore_ament_install'
[1.429s] Level 1:colcon.colcon_core.package_identification:_identify(src/ros-controls/ros2_control/joint_limits) by extensions ['colcon_pkg']
[1.429s] Level 1:colcon.colcon_core.package_identification:_identify(src/ros-controls/ros2_control/joint_limits) by extension 'colcon_pkg'
[1.429s] Level 1:colcon.colcon_core.package_identification:_identify(src/ros-controls/ros2_control/joint_limits) by extensions ['colcon_meta']
[1.429s] Level 1:colcon.colcon_core.package_identification:_identify(src/ros-controls/ros2_control/joint_limits) by extension 'colcon_meta'
[1.429s] Level 1:colcon.colcon_core.package_identification:_identify(src/ros-controls/ros2_control/joint_limits) by extensions ['ros']
[1.429s] Level 1:colcon.colcon_core.package_identification:_identify(src/ros-controls/ros2_control/joint_limits) by extension 'ros'
[1.430s] DEBUG:colcon.colcon_core.package_identification:Package 'src/ros-controls/ros2_control/joint_limits' with type 'ros.ament_cmake' and name 'joint_limits'
[1.431s] Level 1:colcon.colcon_core.package_identification:_identify(src/ros-controls/ros2_control/joint_limits_interface) by extensions ['ignore', 'ignore_ament_install']
[1.431s] Level 1:colcon.colcon_core.package_identification:_identify(src/ros-controls/ros2_control/joint_limits_interface) by extension 'ignore'
[1.431s] Level 1:colcon.colcon_core.package_identification:_identify(src/ros-controls/ros2_control/joint_limits_interface) ignored
[1.431s] Level 1:colcon.colcon_core.package_identification:_identify(src/ros-controls/ros2_control/ros2_control) by extensions ['ignore', 'ignore_ament_install']
[1.431s] Level 1:colcon.colcon_core.package_identification:_identify(src/ros-controls/ros2_control/ros2_control) by extension 'ignore'
[1.431s] Level 1:colcon.colcon_core.package_identification:_identify(src/ros-controls/ros2_control/ros2_control) by extension 'ignore_ament_install'
[1.431s] Level 1:colcon.colcon_core.package_identification:_identify(src/ros-controls/ros2_control/ros2_control) by extensions ['colcon_pkg']
[1.431s] Level 1:colcon.colcon_core.package_identification:_identify(src/ros-controls/ros2_control/ros2_control) by extension 'colcon_pkg'
[1.431s] Level 1:colcon.colcon_core.package_identification:_identify(src/ros-controls/ros2_control/ros2_control) by extensions ['colcon_meta']
[1.431s] Level 1:colcon.colcon_core.package_identification:_identify(src/ros-controls/ros2_control/ros2_control) by extension 'colcon_meta'
[1.431s] Level 1:colcon.colcon_core.package_identification:_identify(src/ros-controls/ros2_control/ros2_control) by extensions ['ros']
[1.431s] Level 1:colcon.colcon_core.package_identification:_identify(src/ros-controls/ros2_control/ros2_control) by extension 'ros'
[1.432s] DEBUG:colcon.colcon_core.package_identification:Package 'src/ros-controls/ros2_control/ros2_control' with type 'ros.ament_cmake' and name 'ros2_control'
[1.432s] Level 1:colcon.colcon_core.package_identification:_identify(src/ros-controls/ros2_control/ros2_control_test_assets) by extensions ['ignore', 'ignore_ament_install']
[1.432s] Level 1:colcon.colcon_core.package_identification:_identify(src/ros-controls/ros2_control/ros2_control_test_assets) by extension 'ignore'
[1.432s] Level 1:colcon.colcon_core.package_identification:_identify(src/ros-controls/ros2_control/ros2_control_test_assets) by extension 'ignore_ament_install'
[1.432s] Level 1:colcon.colcon_core.package_identification:_identify(src/ros-controls/ros2_control/ros2_control_test_assets) by extensions ['colcon_pkg']
[1.432s] Level 1:colcon.colcon_core.package_identification:_identify(src/ros-controls/ros2_control/ros2_control_test_assets) by extension 'colcon_pkg'
[1.432s] Level 1:colcon.colcon_core.package_identification:_identify(src/ros-controls/ros2_control/ros2_control_test_assets) by extensions ['colcon_meta']
[1.432s] Level 1:colcon.colcon_core.package_identification:_identify(src/ros-controls/ros2_control/ros2_control_test_assets) by extension 'colcon_meta'
[1.433s] Level 1:colcon.colcon_core.package_identification:_identify(src/ros-controls/ros2_control/ros2_control_test_assets) by extensions ['ros']
[1.433s] Level 1:colcon.colcon_core.package_identification:_identify(src/ros-controls/ros2_control/ros2_control_test_assets) by extension 'ros'
[1.434s] DEBUG:colcon.colcon_core.package_identification:Package 'src/ros-controls/ros2_control/ros2_control_test_assets' with type 'ros.ament_cmake' and name 'ros2_control_test_assets'
[1.434s] Level 1:colcon.colcon_core.package_identification:_identify(src/ros-controls/ros2_control/ros2controlcli) by extensions ['ignore', 'ignore_ament_install']
[1.434s] Level 1:colcon.colcon_core.package_identification:_identify(src/ros-controls/ros2_control/ros2controlcli) by extension 'ignore'
[1.434s] Level 1:colcon.colcon_core.package_identification:_identify(src/ros-controls/ros2_control/ros2controlcli) by extension 'ignore_ament_install'
[1.434s] Level 1:colcon.colcon_core.package_identification:_identify(src/ros-controls/ros2_control/ros2controlcli) by extensions ['colcon_pkg']
[1.434s] Level 1:colcon.colcon_core.package_identification:_identify(src/ros-controls/ros2_control/ros2controlcli) by extension 'colcon_pkg'
[1.434s] Level 1:colcon.colcon_core.package_identification:_identify(src/ros-controls/ros2_control/ros2controlcli) by extensions ['colcon_meta']
[1.434s] Level 1:colcon.colcon_core.package_identification:_identify(src/ros-controls/ros2_control/ros2controlcli) by extension 'colcon_meta'
[1.435s] Level 1:colcon.colcon_core.package_identification:_identify(src/ros-controls/ros2_control/ros2controlcli) by extensions ['ros']
[1.435s] Level 1:colcon.colcon_core.package_identification:_identify(src/ros-controls/ros2_control/ros2controlcli) by extension 'ros'
[1.436s] DEBUG:colcon.colcon_core.package_identification:Package 'src/ros-controls/ros2_control/ros2controlcli' with type 'ros.ament_python' and name 'ros2controlcli'
[1.436s] Level 1:colcon.colcon_core.package_identification:_identify(src/ros-controls/ros2_control/rqt_controller_manager) by extensions ['ignore', 'ignore_ament_install']
[1.436s] Level 1:colcon.colcon_core.package_identification:_identify(src/ros-controls/ros2_control/rqt_controller_manager) by extension 'ignore'
[1.436s] Level 1:colcon.colcon_core.package_identification:_identify(src/ros-controls/ros2_control/rqt_controller_manager) by extension 'ignore_ament_install'
[1.436s] Level 1:colcon.colcon_core.package_identification:_identify(src/ros-controls/ros2_control/rqt_controller_manager) by extensions ['colcon_pkg']
[1.436s] Level 1:colcon.colcon_core.package_identification:_identify(src/ros-controls/ros2_control/rqt_controller_manager) by extension 'colcon_pkg'
[1.436s] Level 1:colcon.colcon_core.package_identification:_identify(src/ros-controls/ros2_control/rqt_controller_manager) by extensions ['colcon_meta']
[1.436s] Level 1:colcon.colcon_core.package_identification:_identify(src/ros-controls/ros2_control/rqt_controller_manager) by extension 'colcon_meta'
[1.436s] Level 1:colcon.colcon_core.package_identification:_identify(src/ros-controls/ros2_control/rqt_controller_manager) by extensions ['ros']
[1.436s] Level 1:colcon.colcon_core.package_identification:_identify(src/ros-controls/ros2_control/rqt_controller_manager) by extension 'ros'
[1.437s] DEBUG:colcon.colcon_core.package_identification:Package 'src/ros-controls/ros2_control/rqt_controller_manager' with type 'ros.ament_python' and name 'rqt_controller_manager'
[1.437s] Level 1:colcon.colcon_core.package_identification:_identify(src/ros-controls/ros2_control/transmission_interface) by extensions ['ignore', 'ignore_ament_install']
[1.437s] Level 1:colcon.colcon_core.package_identification:_identify(src/ros-controls/ros2_control/transmission_interface) by extension 'ignore'
[1.437s] Level 1:colcon.colcon_core.package_identification:_identify(src/ros-controls/ros2_control/transmission_interface) by extension 'ignore_ament_install'
[1.437s] Level 1:colcon.colcon_core.package_identification:_identify(src/ros-controls/ros2_control/transmission_interface) by extensions ['colcon_pkg']
[1.437s] Level 1:colcon.colcon_core.package_identification:_identify(src/ros-controls/ros2_control/transmission_interface) by extension 'colcon_pkg'
[1.437s] Level 1:colcon.colcon_core.package_identification:_identify(src/ros-controls/ros2_control/transmission_interface) by extensions ['colcon_meta']
[1.437s] Level 1:colcon.colcon_core.package_identification:_identify(src/ros-controls/ros2_control/transmission_interface) by extension 'colcon_meta'
[1.437s] Level 1:colcon.colcon_core.package_identification:_identify(src/ros-controls/ros2_control/transmission_interface) by extensions ['ros']
[1.437s] Level 1:colcon.colcon_core.package_identification:_identify(src/ros-controls/ros2_control/transmission_interface) by extension 'ros'
[1.438s] DEBUG:colcon.colcon_core.package_identification:Package 'src/ros-controls/ros2_control/transmission_interface' with type 'ros.ament_cmake' and name 'transmission_interface'
[1.438s] Level 1:colcon.colcon_core.package_identification:_identify(src/ros-controls/ros2_control_demos) by extensions ['ignore', 'ignore_ament_install']
[1.438s] Level 1:colcon.colcon_core.package_identification:_identify(src/ros-controls/ros2_control_demos) by extension 'ignore'
[1.438s] Level 1:colcon.colcon_core.package_identification:_identify(src/ros-controls/ros2_control_demos) by extension 'ignore_ament_install'
[1.438s] Level 1:colcon.colcon_core.package_identification:_identify(src/ros-controls/ros2_control_demos) by extensions ['colcon_pkg']
[1.438s] Level 1:colcon.colcon_core.package_identification:_identify(src/ros-controls/ros2_control_demos) by extension 'colcon_pkg'
[1.439s] Level 1:colcon.colcon_core.package_identification:_identify(src/ros-controls/ros2_control_demos) by extensions ['colcon_meta']
[1.439s] Level 1:colcon.colcon_core.package_identification:_identify(src/ros-controls/ros2_control_demos) by extension 'colcon_meta'
[1.439s] Level 1:colcon.colcon_core.package_identification:_identify(src/ros-controls/ros2_control_demos) by extensions ['ros']
[1.439s] Level 1:colcon.colcon_core.package_identification:_identify(src/ros-controls/ros2_control_demos) by extension 'ros'
[1.439s] Level 1:colcon.colcon_core.package_identification:_identify(src/ros-controls/ros2_control_demos) by extensions ['cmake', 'python']
[1.439s] Level 1:colcon.colcon_core.package_identification:_identify(src/ros-controls/ros2_control_demos) by extension 'cmake'
[1.439s] Level 1:colcon.colcon_core.package_identification:_identify(src/ros-controls/ros2_control_demos) by extension 'python'
[1.439s] Level 1:colcon.colcon_core.package_identification:_identify(src/ros-controls/ros2_control_demos) by extensions ['python_setup_py']
[1.439s] Level 1:colcon.colcon_core.package_identification:_identify(src/ros-controls/ros2_control_demos) by extension 'python_setup_py'
[1.439s] Level 1:colcon.colcon_core.package_identification:_identify(src/ros-controls/ros2_control_demos/example_7) by extensions ['ignore', 'ignore_ament_install']
[1.439s] Level 1:colcon.colcon_core.package_identification:_identify(src/ros-controls/ros2_control_demos/example_7) by extension 'ignore'
[1.439s] Level 1:colcon.colcon_core.package_identification:_identify(src/ros-controls/ros2_control_demos/example_7) by extension 'ignore_ament_install'
[1.439s] Level 1:colcon.colcon_core.package_identification:_identify(src/ros-controls/ros2_control_demos/example_7) by extensions ['colcon_pkg']
[1.439s] Level 1:colcon.colcon_core.package_identification:_identify(src/ros-controls/ros2_control_demos/example_7) by extension 'colcon_pkg'
[1.439s] Level 1:colcon.colcon_core.package_identification:_identify(src/ros-controls/ros2_control_demos/example_7) by extensions ['colcon_meta']
[1.439s] Level 1:colcon.colcon_core.package_identification:_identify(src/ros-controls/ros2_control_demos/example_7) by extension 'colcon_meta'
[1.439s] Level 1:colcon.colcon_core.package_identification:_identify(src/ros-controls/ros2_control_demos/example_7) by extensions ['ros']
[1.439s] Level 1:colcon.colcon_core.package_identification:_identify(src/ros-controls/ros2_control_demos/example_7) by extension 'ros'
[1.442s] DEBUG:colcon.colcon_core.package_identification:Package 'src/ros-controls/ros2_control_demos/example_7' with type 'ros.ament_cmake' and name 'ros2_control_demo_example_7'
[1.442s] Level 1:colcon.colcon_core.package_identification:_identify(src/ros-controls/ros2_control_demos/ros2_control_demo_description) by extensions ['ignore', 'ignore_ament_install']
[1.442s] Level 1:colcon.colcon_core.package_identification:_identify(src/ros-controls/ros2_control_demos/ros2_control_demo_description) by extension 'ignore'
[1.442s] Level 1:colcon.colcon_core.package_identification:_identify(src/ros-controls/ros2_control_demos/ros2_control_demo_description) by extension 'ignore_ament_install'
[1.442s] Level 1:colcon.colcon_core.package_identification:_identify(src/ros-controls/ros2_control_demos/ros2_control_demo_description) by extensions ['colcon_pkg']
[1.442s] Level 1:colcon.colcon_core.package_identification:_identify(src/ros-controls/ros2_control_demos/ros2_control_demo_description) by extension 'colcon_pkg'
[1.442s] Level 1:colcon.colcon_core.package_identification:_identify(src/ros-controls/ros2_control_demos/ros2_control_demo_description) by extensions ['colcon_meta']
[1.442s] Level 1:colcon.colcon_core.package_identification:_identify(src/ros-controls/ros2_control_demos/ros2_control_demo_description) by extension 'colcon_meta'
[1.442s] Level 1:colcon.colcon_core.package_identification:_identify(src/ros-controls/ros2_control_demos/ros2_control_demo_description) by extensions ['ros']
[1.442s] Level 1:colcon.colcon_core.package_identification:_identify(src/ros-controls/ros2_control_demos/ros2_control_demo_description) by extension 'ros'
[1.443s] DEBUG:colcon.colcon_core.package_identification:Package 'src/ros-controls/ros2_control_demos/ros2_control_demo_description' with type 'ros.ament_cmake' and name 'ros2_control_demo_description'
[1.443s] Level 1:colcon.colcon_core.package_identification:_identify(src/ros-controls/ros2_control_demos/ros2_control_demos) by extensions ['ignore', 'ignore_ament_install']
[1.443s] Level 1:colcon.colcon_core.package_identification:_identify(src/ros-controls/ros2_control_demos/ros2_control_demos) by extension 'ignore'
[1.443s] Level 1:colcon.colcon_core.package_identification:_identify(src/ros-controls/ros2_control_demos/ros2_control_demos) by extension 'ignore_ament_install'
[1.443s] Level 1:colcon.colcon_core.package_identification:_identify(src/ros-controls/ros2_control_demos/ros2_control_demos) by extensions ['colcon_pkg']
[1.443s] Level 1:colcon.colcon_core.package_identification:_identify(src/ros-controls/ros2_control_demos/ros2_control_demos) by extension 'colcon_pkg'
[1.443s] Level 1:colcon.colcon_core.package_identification:_identify(src/ros-controls/ros2_control_demos/ros2_control_demos) by extensions ['colcon_meta']
[1.443s] Level 1:colcon.colcon_core.package_identification:_identify(src/ros-controls/ros2_control_demos/ros2_control_demos) by extension 'colcon_meta'
[1.443s] Level 1:colcon.colcon_core.package_identification:_identify(src/ros-controls/ros2_control_demos/ros2_control_demos) by extensions ['ros']
[1.443s] Level 1:colcon.colcon_core.package_identification:_identify(src/ros-controls/ros2_control_demos/ros2_control_demos) by extension 'ros'
[1.444s] DEBUG:colcon.colcon_core.package_identification:Package 'src/ros-controls/ros2_control_demos/ros2_control_demos' with type 'ros.ament_cmake' and name 'ros2_control_demos'
[1.444s] Level 1:colcon.colcon_core.package_identification:_identify(src/ros-controls/ros2_controllers) by extensions ['ignore', 'ignore_ament_install']
[1.444s] Level 1:colcon.colcon_core.package_identification:_identify(src/ros-controls/ros2_controllers) by extension 'ignore'
[1.444s] Level 1:colcon.colcon_core.package_identification:_identify(src/ros-controls/ros2_controllers) by extension 'ignore_ament_install'
[1.444s] Level 1:colcon.colcon_core.package_identification:_identify(src/ros-controls/ros2_controllers) by extensions ['colcon_pkg']
[1.444s] Level 1:colcon.colcon_core.package_identification:_identify(src/ros-controls/ros2_controllers) by extension 'colcon_pkg'
[1.444s] Level 1:colcon.colcon_core.package_identification:_identify(src/ros-controls/ros2_controllers) by extensions ['colcon_meta']
[1.444s] Level 1:colcon.colcon_core.package_identification:_identify(src/ros-controls/ros2_controllers) by extension 'colcon_meta'
[1.444s] Level 1:colcon.colcon_core.package_identification:_identify(src/ros-controls/ros2_controllers) by extensions ['ros']
[1.444s] Level 1:colcon.colcon_core.package_identification:_identify(src/ros-controls/ros2_controllers) by extension 'ros'
[1.444s] Level 1:colcon.colcon_core.package_identification:_identify(src/ros-controls/ros2_controllers) by extensions ['cmake', 'python']
[1.444s] Level 1:colcon.colcon_core.package_identification:_identify(src/ros-controls/ros2_controllers) by extension 'cmake'
[1.444s] Level 1:colcon.colcon_core.package_identification:_identify(src/ros-controls/ros2_controllers) by extension 'python'
[1.444s] Level 1:colcon.colcon_core.package_identification:_identify(src/ros-controls/ros2_controllers) by extensions ['python_setup_py']
[1.444s] Level 1:colcon.colcon_core.package_identification:_identify(src/ros-controls/ros2_controllers) by extension 'python_setup_py'
[1.444s] Level 1:colcon.colcon_core.package_identification:_identify(src/ros-controls/ros2_controllers/ackermann_steering_controller) by extensions ['ignore', 'ignore_ament_install']
[1.445s] Level 1:colcon.colcon_core.package_identification:_identify(src/ros-controls/ros2_controllers/ackermann_steering_controller) by extension 'ignore'
[1.445s] Level 1:colcon.colcon_core.package_identification:_identify(src/ros-controls/ros2_controllers/ackermann_steering_controller) by extension 'ignore_ament_install'
[1.445s] Level 1:colcon.colcon_core.package_identification:_identify(src/ros-controls/ros2_controllers/ackermann_steering_controller) by extensions ['colcon_pkg']
[1.445s] Level 1:colcon.colcon_core.package_identification:_identify(src/ros-controls/ros2_controllers/ackermann_steering_controller) by extension 'colcon_pkg'
[1.445s] Level 1:colcon.colcon_core.package_identification:_identify(src/ros-controls/ros2_controllers/ackermann_steering_controller) by extensions ['colcon_meta']
[1.445s] Level 1:colcon.colcon_core.package_identification:_identify(src/ros-controls/ros2_controllers/ackermann_steering_controller) by extension 'colcon_meta'
[1.445s] Level 1:colcon.colcon_core.package_identification:_identify(src/ros-controls/ros2_controllers/ackermann_steering_controller) by extensions ['ros']
[1.445s] Level 1:colcon.colcon_core.package_identification:_identify(src/ros-controls/ros2_controllers/ackermann_steering_controller) by extension 'ros'
[1.446s] DEBUG:colcon.colcon_core.package_identification:Package 'src/ros-controls/ros2_controllers/ackermann_steering_controller' with type 'ros.ament_cmake' and name 'ackermann_steering_controller'
[1.446s] Level 1:colcon.colcon_core.package_identification:_identify(src/ros-controls/ros2_controllers/admittance_controller) by extensions ['ignore', 'ignore_ament_install']
[1.446s] Level 1:colcon.colcon_core.package_identification:_identify(src/ros-controls/ros2_controllers/admittance_controller) by extension 'ignore'
[1.446s] Level 1:colcon.colcon_core.package_identification:_identify(src/ros-controls/ros2_controllers/admittance_controller) by extension 'ignore_ament_install'
[1.446s] Level 1:colcon.colcon_core.package_identification:_identify(src/ros-controls/ros2_controllers/admittance_controller) by extensions ['colcon_pkg']
[1.446s] Level 1:colcon.colcon_core.package_identification:_identify(src/ros-controls/ros2_controllers/admittance_controller) by extension 'colcon_pkg'
[1.446s] Level 1:colcon.colcon_core.package_identification:_identify(src/ros-controls/ros2_controllers/admittance_controller) by extensions ['colcon_meta']
[1.446s] Level 1:colcon.colcon_core.package_identification:_identify(src/ros-controls/ros2_controllers/admittance_controller) by extension 'colcon_meta'
[1.446s] Level 1:colcon.colcon_core.package_identification:_identify(src/ros-controls/ros2_controllers/admittance_controller) by extensions ['ros']
[1.446s] Level 1:colcon.colcon_core.package_identification:_identify(src/ros-controls/ros2_controllers/admittance_controller) by extension 'ros'
[1.448s] DEBUG:colcon.colcon_core.package_identification:Package 'src/ros-controls/ros2_controllers/admittance_controller' with type 'ros.ament_cmake' and name 'admittance_controller'
[1.448s] Level 1:colcon.colcon_core.package_identification:_identify(src/ros-controls/ros2_controllers/bicycle_steering_controller) by extensions ['ignore', 'ignore_ament_install']
[1.448s] Level 1:colcon.colcon_core.package_identification:_identify(src/ros-controls/ros2_controllers/bicycle_steering_controller) by extension 'ignore'
[1.448s] Level 1:colcon.colcon_core.package_identification:_identify(src/ros-controls/ros2_controllers/bicycle_steering_controller) by extension 'ignore_ament_install'
[1.448s] Level 1:colcon.colcon_core.package_identification:_identify(src/ros-controls/ros2_controllers/bicycle_steering_controller) by extensions ['colcon_pkg']
[1.448s] Level 1:colcon.colcon_core.package_identification:_identify(src/ros-controls/ros2_controllers/bicycle_steering_controller) by extension 'colcon_pkg'
[1.448s] Level 1:colcon.colcon_core.package_identification:_identify(src/ros-controls/ros2_controllers/bicycle_steering_controller) by extensions ['colcon_meta']
[1.448s] Level 1:colcon.colcon_core.package_identification:_identify(src/ros-controls/ros2_controllers/bicycle_steering_controller) by extension 'colcon_meta'
[1.448s] Level 1:colcon.colcon_core.package_identification:_identify(src/ros-controls/ros2_controllers/bicycle_steering_controller) by extensions ['ros']
[1.449s] Level 1:colcon.colcon_core.package_identification:_identify(src/ros-controls/ros2_controllers/bicycle_steering_controller) by extension 'ros'
[1.449s] DEBUG:colcon.colcon_core.package_identification:Package 'src/ros-controls/ros2_controllers/bicycle_steering_controller' with type 'ros.ament_cmake' and name 'bicycle_steering_controller'
[1.450s] Level 1:colcon.colcon_core.package_identification:_identify(src/ros-controls/ros2_controllers/diff_drive_controller) by extensions ['ignore', 'ignore_ament_install']
[1.450s] Level 1:colcon.colcon_core.package_identification:_identify(src/ros-controls/ros2_controllers/diff_drive_controller) by extension 'ignore'
[1.450s] Level 1:colcon.colcon_core.package_identification:_identify(src/ros-controls/ros2_controllers/diff_drive_controller) by extension 'ignore_ament_install'
[1.450s] Level 1:colcon.colcon_core.package_identification:_identify(src/ros-controls/ros2_controllers/diff_drive_controller) by extensions ['colcon_pkg']
[1.450s] Level 1:colcon.colcon_core.package_identification:_identify(src/ros-controls/ros2_controllers/diff_drive_controller) by extension 'colcon_pkg'
[1.450s] Level 1:colcon.colcon_core.package_identification:_identify(src/ros-controls/ros2_controllers/diff_drive_controller) by extensions ['colcon_meta']
[1.450s] Level 1:colcon.colcon_core.package_identification:_identify(src/ros-controls/ros2_controllers/diff_drive_controller) by extension 'colcon_meta'
[1.450s] Level 1:colcon.colcon_core.package_identification:_identify(src/ros-controls/ros2_controllers/diff_drive_controller) by extensions ['ros']
[1.450s] Level 1:colcon.colcon_core.package_identification:_identify(src/ros-controls/ros2_controllers/diff_drive_controller) by extension 'ros'
[1.451s] DEBUG:colcon.colcon_core.package_identification:Package 'src/ros-controls/ros2_controllers/diff_drive_controller' with type 'ros.ament_cmake' and name 'diff_drive_controller'
[1.451s] Level 1:colcon.colcon_core.package_identification:_identify(src/ros-controls/ros2_controllers/doc) by extensions ['ignore', 'ignore_ament_install']
[1.452s] Level 1:colcon.colcon_core.package_identification:_identify(src/ros-controls/ros2_controllers/doc) by extension 'ignore'
[1.452s] Level 1:colcon.colcon_core.package_identification:_identify(src/ros-controls/ros2_controllers/doc) by extension 'ignore_ament_install'
[1.452s] Level 1:colcon.colcon_core.package_identification:_identify(src/ros-controls/ros2_controllers/doc) by extensions ['colcon_pkg']
[1.452s] Level 1:colcon.colcon_core.package_identification:_identify(src/ros-controls/ros2_controllers/doc) by extension 'colcon_pkg'
[1.452s] Level 1:colcon.colcon_core.package_identification:_identify(src/ros-controls/ros2_controllers/doc) by extensions ['colcon_meta']
[1.452s] Level 1:colcon.colcon_core.package_identification:_identify(src/ros-controls/ros2_controllers/doc) by extension 'colcon_meta'
[1.452s] Level 1:colcon.colcon_core.package_identification:_identify(src/ros-controls/ros2_controllers/doc) by extensions ['ros']
[1.452s] Level 1:colcon.colcon_core.package_identification:_identify(src/ros-controls/ros2_controllers/doc) by extension 'ros'
[1.452s] Level 1:colcon.colcon_core.package_identification:_identify(src/ros-controls/ros2_controllers/doc) by extensions ['cmake', 'python']
[1.452s] Level 1:colcon.colcon_core.package_identification:_identify(src/ros-controls/ros2_controllers/doc) by extension 'cmake'
[1.452s] Level 1:colcon.colcon_core.package_identification:_identify(src/ros-controls/ros2_controllers/doc) by extension 'python'
[1.452s] Level 1:colcon.colcon_core.package_identification:_identify(src/ros-controls/ros2_controllers/doc) by extensions ['python_setup_py']
[1.452s] Level 1:colcon.colcon_core.package_identification:_identify(src/ros-controls/ros2_controllers/doc) by extension 'python_setup_py'
[1.452s] Level 1:colcon.colcon_core.package_identification:_identify(src/ros-controls/ros2_controllers/effort_controllers) by extensions ['ignore', 'ignore_ament_install']
[1.452s] Level 1:colcon.colcon_core.package_identification:_identify(src/ros-controls/ros2_controllers/effort_controllers) by extension 'ignore'
[1.452s] Level 1:colcon.colcon_core.package_identification:_identify(src/ros-controls/ros2_controllers/effort_controllers) by extension 'ignore_ament_install'
[1.452s] Level 1:colcon.colcon_core.package_identification:_identify(src/ros-controls/ros2_controllers/effort_controllers) by extensions ['colcon_pkg']
[1.453s] Level 1:colcon.colcon_core.package_identification:_identify(src/ros-controls/ros2_controllers/effort_controllers) by extension 'colcon_pkg'
[1.453s] Level 1:colcon.colcon_core.package_identification:_identify(src/ros-controls/ros2_controllers/effort_controllers) by extensions ['colcon_meta']
[1.453s] Level 1:colcon.colcon_core.package_identification:_identify(src/ros-controls/ros2_controllers/effort_controllers) by extension 'colcon_meta'
[1.453s] Level 1:colcon.colcon_core.package_identification:_identify(src/ros-controls/ros2_controllers/effort_controllers) by extensions ['ros']
[1.453s] Level 1:colcon.colcon_core.package_identification:_identify(src/ros-controls/ros2_controllers/effort_controllers) by extension 'ros'
[1.454s] DEBUG:colcon.colcon_core.package_identification:Package 'src/ros-controls/ros2_controllers/effort_controllers' with type 'ros.ament_cmake' and name 'effort_controllers'
[1.454s] Level 1:colcon.colcon_core.package_identification:_identify(src/ros-controls/ros2_controllers/force_torque_sensor_broadcaster) by extensions ['ignore', 'ignore_ament_install']
[1.454s] Level 1:colcon.colcon_core.package_identification:_identify(src/ros-controls/ros2_controllers/force_torque_sensor_broadcaster) by extension 'ignore'
[1.455s] Level 1:colcon.colcon_core.package_identification:_identify(src/ros-controls/ros2_controllers/force_torque_sensor_broadcaster) by extension 'ignore_ament_install'
[1.455s] Level 1:colcon.colcon_core.package_identification:_identify(src/ros-controls/ros2_controllers/force_torque_sensor_broadcaster) by extensions ['colcon_pkg']
[1.455s] Level 1:colcon.colcon_core.package_identification:_identify(src/ros-controls/ros2_controllers/force_torque_sensor_broadcaster) by extension 'colcon_pkg'
[1.455s] Level 1:colcon.colcon_core.package_identification:_identify(src/ros-controls/ros2_controllers/force_torque_sensor_broadcaster) by extensions ['colcon_meta']
[1.455s] Level 1:colcon.colcon_core.package_identification:_identify(src/ros-controls/ros2_controllers/force_torque_sensor_broadcaster) by extension 'colcon_meta'
[1.455s] Level 1:colcon.colcon_core.package_identification:_identify(src/ros-controls/ros2_controllers/force_torque_sensor_broadcaster) by extensions ['ros']
[1.455s] Level 1:colcon.colcon_core.package_identification:_identify(src/ros-controls/ros2_controllers/force_torque_sensor_broadcaster) by extension 'ros'
[1.456s] DEBUG:colcon.colcon_core.package_identification:Package 'src/ros-controls/ros2_controllers/force_torque_sensor_broadcaster' with type 'ros.ament_cmake' and name 'force_torque_sensor_broadcaster'
[1.456s] Level 1:colcon.colcon_core.package_identification:_identify(src/ros-controls/ros2_controllers/forward_command_controller) by extensions ['ignore', 'ignore_ament_install']
[1.456s] Level 1:colcon.colcon_core.package_identification:_identify(src/ros-controls/ros2_controllers/forward_command_controller) by extension 'ignore'
[1.456s] Level 1:colcon.colcon_core.package_identification:_identify(src/ros-controls/ros2_controllers/forward_command_controller) by extension 'ignore_ament_install'
[1.456s] Level 1:colcon.colcon_core.package_identification:_identify(src/ros-controls/ros2_controllers/forward_command_controller) by extensions ['colcon_pkg']
[1.456s] Level 1:colcon.colcon_core.package_identification:_identify(src/ros-controls/ros2_controllers/forward_command_controller) by extension 'colcon_pkg'
[1.456s] Level 1:colcon.colcon_core.package_identification:_identify(src/ros-controls/ros2_controllers/forward_command_controller) by extensions ['colcon_meta']
[1.456s] Level 1:colcon.colcon_core.package_identification:_identify(src/ros-controls/ros2_controllers/forward_command_controller) by extension 'colcon_meta'
[1.456s] Level 1:colcon.colcon_core.package_identification:_identify(src/ros-controls/ros2_controllers/forward_command_controller) by extensions ['ros']
[1.456s] Level 1:colcon.colcon_core.package_identification:_identify(src/ros-controls/ros2_controllers/forward_command_controller) by extension 'ros'
[1.457s] DEBUG:colcon.colcon_core.package_identification:Package 'src/ros-controls/ros2_controllers/forward_command_controller' with type 'ros.ament_cmake' and name 'forward_command_controller'
[1.457s] Level 1:colcon.colcon_core.package_identification:_identify(src/ros-controls/ros2_controllers/gripper_controllers) by extensions ['ignore', 'ignore_ament_install']
[1.458s] Level 1:colcon.colcon_core.package_identification:_identify(src/ros-controls/ros2_controllers/gripper_controllers) by extension 'ignore'
[1.458s] Level 1:colcon.colcon_core.package_identification:_identify(src/ros-controls/ros2_controllers/gripper_controllers) by extension 'ignore_ament_install'
[1.458s] Level 1:colcon.colcon_core.package_identification:_identify(src/ros-controls/ros2_controllers/gripper_controllers) by extensions ['colcon_pkg']
[1.458s] Level 1:colcon.colcon_core.package_identification:_identify(src/ros-controls/ros2_controllers/gripper_controllers) by extension 'colcon_pkg'
[1.458s] Level 1:colcon.colcon_core.package_identification:_identify(src/ros-controls/ros2_controllers/gripper_controllers) by extensions ['colcon_meta']
[1.458s] Level 1:colcon.colcon_core.package_identification:_identify(src/ros-controls/ros2_controllers/gripper_controllers) by extension 'colcon_meta'
[1.458s] Level 1:colcon.colcon_core.package_identification:_identify(src/ros-controls/ros2_controllers/gripper_controllers) by extensions ['ros']
[1.458s] Level 1:colcon.colcon_core.package_identification:_identify(src/ros-controls/ros2_controllers/gripper_controllers) by extension 'ros'
[1.459s] DEBUG:colcon.colcon_core.package_identification:Package 'src/ros-controls/ros2_controllers/gripper_controllers' with type 'ros.ament_cmake' and name 'gripper_controllers'
[1.459s] Level 1:colcon.colcon_core.package_identification:_identify(src/ros-controls/ros2_controllers/imu_sensor_broadcaster) by extensions ['ignore', 'ignore_ament_install']
[1.459s] Level 1:colcon.colcon_core.package_identification:_identify(src/ros-controls/ros2_controllers/imu_sensor_broadcaster) by extension 'ignore'
[1.459s] Level 1:colcon.colcon_core.package_identification:_identify(src/ros-controls/ros2_controllers/imu_sensor_broadcaster) by extension 'ignore_ament_install'
[1.459s] Level 1:colcon.colcon_core.package_identification:_identify(src/ros-controls/ros2_controllers/imu_sensor_broadcaster) by extensions ['colcon_pkg']
[1.459s] Level 1:colcon.colcon_core.package_identification:_identify(src/ros-controls/ros2_controllers/imu_sensor_broadcaster) by extension 'colcon_pkg'
[1.459s] Level 1:colcon.colcon_core.package_identification:_identify(src/ros-controls/ros2_controllers/imu_sensor_broadcaster) by extensions ['colcon_meta']
[1.459s] Level 1:colcon.colcon_core.package_identification:_identify(src/ros-controls/ros2_controllers/imu_sensor_broadcaster) by extension 'colcon_meta'
[1.459s] Level 1:colcon.colcon_core.package_identification:_identify(src/ros-controls/ros2_controllers/imu_sensor_broadcaster) by extensions ['ros']
[1.459s] Level 1:colcon.colcon_core.package_identification:_identify(src/ros-controls/ros2_controllers/imu_sensor_broadcaster) by extension 'ros'
[1.460s] DEBUG:colcon.colcon_core.package_identification:Package 'src/ros-controls/ros2_controllers/imu_sensor_broadcaster' with type 'ros.ament_cmake' and name 'imu_sensor_broadcaster'
[1.461s] Level 1:colcon.colcon_core.package_identification:_identify(src/ros-controls/ros2_controllers/joint_state_broadcaster) by extensions ['ignore', 'ignore_ament_install']
[1.461s] Level 1:colcon.colcon_core.package_identification:_identify(src/ros-controls/ros2_controllers/joint_state_broadcaster) by extension 'ignore'
[1.461s] Level 1:colcon.colcon_core.package_identification:_identify(src/ros-controls/ros2_controllers/joint_state_broadcaster) by extension 'ignore_ament_install'
[1.461s] Level 1:colcon.colcon_core.package_identification:_identify(src/ros-controls/ros2_controllers/joint_state_broadcaster) by extensions ['colcon_pkg']
[1.461s] Level 1:colcon.colcon_core.package_identification:_identify(src/ros-controls/ros2_controllers/joint_state_broadcaster) by extension 'colcon_pkg'
[1.461s] Level 1:colcon.colcon_core.package_identification:_identify(src/ros-controls/ros2_controllers/joint_state_broadcaster) by extensions ['colcon_meta']
[1.461s] Level 1:colcon.colcon_core.package_identification:_identify(src/ros-controls/ros2_controllers/joint_state_broadcaster) by extension 'colcon_meta'
[1.461s] Level 1:colcon.colcon_core.package_identification:_identify(src/ros-controls/ros2_controllers/joint_state_broadcaster) by extensions ['ros']
[1.461s] Level 1:colcon.colcon_core.package_identification:_identify(src/ros-controls/ros2_controllers/joint_state_broadcaster) by extension 'ros'
[1.462s] DEBUG:colcon.colcon_core.package_identification:Package 'src/ros-controls/ros2_controllers/joint_state_broadcaster' with type 'ros.ament_cmake' and name 'joint_state_broadcaster'
[1.462s] Level 1:colcon.colcon_core.package_identification:_identify(src/ros-controls/ros2_controllers/joint_trajectory_controller) by extensions ['ignore', 'ignore_ament_install']
[1.462s] Level 1:colcon.colcon_core.package_identification:_identify(src/ros-controls/ros2_controllers/joint_trajectory_controller) by extension 'ignore'
[1.462s] Level 1:colcon.colcon_core.package_identification:_identify(src/ros-controls/ros2_controllers/joint_trajectory_controller) by extension 'ignore_ament_install'
[1.462s] Level 1:colcon.colcon_core.package_identification:_identify(src/ros-controls/ros2_controllers/joint_trajectory_controller) by extensions ['colcon_pkg']
[1.462s] Level 1:colcon.colcon_core.package_identification:_identify(src/ros-controls/ros2_controllers/joint_trajectory_controller) by extension 'colcon_pkg'
[1.462s] Level 1:colcon.colcon_core.package_identification:_identify(src/ros-controls/ros2_controllers/joint_trajectory_controller) by extensions ['colcon_meta']
[1.462s] Level 1:colcon.colcon_core.package_identification:_identify(src/ros-controls/ros2_controllers/joint_trajectory_controller) by extension 'colcon_meta'
[1.462s] Level 1:colcon.colcon_core.package_identification:_identify(src/ros-controls/ros2_controllers/joint_trajectory_controller) by extensions ['ros']
[1.462s] Level 1:colcon.colcon_core.package_identification:_identify(src/ros-controls/ros2_controllers/joint_trajectory_controller) by extension 'ros'
[1.464s] DEBUG:colcon.colcon_core.package_identification:Package 'src/ros-controls/ros2_controllers/joint_trajectory_controller' with type 'ros.ament_cmake' and name 'joint_trajectory_controller'
[1.464s] Level 1:colcon.colcon_core.package_identification:_identify(src/ros-controls/ros2_controllers/position_controllers) by extensions ['ignore', 'ignore_ament_install']
[1.464s] Level 1:colcon.colcon_core.package_identification:_identify(src/ros-controls/ros2_controllers/position_controllers) by extension 'ignore'
[1.464s] Level 1:colcon.colcon_core.package_identification:_identify(src/ros-controls/ros2_controllers/position_controllers) by extension 'ignore_ament_install'
[1.464s] Level 1:colcon.colcon_core.package_identification:_identify(src/ros-controls/ros2_controllers/position_controllers) by extensions ['colcon_pkg']
[1.464s] Level 1:colcon.colcon_core.package_identification:_identify(src/ros-controls/ros2_controllers/position_controllers) by extension 'colcon_pkg'
[1.464s] Level 1:colcon.colcon_core.package_identification:_identify(src/ros-controls/ros2_controllers/position_controllers) by extensions ['colcon_meta']
[1.464s] Level 1:colcon.colcon_core.package_identification:_identify(src/ros-controls/ros2_controllers/position_controllers) by extension 'colcon_meta'
[1.464s] Level 1:colcon.colcon_core.package_identification:_identify(src/ros-controls/ros2_controllers/position_controllers) by extensions ['ros']
[1.464s] Level 1:colcon.colcon_core.package_identification:_identify(src/ros-controls/ros2_controllers/position_controllers) by extension 'ros'
[1.466s] DEBUG:colcon.colcon_core.package_identification:Package 'src/ros-controls/ros2_controllers/position_controllers' with type 'ros.ament_cmake' and name 'position_controllers'
[1.466s] Level 1:colcon.colcon_core.package_identification:_identify(src/ros-controls/ros2_controllers/range_sensor_broadcaster) by extensions ['ignore', 'ignore_ament_install']
[1.466s] Level 1:colcon.colcon_core.package_identification:_identify(src/ros-controls/ros2_controllers/range_sensor_broadcaster) by extension 'ignore'
[1.466s] Level 1:colcon.colcon_core.package_identification:_identify(src/ros-controls/ros2_controllers/range_sensor_broadcaster) by extension 'ignore_ament_install'
[1.466s] Level 1:colcon.colcon_core.package_identification:_identify(src/ros-controls/ros2_controllers/range_sensor_broadcaster) by extensions ['colcon_pkg']
[1.466s] Level 1:colcon.colcon_core.package_identification:_identify(src/ros-controls/ros2_controllers/range_sensor_broadcaster) by extension 'colcon_pkg'
[1.466s] Level 1:colcon.colcon_core.package_identification:_identify(src/ros-controls/ros2_controllers/range_sensor_broadcaster) by extensions ['colcon_meta']
[1.466s] Level 1:colcon.colcon_core.package_identification:_identify(src/ros-controls/ros2_controllers/range_sensor_broadcaster) by extension 'colcon_meta'
[1.466s] Level 1:colcon.colcon_core.package_identification:_identify(src/ros-controls/ros2_controllers/range_sensor_broadcaster) by extensions ['ros']
[1.466s] Level 1:colcon.colcon_core.package_identification:_identify(src/ros-controls/ros2_controllers/range_sensor_broadcaster) by extension 'ros'
[1.467s] DEBUG:colcon.colcon_core.package_identification:Package 'src/ros-controls/ros2_controllers/range_sensor_broadcaster' with type 'ros.ament_cmake' and name 'range_sensor_broadcaster'
[1.468s] Level 1:colcon.colcon_core.package_identification:_identify(src/ros-controls/ros2_controllers/ros2_controllers) by extensions ['ignore', 'ignore_ament_install']
[1.468s] Level 1:colcon.colcon_core.package_identification:_identify(src/ros-controls/ros2_controllers/ros2_controllers) by extension 'ignore'
[1.468s] Level 1:colcon.colcon_core.package_identification:_identify(src/ros-controls/ros2_controllers/ros2_controllers) by extension 'ignore_ament_install'
[1.468s] Level 1:colcon.colcon_core.package_identification:_identify(src/ros-controls/ros2_controllers/ros2_controllers) by extensions ['colcon_pkg']
[1.468s] Level 1:colcon.colcon_core.package_identification:_identify(src/ros-controls/ros2_controllers/ros2_controllers) by extension 'colcon_pkg'
[1.468s] Level 1:colcon.colcon_core.package_identification:_identify(src/ros-controls/ros2_controllers/ros2_controllers) by extensions ['colcon_meta']
[1.468s] Level 1:colcon.colcon_core.package_identification:_identify(src/ros-controls/ros2_controllers/ros2_controllers) by extension 'colcon_meta'
[1.468s] Level 1:colcon.colcon_core.package_identification:_identify(src/ros-controls/ros2_controllers/ros2_controllers) by extensions ['ros']
[1.468s] Level 1:colcon.colcon_core.package_identification:_identify(src/ros-controls/ros2_controllers/ros2_controllers) by extension 'ros'
[1.469s] DEBUG:colcon.colcon_core.package_identification:Package 'src/ros-controls/ros2_controllers/ros2_controllers' with type 'ros.ament_cmake' and name 'ros2_controllers'
[1.469s] Level 1:colcon.colcon_core.package_identification:_identify(src/ros-controls/ros2_controllers/ros2_controllers_test_nodes) by extensions ['ignore', 'ignore_ament_install']
[1.469s] Level 1:colcon.colcon_core.package_identification:_identify(src/ros-controls/ros2_controllers/ros2_controllers_test_nodes) by extension 'ignore'
[1.469s] Level 1:colcon.colcon_core.package_identification:_identify(src/ros-controls/ros2_controllers/ros2_controllers_test_nodes) by extension 'ignore_ament_install'
[1.469s] Level 1:colcon.colcon_core.package_identification:_identify(src/ros-controls/ros2_controllers/ros2_controllers_test_nodes) by extensions ['colcon_pkg']
[1.469s] Level 1:colcon.colcon_core.package_identification:_identify(src/ros-controls/ros2_controllers/ros2_controllers_test_nodes) by extension 'colcon_pkg'
[1.469s] Level 1:colcon.colcon_core.package_identification:_identify(src/ros-controls/ros2_controllers/ros2_controllers_test_nodes) by extensions ['colcon_meta']
[1.469s] Level 1:colcon.colcon_core.package_identification:_identify(src/ros-controls/ros2_controllers/ros2_controllers_test_nodes) by extension 'colcon_meta'
[1.469s] Level 1:colcon.colcon_core.package_identification:_identify(src/ros-controls/ros2_controllers/ros2_controllers_test_nodes) by extensions ['ros']
[1.469s] Level 1:colcon.colcon_core.package_identification:_identify(src/ros-controls/ros2_controllers/ros2_controllers_test_nodes) by extension 'ros'
[1.470s] DEBUG:colcon.colcon_core.package_identification:Package 'src/ros-controls/ros2_controllers/ros2_controllers_test_nodes' with type 'ros.ament_python' and name 'ros2_controllers_test_nodes'
[1.470s] Level 1:colcon.colcon_core.package_identification:_identify(src/ros-controls/ros2_controllers/rqt_joint_trajectory_controller) by extensions ['ignore', 'ignore_ament_install']
[1.470s] Level 1:colcon.colcon_core.package_identification:_identify(src/ros-controls/ros2_controllers/rqt_joint_trajectory_controller) by extension 'ignore'
[1.470s] Level 1:colcon.colcon_core.package_identification:_identify(src/ros-controls/ros2_controllers/rqt_joint_trajectory_controller) by extension 'ignore_ament_install'
[1.470s] Level 1:colcon.colcon_core.package_identification:_identify(src/ros-controls/ros2_controllers/rqt_joint_trajectory_controller) by extensions ['colcon_pkg']
[1.470s] Level 1:colcon.colcon_core.package_identification:_identify(src/ros-controls/ros2_controllers/rqt_joint_trajectory_controller) by extension 'colcon_pkg'
[1.470s] Level 1:colcon.colcon_core.package_identification:_identify(src/ros-controls/ros2_controllers/rqt_joint_trajectory_controller) by extensions ['colcon_meta']
[1.470s] Level 1:colcon.colcon_core.package_identification:_identify(src/ros-controls/ros2_controllers/rqt_joint_trajectory_controller) by extension 'colcon_meta'
[1.470s] Level 1:colcon.colcon_core.package_identification:_identify(src/ros-controls/ros2_controllers/rqt_joint_trajectory_controller) by extensions ['ros']
[1.470s] Level 1:colcon.colcon_core.package_identification:_identify(src/ros-controls/ros2_controllers/rqt_joint_trajectory_controller) by extension 'ros'
[1.471s] DEBUG:colcon.colcon_core.package_identification:Package 'src/ros-controls/ros2_controllers/rqt_joint_trajectory_controller' with type 'ros.ament_python' and name 'rqt_joint_trajectory_controller'
[1.471s] Level 1:colcon.colcon_core.package_identification:_identify(src/ros-controls/ros2_controllers/steering_controllers_library) by extensions ['ignore', 'ignore_ament_install']
[1.471s] Level 1:colcon.colcon_core.package_identification:_identify(src/ros-controls/ros2_controllers/steering_controllers_library) by extension 'ignore'
[1.471s] Level 1:colcon.colcon_core.package_identification:_identify(src/ros-controls/ros2_controllers/steering_controllers_library) by extension 'ignore_ament_install'
[1.471s] Level 1:colcon.colcon_core.package_identification:_identify(src/ros-controls/ros2_controllers/steering_controllers_library) by extensions ['colcon_pkg']
[1.471s] Level 1:colcon.colcon_core.package_identification:_identify(src/ros-controls/ros2_controllers/steering_controllers_library) by extension 'colcon_pkg'
[1.471s] Level 1:colcon.colcon_core.package_identification:_identify(src/ros-controls/ros2_controllers/steering_controllers_library) by extensions ['colcon_meta']
[1.471s] Level 1:colcon.colcon_core.package_identification:_identify(src/ros-controls/ros2_controllers/steering_controllers_library) by extension 'colcon_meta'
[1.471s] Level 1:colcon.colcon_core.package_identification:_identify(src/ros-controls/ros2_controllers/steering_controllers_library) by extensions ['ros']
[1.471s] Level 1:colcon.colcon_core.package_identification:_identify(src/ros-controls/ros2_controllers/steering_controllers_library) by extension 'ros'
[1.473s] DEBUG:colcon.colcon_core.package_identification:Package 'src/ros-controls/ros2_controllers/steering_controllers_library' with type 'ros.ament_cmake' and name 'steering_controllers_library'
[1.473s] Level 1:colcon.colcon_core.package_identification:_identify(src/ros-controls/ros2_controllers/tricycle_controller) by extensions ['ignore', 'ignore_ament_install']
[1.473s] Level 1:colcon.colcon_core.package_identification:_identify(src/ros-controls/ros2_controllers/tricycle_controller) by extension 'ignore'
[1.473s] Level 1:colcon.colcon_core.package_identification:_identify(src/ros-controls/ros2_controllers/tricycle_controller) by extension 'ignore_ament_install'
[1.473s] Level 1:colcon.colcon_core.package_identification:_identify(src/ros-controls/ros2_controllers/tricycle_controller) by extensions ['colcon_pkg']
[1.473s] Level 1:colcon.colcon_core.package_identification:_identify(src/ros-controls/ros2_controllers/tricycle_controller) by extension 'colcon_pkg'
[1.473s] Level 1:colcon.colcon_core.package_identification:_identify(src/ros-controls/ros2_controllers/tricycle_controller) by extensions ['colcon_meta']
[1.473s] Level 1:colcon.colcon_core.package_identification:_identify(src/ros-controls/ros2_controllers/tricycle_controller) by extension 'colcon_meta'
[1.473s] Level 1:colcon.colcon_core.package_identification:_identify(src/ros-controls/ros2_controllers/tricycle_controller) by extensions ['ros']
[1.473s] Level 1:colcon.colcon_core.package_identification:_identify(src/ros-controls/ros2_controllers/tricycle_controller) by extension 'ros'
[1.474s] DEBUG:colcon.colcon_core.package_identification:Package 'src/ros-controls/ros2_controllers/tricycle_controller' with type 'ros.ament_cmake' and name 'tricycle_controller'
[1.475s] Level 1:colcon.colcon_core.package_identification:_identify(src/ros-controls/ros2_controllers/tricycle_steering_controller) by extensions ['ignore', 'ignore_ament_install']
[1.475s] Level 1:colcon.colcon_core.package_identification:_identify(src/ros-controls/ros2_controllers/tricycle_steering_controller) by extension 'ignore'
[1.475s] Level 1:colcon.colcon_core.package_identification:_identify(src/ros-controls/ros2_controllers/tricycle_steering_controller) by extension 'ignore_ament_install'
[1.475s] Level 1:colcon.colcon_core.package_identification:_identify(src/ros-controls/ros2_controllers/tricycle_steering_controller) by extensions ['colcon_pkg']
[1.475s] Level 1:colcon.colcon_core.package_identification:_identify(src/ros-controls/ros2_controllers/tricycle_steering_controller) by extension 'colcon_pkg'
[1.475s] Level 1:colcon.colcon_core.package_identification:_identify(src/ros-controls/ros2_controllers/tricycle_steering_controller) by extensions ['colcon_meta']
[1.475s] Level 1:colcon.colcon_core.package_identification:_identify(src/ros-controls/ros2_controllers/tricycle_steering_controller) by extension 'colcon_meta'
[1.475s] Level 1:colcon.colcon_core.package_identification:_identify(src/ros-controls/ros2_controllers/tricycle_steering_controller) by extensions ['ros']
[1.475s] Level 1:colcon.colcon_core.package_identification:_identify(src/ros-controls/ros2_controllers/tricycle_steering_controller) by extension 'ros'
[1.476s] DEBUG:colcon.colcon_core.package_identification:Package 'src/ros-controls/ros2_controllers/tricycle_steering_controller' with type 'ros.ament_cmake' and name 'tricycle_steering_controller'
[1.477s] Level 1:colcon.colcon_core.package_identification:_identify(src/ros-controls/ros2_controllers/velocity_controllers) by extensions ['ignore', 'ignore_ament_install']
[1.477s] Level 1:colcon.colcon_core.package_identification:_identify(src/ros-controls/ros2_controllers/velocity_controllers) by extension 'ignore'
[1.477s] Level 1:colcon.colcon_core.package_identification:_identify(src/ros-controls/ros2_controllers/velocity_controllers) by extension 'ignore_ament_install'
[1.477s] Level 1:colcon.colcon_core.package_identification:_identify(src/ros-controls/ros2_controllers/velocity_controllers) by extensions ['colcon_pkg']
[1.477s] Level 1:colcon.colcon_core.package_identification:_identify(src/ros-controls/ros2_controllers/velocity_controllers) by extension 'colcon_pkg'
[1.477s] Level 1:colcon.colcon_core.package_identification:_identify(src/ros-controls/ros2_controllers/velocity_controllers) by extensions ['colcon_meta']
[1.477s] Level 1:colcon.colcon_core.package_identification:_identify(src/ros-controls/ros2_controllers/velocity_controllers) by extension 'colcon_meta'
[1.477s] Level 1:colcon.colcon_core.package_identification:_identify(src/ros-controls/ros2_controllers/velocity_controllers) by extensions ['ros']
[1.477s] Level 1:colcon.colcon_core.package_identification:_identify(src/ros-controls/ros2_controllers/velocity_controllers) by extension 'ros'
[1.478s] DEBUG:colcon.colcon_core.package_identification:Package 'src/ros-controls/ros2_controllers/velocity_controllers' with type 'ros.ament_cmake' and name 'velocity_controllers'
[1.478s] Level 1:colcon.colcon_core.package_identification:_identify(src/ruka) by extensions ['ignore', 'ignore_ament_install']
[1.478s] Level 1:colcon.colcon_core.package_identification:_identify(src/ruka) by extension 'ignore'
[1.478s] Level 1:colcon.colcon_core.package_identification:_identify(src/ruka) by extension 'ignore_ament_install'
[1.478s] Level 1:colcon.colcon_core.package_identification:_identify(src/ruka) by extensions ['colcon_pkg']
[1.478s] Level 1:colcon.colcon_core.package_identification:_identify(src/ruka) by extension 'colcon_pkg'
[1.478s] Level 1:colcon.colcon_core.package_identification:_identify(src/ruka) by extensions ['colcon_meta']
[1.478s] Level 1:colcon.colcon_core.package_identification:_identify(src/ruka) by extension 'colcon_meta'
[1.478s] Level 1:colcon.colcon_core.package_identification:_identify(src/ruka) by extensions ['ros']
[1.478s] Level 1:colcon.colcon_core.package_identification:_identify(src/ruka) by extension 'ros'
[1.480s] DEBUG:colcon.colcon_core.package_identification:Package 'src/ruka' with type 'ros.ament_cmake' and name 'ruka'
[1.480s] Level 1:colcon.colcon_core.package_discovery:discover_packages(recursive) using defaults
[1.480s] Level 1:colcon.colcon_core.package_discovery:discover_packages(ignore) discover
[1.480s] Level 1:colcon.colcon_core.package_discovery:discover_packages(ignore) using defaults
[1.480s] Level 1:colcon.colcon_core.package_discovery:discover_packages(path) discover
[1.480s] Level 1:colcon.colcon_core.package_discovery:discover_packages(path) using defaults
[1.562s] INFO:colcon.colcon_core.package_selection:Skipping not selected package 'control_msgs' in 'src/ros-controls/control_msgs/control_msgs'
[1.562s] INFO:colcon.colcon_core.package_selection:Skipping not selected package 'controller_manager_msgs' in 'src/ros-controls/ros2_control/controller_manager_msgs'
[1.562s] INFO:colcon.colcon_core.package_selection:Skipping not selected package 'joint_limits' in 'src/ros-controls/ros2_control/joint_limits'
[1.562s] INFO:colcon.colcon_core.package_selection:Skipping not selected package 'kinematics_interface' in 'src/ros-controls/kinematics_interface/kinematics_interface'
[1.562s] INFO:colcon.colcon_core.package_selection:Skipping not selected package 'realtime_tools' in 'src/ros-controls/realtime_tools'
[1.562s] INFO:colcon.colcon_core.package_selection:Skipping not selected package 'ros2_control_demo_description' in 'src/ros-controls/ros2_control_demos/ros2_control_demo_description'
[1.562s] INFO:colcon.colcon_core.package_selection:Skipping not selected package 'ros2_control_test_assets' in 'src/ros-controls/ros2_control/ros2_control_test_assets'
[1.562s] INFO:colcon.colcon_core.package_selection:Skipping not selected package 'ros2_controllers_test_nodes' in 'src/ros-controls/ros2_controllers/ros2_controllers_test_nodes'
[1.562s] INFO:colcon.colcon_core.package_selection:Skipping not selected package 'control_toolbox' in 'src/ros-controls/control_toolbox'
[1.562s] INFO:colcon.colcon_core.package_selection:Skipping not selected package 'hardware_interface' in 'src/ros-controls/ros2_control/hardware_interface'
[1.562s] INFO:colcon.colcon_core.package_selection:Skipping not selected package 'kinematics_interface_kdl' in 'src/ros-controls/kinematics_interface/kinematics_interface_kdl'
[1.563s] INFO:colcon.colcon_core.package_selection:Skipping not selected package 'r_t' in 'src/r_t'
[1.563s] INFO:colcon.colcon_core.package_selection:Skipping not selected package 'rqt_controller_manager' in 'src/ros-controls/ros2_control/rqt_controller_manager'
[1.563s] INFO:colcon.colcon_core.package_selection:Skipping not selected package 'rqt_joint_trajectory_controller' in 'src/ros-controls/ros2_controllers/rqt_joint_trajectory_controller'
[1.563s] INFO:colcon.colcon_core.package_selection:Skipping not selected package 'controller_interface' in 'src/ros-controls/ros2_control/controller_interface'
[1.563s] INFO:colcon.colcon_core.package_selection:Skipping not selected package 'transmission_interface' in 'src/ros-controls/ros2_control/transmission_interface'
[1.563s] INFO:colcon.colcon_core.package_selection:Skipping not selected package 'controller_manager' in 'src/ros-controls/ros2_control/controller_manager'
[1.563s] INFO:colcon.colcon_core.package_selection:Skipping not selected package 'diff_drive_controller' in 'src/ros-controls/ros2_controllers/diff_drive_controller'
[1.563s] INFO:colcon.colcon_core.package_selection:Skipping not selected package 'force_torque_sensor_broadcaster' in 'src/ros-controls/ros2_controllers/force_torque_sensor_broadcaster'
[1.563s] INFO:colcon.colcon_core.package_selection:Skipping not selected package 'forward_command_controller' in 'src/ros-controls/ros2_controllers/forward_command_controller'
[1.563s] INFO:colcon.colcon_core.package_selection:Skipping not selected package 'gripper_controllers' in 'src/ros-controls/ros2_controllers/gripper_controllers'
[1.563s] INFO:colcon.colcon_core.package_selection:Skipping not selected package 'imu_sensor_broadcaster' in 'src/ros-controls/ros2_controllers/imu_sensor_broadcaster'
[1.563s] INFO:colcon.colcon_core.package_selection:Skipping not selected package 'joint_state_broadcaster' in 'src/ros-controls/ros2_controllers/joint_state_broadcaster'
[1.563s] INFO:colcon.colcon_core.package_selection:Skipping not selected package 'joint_trajectory_controller' in 'src/ros-controls/ros2_controllers/joint_trajectory_controller'
[1.563s] INFO:colcon.colcon_core.package_selection:Skipping not selected package 'range_sensor_broadcaster' in 'src/ros-controls/ros2_controllers/range_sensor_broadcaster'
[1.563s] INFO:colcon.colcon_core.package_selection:Skipping not selected package 'ros2controlcli' in 'src/ros-controls/ros2_control/ros2controlcli'
[1.563s] INFO:colcon.colcon_core.package_selection:Skipping not selected package 'steering_controllers_library' in 'src/ros-controls/ros2_controllers/steering_controllers_library'
[1.563s] INFO:colcon.colcon_core.package_selection:Skipping not selected package 'tricycle_controller' in 'src/ros-controls/ros2_controllers/tricycle_controller'
[1.563s] INFO:colcon.colcon_core.package_selection:Skipping not selected package 'ackermann_steering_controller' in 'src/ros-controls/ros2_controllers/ackermann_steering_controller'
[1.563s] INFO:colcon.colcon_core.package_selection:Skipping not selected package 'admittance_controller' in 'src/ros-controls/ros2_controllers/admittance_controller'
[1.563s] INFO:colcon.colcon_core.package_selection:Skipping not selected package 'bicycle_steering_controller' in 'src/ros-controls/ros2_controllers/bicycle_steering_controller'
[1.563s] INFO:colcon.colcon_core.package_selection:Skipping not selected package 'effort_controllers' in 'src/ros-controls/ros2_controllers/effort_controllers'
[1.563s] INFO:colcon.colcon_core.package_selection:Skipping not selected package 'position_controllers' in 'src/ros-controls/ros2_controllers/position_controllers'
[1.564s] INFO:colcon.colcon_core.package_selection:Skipping not selected package 'ros2_control' in 'src/ros-controls/ros2_control/ros2_control'
[1.564s] INFO:colcon.colcon_core.package_selection:Skipping not selected package 'ros2_control_demo_example_7' in 'src/ros-controls/ros2_control_demos/example_7'
[1.564s] INFO:colcon.colcon_core.package_selection:Skipping not selected package 'tricycle_steering_controller' in 'src/ros-controls/ros2_controllers/tricycle_steering_controller'
[1.564s] INFO:colcon.colcon_core.package_selection:Skipping not selected package 'velocity_controllers' in 'src/ros-controls/ros2_controllers/velocity_controllers'
[1.564s] INFO:colcon.colcon_core.package_selection:Skipping not selected package 'ros2_control_demos' in 'src/ros-controls/ros2_control_demos/ros2_control_demos'
[1.564s] INFO:colcon.colcon_core.package_selection:Skipping not selected package 'ros2_controllers' in 'src/ros-controls/ros2_controllers/ros2_controllers'
[1.594s] Level 1:colcon.colcon_core.package_discovery:discover_packages(prefix_path) check parameters
[1.594s] Level 1:colcon.colcon_core.package_discovery:discover_packages(prefix_path) discover
[1.611s] WARNING:colcon.colcon_core.prefix_path.colcon:The path '/home/nata/ws_ruka/ros2_control_demos/install' in the environment variable COLCON_PREFIX_PATH doesn't exist
[1.612s] WARNING:colcon.colcon_ros.prefix_path.ament:The path '/home/nata/ws_ruka/ros2_control_demos/install/ros2_control_demos' in the environment variable AMENT_PREFIX_PATH doesn't exist
[1.612s] WARNING:colcon.colcon_ros.prefix_path.ament:The path '/home/nata/ws_ruka/ros2_control_demos/install/ros2_control_demo_example_7' in the environment variable AMENT_PREFIX_PATH doesn't exist
[1.612s] WARNING:colcon.colcon_ros.prefix_path.ament:The path '/home/nata/ws_ruka/ros2_control_demos/install/ros2_control_demo_description' in the environment variable AMENT_PREFIX_PATH doesn't exist
[1.612s] WARNING:colcon.colcon_ros.prefix_path.catkin:The path '/home/nata/ws_ruka/ros2_control_demos/install/ros2_control_demos' in the environment variable CMAKE_PREFIX_PATH doesn't exist
[1.612s] WARNING:colcon.colcon_ros.prefix_path.catkin:The path '/home/nata/ws_ruka/ros2_control_demos/install/ros2_control_demo_example_7' in the environment variable CMAKE_PREFIX_PATH doesn't exist
[1.612s] WARNING:colcon.colcon_ros.prefix_path.catkin:The path '/home/nata/ws_ruka/ros2_control_demos/install/ros2_control_demo_description' in the environment variable CMAKE_PREFIX_PATH doesn't exist
[1.630s] DEBUG:colcon.colcon_installed_package_information.package_discovery:Found 13 installed packages in /home/nata/ws_ruka/install
[1.646s] DEBUG:colcon.colcon_installed_package_information.package_discovery:Found 2 installed packages in /home/nata/ws_vr/install
[1.664s] DEBUG:colcon.colcon_installed_package_information.package_discovery:Found 349 installed packages in /opt/ros/humble
[1.666s] Level 1:colcon.colcon_core.package_discovery:discover_packages(prefix_path) using defaults
[1.767s] Level 5:colcon.colcon_core.verb:set package 'ruka' build argument 'cmake_args' from command line to 'None'
[1.767s] Level 5:colcon.colcon_core.verb:set package 'ruka' build argument 'cmake_target' from command line to 'None'
[1.767s] Level 5:colcon.colcon_core.verb:set package 'ruka' build argument 'cmake_target_skip_unavailable' from command line to 'False'
[1.767s] Level 5:colcon.colcon_core.verb:set package 'ruka' build argument 'cmake_clean_cache' from command line to 'False'
[1.767s] Level 5:colcon.colcon_core.verb:set package 'ruka' build argument 'cmake_clean_first' from command line to 'False'
[1.767s] Level 5:colcon.colcon_core.verb:set package 'ruka' build argument 'cmake_force_configure' from command line to 'False'
[1.767s] Level 5:colcon.colcon_core.verb:set package 'ruka' build argument 'ament_cmake_args' from command line to 'None'
[1.767s] Level 5:colcon.colcon_core.verb:set package 'ruka' build argument 'catkin_cmake_args' from command line to 'None'
[1.767s] Level 5:colcon.colcon_core.verb:set package 'ruka' build argument 'catkin_skip_building_tests' from command line to 'False'
[1.767s] DEBUG:colcon.colcon_core.verb:Building package 'ruka' with the following arguments: {'ament_cmake_args': None, 'build_base': '/home/nata/ws_ruka/build/ruka', 'catkin_cmake_args': None, 'catkin_skip_building_tests': False, 'cmake_args': None, 'cmake_clean_cache': False, 'cmake_clean_first': False, 'cmake_force_configure': False, 'cmake_target': None, 'cmake_target_skip_unavailable': False, 'install_base': '/home/nata/ws_ruka/install/ruka', 'merge_install': False, 'path': '/home/nata/ws_ruka/src/ruka', 'symlink_install': False, 'test_result_base': None}
[1.783s] INFO:colcon.colcon_core.executor:Executing jobs using 'parallel' executor
[1.799s] DEBUG:colcon.colcon_parallel_executor.executor.parallel:run_until_complete
[1.799s] INFO:colcon.colcon_ros.task.ament_cmake.build:Building ROS package in '/home/nata/ws_ruka/src/ruka' with build type 'ament_cmake'
[1.800s] INFO:colcon.colcon_cmake.task.cmake.build:Building CMake package in '/home/nata/ws_ruka/src/ruka'
[1.821s] INFO:colcon.colcon_core.plugin_system:Skipping extension 'colcon_core.shell.bat': Not used on non-Windows systems
[1.821s] INFO:colcon.colcon_core.shell:Skip shell extension 'powershell' for command environment: Not usable outside of PowerShell
[1.821s] DEBUG:colcon.colcon_core.shell:Skip shell extension 'dsv' for command environment
[1.889s] ERROR:colcon.colcon_cmake.task.cmake.build:Failed to find the following files:
- /home/nata/ws_ruka/install/ros2_control_demo_description/share/ros2_control_demo_description/package.sh
Check that the following packages have been built:
- ros2_control_demo_description
[1.942s] Level 1:colcon.colcon_core.environment:create_environment_scripts_only(ruka)
[1.959s] Level 1:colcon.colcon_core.environment:checking '/home/nata/ws_ruka/install/ruka' for CMake module files
[1.960s] Level 1:colcon.colcon_core.environment:checking '/home/nata/ws_ruka/install/ruka' for CMake config files
[1.960s] Level 1:colcon.colcon_core.shell:create_environment_hook('ruka', 'cmake_prefix_path')
[1.975s] INFO:colcon.colcon_core.shell:Creating environment hook '/home/nata/ws_ruka/install/ruka/share/ruka/hook/cmake_prefix_path.ps1'
[1.976s] INFO:colcon.colcon_core.shell:Creating environment descriptor '/home/nata/ws_ruka/install/ruka/share/ruka/hook/cmake_prefix_path.dsv'
[1.976s] INFO:colcon.colcon_core.shell:Creating environment hook '/home/nata/ws_ruka/install/ruka/share/ruka/hook/cmake_prefix_path.sh'
[1.978s] Level 1:colcon.colcon_core.environment:checking '/home/nata/ws_ruka/install/ruka/lib'
[1.978s] Level 1:colcon.colcon_core.shell:create_environment_hook('ruka', 'ld_library_path_lib')
[1.992s] INFO:colcon.colcon_core.shell:Creating environment hook '/home/nata/ws_ruka/install/ruka/share/ruka/hook/ld_library_path_lib.ps1'
[1.993s] INFO:colcon.colcon_core.shell:Creating environment descriptor '/home/nata/ws_ruka/install/ruka/share/ruka/hook/ld_library_path_lib.dsv'
[1.994s] INFO:colcon.colcon_core.shell:Creating environment hook '/home/nata/ws_ruka/install/ruka/share/ruka/hook/ld_library_path_lib.sh'
[1.995s] Level 1:colcon.colcon_core.environment:checking '/home/nata/ws_ruka/install/ruka/bin'
[1.995s] Level 1:colcon.colcon_core.environment:checking '/home/nata/ws_ruka/install/ruka/lib/pkgconfig/ruka.pc'
[1.995s] Level 1:colcon.colcon_core.environment:checking '/home/nata/ws_ruka/install/ruka/lib/python3.10/site-packages'
[1.995s] Level 1:colcon.colcon_core.environment:checking '/home/nata/ws_ruka/install/ruka/bin'
[2.011s] INFO:colcon.colcon_core.shell:Creating package script '/home/nata/ws_ruka/install/ruka/share/ruka/package.ps1'
[2.013s] INFO:colcon.colcon_core.shell:Creating package descriptor '/home/nata/ws_ruka/install/ruka/share/ruka/package.dsv'
[2.015s] INFO:colcon.colcon_core.shell:Creating package script '/home/nata/ws_ruka/install/ruka/share/ruka/package.sh'
[2.016s] INFO:colcon.colcon_core.shell:Creating package script '/home/nata/ws_ruka/install/ruka/share/ruka/package.bash'
[2.018s] INFO:colcon.colcon_core.shell:Creating package script '/home/nata/ws_ruka/install/ruka/share/ruka/package.zsh'
[2.019s] Level 1:colcon.colcon_core.environment:create_file_with_runtime_dependencies(/home/nata/ws_ruka/install/ruka/share/colcon-core/packages/ruka)
[2.030s] DEBUG:colcon.colcon_parallel_executor.executor.parallel:closing loop
[2.031s] DEBUG:colcon.colcon_parallel_executor.executor.parallel:loop closed
[2.031s] DEBUG:colcon.colcon_parallel_executor.executor.parallel:run_until_complete finished with '1'
[2.031s] DEBUG:colcon.colcon_core.event_reactor:joining thread
[2.054s] INFO:colcon.colcon_core.plugin_system:Skipping extension 'colcon_notification.desktop_notification.terminal_notifier': Not used on non-Darwin systems
[2.054s] INFO:colcon.colcon_core.plugin_system:Skipping extension 'colcon_notification.desktop_notification.win32': Not used on non-Windows systems
[2.054s] INFO:colcon.colcon_notification.desktop_notification:Sending desktop notification using 'notify2'
[2.072s] DEBUG:colcon.colcon_core.event_reactor:joined thread
[2.088s] INFO:colcon.colcon_core.shell:Creating prefix script '/home/nata/ws_ruka/install/local_setup.ps1'
[2.089s] INFO:colcon.colcon_core.shell:Creating prefix util module '/home/nata/ws_ruka/install/_local_setup_util_ps1.py'
[2.091s] INFO:colcon.colcon_core.shell:Creating prefix chain script '/home/nata/ws_ruka/install/setup.ps1'
[2.108s] INFO:colcon.colcon_core.shell:Creating prefix script '/home/nata/ws_ruka/install/local_setup.sh'
[2.109s] INFO:colcon.colcon_core.shell:Creating prefix util module '/home/nata/ws_ruka/install/_local_setup_util_sh.py'
[2.110s] INFO:colcon.colcon_core.shell:Creating prefix chain script '/home/nata/ws_ruka/install/setup.sh'
[2.129s] INFO:colcon.colcon_core.shell:Creating prefix script '/home/nata/ws_ruka/install/local_setup.bash'
[2.130s] INFO:colcon.colcon_core.shell:Creating prefix chain script '/home/nata/ws_ruka/install/setup.bash'
[2.148s] INFO:colcon.colcon_core.shell:Creating prefix script '/home/nata/ws_ruka/install/local_setup.zsh'
[2.149s] INFO:colcon.colcon_core.shell:Creating prefix chain script '/home/nata/ws_ruka/install/setup.zsh'
