[0.000000] (-) TimerEvent: {}
[0.000748] (-) JobUnselected: {'identifier': 'ackermann_steering_controller'}
[0.000834] (-) JobUnselected: {'identifier': 'admittance_controller'}
[0.000890] (-) JobUnselected: {'identifier': 'bicycle_steering_controller'}
[0.000915] (-) JobUnselected: {'identifier': 'control_msgs'}
[0.000937] (-) JobUnselected: {'identifier': 'control_toolbox'}
[0.001238] (-) JobUnselected: {'identifier': 'controller_interface'}
[0.001308] (-) JobUnselected: {'identifier': 'controller_manager'}
[0.001379] (-) JobUnselected: {'identifier': 'controller_manager_msgs'}
[0.001404] (-) JobUnselected: {'identifier': 'diff_drive_controller'}
[0.001425] (-) JobUnselected: {'identifier': 'effort_controllers'}
[0.001505] (-) JobUnselected: {'identifier': 'force_torque_sensor_broadcaster'}
[0.001600] (-) JobUnselected: {'identifier': 'forward_command_controller'}
[0.001674] (-) JobUnselected: {'identifier': 'gripper_controllers'}
[0.001729] (-) JobUnselected: {'identifier': 'hardware_interface'}
[0.001754] (-) JobUnselected: {'identifier': 'imu_sensor_broadcaster'}
[0.001775] (-) JobUnselected: {'identifier': 'joint_limits'}
[0.001828] (-) JobUnselected: {'identifier': 'joint_state_broadcaster'}
[0.001878] (-) JobUnselected: {'identifier': 'joint_trajectory_controller'}
[0.001902] (-) JobUnselected: {'identifier': 'kinematics_interface'}
[0.002208] (-) JobUnselected: {'identifier': 'kinematics_interface_kdl'}
[0.002281] (-) JobUnselected: {'identifier': 'position_controllers'}
[0.002336] (-) JobUnselected: {'identifier': 'r_t'}
[0.002360] (-) JobUnselected: {'identifier': 'range_sensor_broadcaster'}
[0.002409] (-) JobUnselected: {'identifier': 'realtime_tools'}
[0.002460] (-) JobUnselected: {'identifier': 'ros2_control'}
[0.002528] (-) JobUnselected: {'identifier': 'ros2_control_demo_description'}
[0.002552] (-) JobUnselected: {'identifier': 'ros2_control_demo_example_7'}
[0.002575] (-) JobUnselected: {'identifier': 'ros2_control_demos'}
[0.002625] (-) JobUnselected: {'identifier': 'ros2_control_test_assets'}
[0.002649] (-) JobUnselected: {'identifier': 'ros2_controllers'}
[0.003993] (-) JobUnselected: {'identifier': 'ros2_controllers_test_nodes'}
[0.004071] (-) JobUnselected: {'identifier': 'ros2controlcli'}
[0.004125] (-) JobUnselected: {'identifier': 'rqt_controller_manager'}
[0.004150] (-) JobUnselected: {'identifier': 'rqt_joint_trajectory_controller'}
[0.004170] (-) JobUnselected: {'identifier': 'steering_controllers_library'}
[0.004221] (-) JobUnselected: {'identifier': 'transmission_interface'}
[0.004244] (-) JobUnselected: {'identifier': 'tricycle_controller'}
[0.004745] (-) JobUnselected: {'identifier': 'tricycle_steering_controller'}
[0.004818] (-) JobUnselected: {'identifier': 'velocity_controllers'}
[0.004878] (ruka) JobQueued: {'identifier': 'ruka', 'dependencies': OrderedDict([('control_msgs', '/home/nata/ws_ruka/install/control_msgs'), ('controller_manager_msgs', '/home/nata/ws_ruka/install/controller_manager_msgs'), ('realtime_tools', '/home/nata/ws_ruka/install/realtime_tools'), ('ros2_control_demo_description', '/home/nata/ws_ruka/install/ros2_control_demo_description'), ('ros2_control_test_assets', '/home/nata/ws_ruka/install/ros2_control_test_assets'), ('hardware_interface', '/home/nata/ws_ruka/install/hardware_interface'), ('r_t', '/home/nata/ws_ruka/install/r_t'), ('controller_interface', '/home/nata/ws_ruka/install/controller_interface'), ('controller_manager', '/home/nata/ws_ruka/install/controller_manager'), ('joint_state_broadcaster', '/home/nata/ws_ruka/install/joint_state_broadcaster'), ('ros2controlcli', '/home/nata/ws_ruka/install/ros2controlcli')])}
[0.004990] (ruka) JobStarted: {'identifier': 'ruka'}
[0.097639] (-) TimerEvent: {}
[0.199798] (-) TimerEvent: {}
[0.300817] (-) TimerEvent: {}
[0.334231] (ruka) JobEnded: {'identifier': 'ruka', 'rc': 1}
[0.345799] (-) EventReactorShutdown: {}
