[2.098s] DEBUG:colcon:Command line arguments: ['/usr/bin/colcon', 'build', '--packages-select', 'ruka']
[2.098s] DEBUG:colcon:Parsed command line arguments: Namespace(log_base=None, log_level=None, verb_name='build', build_base='build', install_base='install', merge_install=False, symlink_install=False, test_result_base=None, continue_on_error=False, executor='parallel', parallel_workers=8, event_handlers=None, ignore_user_meta=False, metas=['./colcon.meta'], base_paths=['.'], packages_ignore=None, packages_ignore_regex=None, paths=None, packages_up_to=None, packages_up_to_regex=None, packages_above=None, packages_above_and_dependencies=None, packages_above_depth=None, packages_select_by_dep=None, packages_skip_by_dep=None, packages_skip_up_to=None, packages_select_build_failed=False, packages_skip_build_finished=False, packages_select_test_failures=False, packages_skip_test_passed=False, packages_select=['ruka'], packages_skip=None, packages_select_regex=None, packages_skip_regex=None, packages_start=None, packages_end=None, allow_overriding=[], cmake_args=None, cmake_target=None, cmake_target_skip_unavailable=False, cmake_clean_cache=False, cmake_clean_first=False, cmake_force_configure=False, ament_cmake_args=None, catkin_cmake_args=None, catkin_skip_building_tests=False, mixin_files=None, mixin=None, verb_parser=<colcon_mixin.mixin.mixin_argument.MixinArgumentDecorator object at 0x7fcd00132950>, verb_extension=<colcon_core.verb.build.BuildVerb object at 0x7fcd003ea110>, main=<bound method BuildVerb.main of <colcon_core.verb.build.BuildVerb object at 0x7fcd003ea110>>, mixin_verb=('build',))
[2.190s] Level 1:colcon.colcon_core.package_discovery:discover_packages(colcon_meta) check parameters
[2.190s] Level 1:colcon.colcon_core.package_discovery:discover_packages(recursive) check parameters
[2.190s] Level 1:colcon.colcon_core.package_discovery:discover_packages(ignore) check parameters
[2.190s] Level 1:colcon.colcon_core.package_discovery:discover_packages(path) check parameters
[2.190s] Level 1:colcon.colcon_core.package_discovery:discover_packages(colcon_meta) discover
[2.190s] Level 1:colcon.colcon_core.package_discovery:discover_packages(recursive) discover
[2.191s] INFO:colcon.colcon_core.package_discovery:Crawling recursively for packages in '/home/nata/ws_ruka'
[2.191s] Level 1:colcon.colcon_core.package_identification:_identify(.) by extensions ['ignore', 'ignore_ament_install']
[2.191s] Level 1:colcon.colcon_core.package_identification:_identify(.) by extension 'ignore'
[2.191s] Level 1:colcon.colcon_core.package_identification:_identify(.) by extension 'ignore_ament_install'
[2.191s] Level 1:colcon.colcon_core.package_identification:_identify(.) by extensions ['colcon_pkg']
[2.191s] Level 1:colcon.colcon_core.package_identification:_identify(.) by extension 'colcon_pkg'
[2.191s] Level 1:colcon.colcon_core.package_identification:_identify(.) by extensions ['colcon_meta']
[2.191s] Level 1:colcon.colcon_core.package_identification:_identify(.) by extension 'colcon_meta'
[2.191s] Level 1:colcon.colcon_core.package_identification:_identify(.) by extensions ['ros']
[2.191s] Level 1:colcon.colcon_core.package_identification:_identify(.) by extension 'ros'
[2.208s] Level 1:colcon.colcon_core.package_identification:_identify(.) by extensions ['cmake', 'python']
[2.208s] Level 1:colcon.colcon_core.package_identification:_identify(.) by extension 'cmake'
[2.208s] Level 1:colcon.colcon_core.package_identification:_identify(.) by extension 'python'
[2.208s] Level 1:colcon.colcon_core.package_identification:_identify(.) by extensions ['python_setup_py']
[2.208s] Level 1:colcon.colcon_core.package_identification:_identify(.) by extension 'python_setup_py'
[2.209s] Level 1:colcon.colcon_core.package_identification:_identify(build) by extensions ['ignore', 'ignore_ament_install']
[2.209s] Level 1:colcon.colcon_core.package_identification:_identify(build) by extension 'ignore'
[2.209s] Level 1:colcon.colcon_core.package_identification:_identify(build) ignored
[2.209s] Level 1:colcon.colcon_core.package_identification:_identify(install) by extensions ['ignore', 'ignore_ament_install']
[2.209s] Level 1:colcon.colcon_core.package_identification:_identify(install) by extension 'ignore'
[2.209s] Level 1:colcon.colcon_core.package_identification:_identify(install) ignored
[2.209s] Level 1:colcon.colcon_core.package_identification:_identify(log) by extensions ['ignore', 'ignore_ament_install']
[2.209s] Level 1:colcon.colcon_core.package_identification:_identify(log) by extension 'ignore'
[2.209s] Level 1:colcon.colcon_core.package_identification:_identify(log) ignored
[2.210s] Level 1:colcon.colcon_core.package_identification:_identify(src) by extensions ['ignore', 'ignore_ament_install']
[2.210s] Level 1:colcon.colcon_core.package_identification:_identify(src) by extension 'ignore'
[2.210s] Level 1:colcon.colcon_core.package_identification:_identify(src) by extension 'ignore_ament_install'
[2.210s] Level 1:colcon.colcon_core.package_identification:_identify(src) by extensions ['colcon_pkg']
[2.210s] Level 1:colcon.colcon_core.package_identification:_identify(src) by extension 'colcon_pkg'
[2.210s] Level 1:colcon.colcon_core.package_identification:_identify(src) by extensions ['colcon_meta']
[2.210s] Level 1:colcon.colcon_core.package_identification:_identify(src) by extension 'colcon_meta'
[2.210s] Level 1:colcon.colcon_core.package_identification:_identify(src) by extensions ['ros']
[2.210s] Level 1:colcon.colcon_core.package_identification:_identify(src) by extension 'ros'
[2.210s] Level 1:colcon.colcon_core.package_identification:_identify(src) by extensions ['cmake', 'python']
[2.210s] Level 1:colcon.colcon_core.package_identification:_identify(src) by extension 'cmake'
[2.210s] Level 1:colcon.colcon_core.package_identification:_identify(src) by extension 'python'
[2.210s] Level 1:colcon.colcon_core.package_identification:_identify(src) by extensions ['python_setup_py']
[2.210s] Level 1:colcon.colcon_core.package_identification:_identify(src) by extension 'python_setup_py'
[2.211s] Level 1:colcon.colcon_core.package_identification:_identify(src/r_t) by extensions ['ignore', 'ignore_ament_install']
[2.211s] Level 1:colcon.colcon_core.package_identification:_identify(src/r_t) by extension 'ignore'
[2.211s] Level 1:colcon.colcon_core.package_identification:_identify(src/r_t) by extension 'ignore_ament_install'
[2.211s] Level 1:colcon.colcon_core.package_identification:_identify(src/r_t) by extensions ['colcon_pkg']
[2.211s] Level 1:colcon.colcon_core.package_identification:_identify(src/r_t) by extension 'colcon_pkg'
[2.211s] Level 1:colcon.colcon_core.package_identification:_identify(src/r_t) by extensions ['colcon_meta']
[2.211s] Level 1:colcon.colcon_core.package_identification:_identify(src/r_t) by extension 'colcon_meta'
[2.211s] Level 1:colcon.colcon_core.package_identification:_identify(src/r_t) by extensions ['ros']
[2.211s] Level 1:colcon.colcon_core.package_identification:_identify(src/r_t) by extension 'ros'
[2.215s] DEBUG:colcon.colcon_core.package_identification:Package 'src/r_t' with type 'ros.ament_cmake' and name 'r_t'
[2.215s] Level 1:colcon.colcon_core.package_identification:_identify(src/ros-controls) by extensions ['ignore', 'ignore_ament_install']
[2.216s] Level 1:colcon.colcon_core.package_identification:_identify(src/ros-controls) by extension 'ignore'
[2.216s] Level 1:colcon.colcon_core.package_identification:_identify(src/ros-controls) by extension 'ignore_ament_install'
[2.216s] Level 1:colcon.colcon_core.package_identification:_identify(src/ros-controls) by extensions ['colcon_pkg']
[2.216s] Level 1:colcon.colcon_core.package_identification:_identify(src/ros-controls) by extension 'colcon_pkg'
[2.216s] Level 1:colcon.colcon_core.package_identification:_identify(src/ros-controls) by extensions ['colcon_meta']
[2.216s] Level 1:colcon.colcon_core.package_identification:_identify(src/ros-controls) by extension 'colcon_meta'
[2.216s] Level 1:colcon.colcon_core.package_identification:_identify(src/ros-controls) by extensions ['ros']
[2.216s] Level 1:colcon.colcon_core.package_identification:_identify(src/ros-controls) by extension 'ros'
[2.216s] Level 1:colcon.colcon_core.package_identification:_identify(src/ros-controls) by extensions ['cmake', 'python']
[2.216s] Level 1:colcon.colcon_core.package_identification:_identify(src/ros-controls) by extension 'cmake'
[2.216s] Level 1:colcon.colcon_core.package_identification:_identify(src/ros-controls) by extension 'python'
[2.216s] Level 1:colcon.colcon_core.package_identification:_identify(src/ros-controls) by extensions ['python_setup_py']
[2.216s] Level 1:colcon.colcon_core.package_identification:_identify(src/ros-controls) by extension 'python_setup_py'
[2.217s] Level 1:colcon.colcon_core.package_identification:_identify(src/ros-controls/control_msgs) by extensions ['ignore', 'ignore_ament_install']
[2.217s] Level 1:colcon.colcon_core.package_identification:_identify(src/ros-controls/control_msgs) by extension 'ignore'
[2.217s] Level 1:colcon.colcon_core.package_identification:_identify(src/ros-controls/control_msgs) by extension 'ignore_ament_install'
[2.217s] Level 1:colcon.colcon_core.package_identification:_identify(src/ros-controls/control_msgs) by extensions ['colcon_pkg']
[2.217s] Level 1:colcon.colcon_core.package_identification:_identify(src/ros-controls/control_msgs) by extension 'colcon_pkg'
[2.217s] Level 1:colcon.colcon_core.package_identification:_identify(src/ros-controls/control_msgs) by extensions ['colcon_meta']
[2.217s] Level 1:colcon.colcon_core.package_identification:_identify(src/ros-controls/control_msgs) by extension 'colcon_meta'
[2.217s] Level 1:colcon.colcon_core.package_identification:_identify(src/ros-controls/control_msgs) by extensions ['ros']
[2.217s] Level 1:colcon.colcon_core.package_identification:_identify(src/ros-controls/control_msgs) by extension 'ros'
[2.217s] Level 1:colcon.colcon_core.package_identification:_identify(src/ros-controls/control_msgs) by extensions ['cmake', 'python']
[2.217s] Level 1:colcon.colcon_core.package_identification:_identify(src/ros-controls/control_msgs) by extension 'cmake'
[2.217s] Level 1:colcon.colcon_core.package_identification:_identify(src/ros-controls/control_msgs) by extension 'python'
[2.218s] Level 1:colcon.colcon_core.package_identification:_identify(src/ros-controls/control_msgs) by extensions ['python_setup_py']
[2.218s] Level 1:colcon.colcon_core.package_identification:_identify(src/ros-controls/control_msgs) by extension 'python_setup_py'
[2.218s] Level 1:colcon.colcon_core.package_identification:_identify(src/ros-controls/control_msgs/control_msgs) by extensions ['ignore', 'ignore_ament_install']
[2.218s] Level 1:colcon.colcon_core.package_identification:_identify(src/ros-controls/control_msgs/control_msgs) by extension 'ignore'
[2.218s] Level 1:colcon.colcon_core.package_identification:_identify(src/ros-controls/control_msgs/control_msgs) by extension 'ignore_ament_install'
[2.218s] Level 1:colcon.colcon_core.package_identification:_identify(src/ros-controls/control_msgs/control_msgs) by extensions ['colcon_pkg']
[2.218s] Level 1:colcon.colcon_core.package_identification:_identify(src/ros-controls/control_msgs/control_msgs) by extension 'colcon_pkg'
[2.218s] Level 1:colcon.colcon_core.package_identification:_identify(src/ros-controls/control_msgs/control_msgs) by extensions ['colcon_meta']
[2.218s] Level 1:colcon.colcon_core.package_identification:_identify(src/ros-controls/control_msgs/control_msgs) by extension 'colcon_meta'
[2.218s] Level 1:colcon.colcon_core.package_identification:_identify(src/ros-controls/control_msgs/control_msgs) by extensions ['ros']
[2.218s] Level 1:colcon.colcon_core.package_identification:_identify(src/ros-controls/control_msgs/control_msgs) by extension 'ros'
[2.220s] DEBUG:colcon.colcon_core.package_identification:Package 'src/ros-controls/control_msgs/control_msgs' with type 'ros.ament_cmake' and name 'control_msgs'
[2.220s] Level 1:colcon.colcon_core.package_identification:_identify(src/ros-controls/control_toolbox) by extensions ['ignore', 'ignore_ament_install']
[2.220s] Level 1:colcon.colcon_core.package_identification:_identify(src/ros-controls/control_toolbox) by extension 'ignore'
[2.220s] Level 1:colcon.colcon_core.package_identification:_identify(src/ros-controls/control_toolbox) by extension 'ignore_ament_install'
[2.220s] Level 1:colcon.colcon_core.package_identification:_identify(src/ros-controls/control_toolbox) by extensions ['colcon_pkg']
[2.221s] Level 1:colcon.colcon_core.package_identification:_identify(src/ros-controls/control_toolbox) by extension 'colcon_pkg'
[2.221s] Level 1:colcon.colcon_core.package_identification:_identify(src/ros-controls/control_toolbox) by extensions ['colcon_meta']
[2.221s] Level 1:colcon.colcon_core.package_identification:_identify(src/ros-controls/control_toolbox) by extension 'colcon_meta'
[2.221s] Level 1:colcon.colcon_core.package_identification:_identify(src/ros-controls/control_toolbox) by extensions ['ros']
[2.221s] Level 1:colcon.colcon_core.package_identification:_identify(src/ros-controls/control_toolbox) by extension 'ros'
[2.222s] DEBUG:colcon.colcon_core.package_identification:Package 'src/ros-controls/control_toolbox' with type 'ros.ament_cmake' and name 'control_toolbox'
[2.223s] Level 1:colcon.colcon_core.package_identification:_identify(src/ros-controls/kinematics_interface) by extensions ['ignore', 'ignore_ament_install']
[2.223s] Level 1:colcon.colcon_core.package_identification:_identify(src/ros-controls/kinematics_interface) by extension 'ignore'
[2.223s] Level 1:colcon.colcon_core.package_identification:_identify(src/ros-controls/kinematics_interface) by extension 'ignore_ament_install'
[2.223s] Level 1:colcon.colcon_core.package_identification:_identify(src/ros-controls/kinematics_interface) by extensions ['colcon_pkg']
[2.223s] Level 1:colcon.colcon_core.package_identification:_identify(src/ros-controls/kinematics_interface) by extension 'colcon_pkg'
[2.223s] Level 1:colcon.colcon_core.package_identification:_identify(src/ros-controls/kinematics_interface) by extensions ['colcon_meta']
[2.223s] Level 1:colcon.colcon_core.package_identification:_identify(src/ros-controls/kinematics_interface) by extension 'colcon_meta'
[2.223s] Level 1:colcon.colcon_core.package_identification:_identify(src/ros-controls/kinematics_interface) by extensions ['ros']
[2.223s] Level 1:colcon.colcon_core.package_identification:_identify(src/ros-controls/kinematics_interface) by extension 'ros'
[2.223s] Level 1:colcon.colcon_core.package_identification:_identify(src/ros-controls/kinematics_interface) by extensions ['cmake', 'python']
[2.223s] Level 1:colcon.colcon_core.package_identification:_identify(src/ros-controls/kinematics_interface) by extension 'cmake'
[2.223s] Level 1:colcon.colcon_core.package_identification:_identify(src/ros-controls/kinematics_interface) by extension 'python'
[2.224s] Level 1:colcon.colcon_core.package_identification:_identify(src/ros-controls/kinematics_interface) by extensions ['python_setup_py']
[2.224s] Level 1:colcon.colcon_core.package_identification:_identify(src/ros-controls/kinematics_interface) by extension 'python_setup_py'
[2.224s] Level 1:colcon.colcon_core.package_identification:_identify(src/ros-controls/kinematics_interface/kinematics_interface) by extensions ['ignore', 'ignore_ament_install']
[2.224s] Level 1:colcon.colcon_core.package_identification:_identify(src/ros-controls/kinematics_interface/kinematics_interface) by extension 'ignore'
[2.224s] Level 1:colcon.colcon_core.package_identification:_identify(src/ros-controls/kinematics_interface/kinematics_interface) by extension 'ignore_ament_install'
[2.224s] Level 1:colcon.colcon_core.package_identification:_identify(src/ros-controls/kinematics_interface/kinematics_interface) by extensions ['colcon_pkg']
[2.224s] Level 1:colcon.colcon_core.package_identification:_identify(src/ros-controls/kinematics_interface/kinematics_interface) by extension 'colcon_pkg'
[2.224s] Level 1:colcon.colcon_core.package_identification:_identify(src/ros-controls/kinematics_interface/kinematics_interface) by extensions ['colcon_meta']
[2.224s] Level 1:colcon.colcon_core.package_identification:_identify(src/ros-controls/kinematics_interface/kinematics_interface) by extension 'colcon_meta'
[2.224s] Level 1:colcon.colcon_core.package_identification:_identify(src/ros-controls/kinematics_interface/kinematics_interface) by extensions ['ros']
[2.224s] Level 1:colcon.colcon_core.package_identification:_identify(src/ros-controls/kinematics_interface/kinematics_interface) by extension 'ros'
[2.226s] DEBUG:colcon.colcon_core.package_identification:Package 'src/ros-controls/kinematics_interface/kinematics_interface' with type 'ros.ament_cmake' and name 'kinematics_interface'
[2.226s] Level 1:colcon.colcon_core.package_identification:_identify(src/ros-controls/kinematics_interface/kinematics_interface_kdl) by extensions ['ignore', 'ignore_ament_install']
[2.226s] Level 1:colcon.colcon_core.package_identification:_identify(src/ros-controls/kinematics_interface/kinematics_interface_kdl) by extension 'ignore'
[2.226s] Level 1:colcon.colcon_core.package_identification:_identify(src/ros-controls/kinematics_interface/kinematics_interface_kdl) by extension 'ignore_ament_install'
[2.226s] Level 1:colcon.colcon_core.package_identification:_identify(src/ros-controls/kinematics_interface/kinematics_interface_kdl) by extensions ['colcon_pkg']
[2.226s] Level 1:colcon.colcon_core.package_identification:_identify(src/ros-controls/kinematics_interface/kinematics_interface_kdl) by extension 'colcon_pkg'
[2.226s] Level 1:colcon.colcon_core.package_identification:_identify(src/ros-controls/kinematics_interface/kinematics_interface_kdl) by extensions ['colcon_meta']
[2.226s] Level 1:colcon.colcon_core.package_identification:_identify(src/ros-controls/kinematics_interface/kinematics_interface_kdl) by extension 'colcon_meta'
[2.226s] Level 1:colcon.colcon_core.package_identification:_identify(src/ros-controls/kinematics_interface/kinematics_interface_kdl) by extensions ['ros']
[2.226s] Level 1:colcon.colcon_core.package_identification:_identify(src/ros-controls/kinematics_interface/kinematics_interface_kdl) by extension 'ros'
[2.227s] DEBUG:colcon.colcon_core.package_identification:Package 'src/ros-controls/kinematics_interface/kinematics_interface_kdl' with type 'ros.ament_cmake' and name 'kinematics_interface_kdl'
[2.228s] Level 1:colcon.colcon_core.package_identification:_identify(src/ros-controls/realtime_tools) by extensions ['ignore', 'ignore_ament_install']
[2.228s] Level 1:colcon.colcon_core.package_identification:_identify(src/ros-controls/realtime_tools) by extension 'ignore'
[2.228s] Level 1:colcon.colcon_core.package_identification:_identify(src/ros-controls/realtime_tools) by extension 'ignore_ament_install'
[2.228s] Level 1:colcon.colcon_core.package_identification:_identify(src/ros-controls/realtime_tools) by extensions ['colcon_pkg']
[2.228s] Level 1:colcon.colcon_core.package_identification:_identify(src/ros-controls/realtime_tools) by extension 'colcon_pkg'
[2.228s] Level 1:colcon.colcon_core.package_identification:_identify(src/ros-controls/realtime_tools) by extensions ['colcon_meta']
[2.228s] Level 1:colcon.colcon_core.package_identification:_identify(src/ros-controls/realtime_tools) by extension 'colcon_meta'
[2.228s] Level 1:colcon.colcon_core.package_identification:_identify(src/ros-controls/realtime_tools) by extensions ['ros']
[2.228s] Level 1:colcon.colcon_core.package_identification:_identify(src/ros-controls/realtime_tools) by extension 'ros'
[2.229s] DEBUG:colcon.colcon_core.package_identification:Package 'src/ros-controls/realtime_tools' with type 'ros.ament_cmake' and name 'realtime_tools'
[2.229s] Level 1:colcon.colcon_core.package_identification:_identify(src/ros-controls/ros2_control) by extensions ['ignore', 'ignore_ament_install']
[2.229s] Level 1:colcon.colcon_core.package_identification:_identify(src/ros-controls/ros2_control) by extension 'ignore'
[2.230s] Level 1:colcon.colcon_core.package_identification:_identify(src/ros-controls/ros2_control) by extension 'ignore_ament_install'
[2.230s] Level 1:colcon.colcon_core.package_identification:_identify(src/ros-controls/ros2_control) by extensions ['colcon_pkg']
[2.230s] Level 1:colcon.colcon_core.package_identification:_identify(src/ros-controls/ros2_control) by extension 'colcon_pkg'
[2.230s] Level 1:colcon.colcon_core.package_identification:_identify(src/ros-controls/ros2_control) by extensions ['colcon_meta']
[2.230s] Level 1:colcon.colcon_core.package_identification:_identify(src/ros-controls/ros2_control) by extension 'colcon_meta'
[2.230s] Level 1:colcon.colcon_core.package_identification:_identify(src/ros-controls/ros2_control) by extensions ['ros']
[2.230s] Level 1:colcon.colcon_core.package_identification:_identify(src/ros-controls/ros2_control) by extension 'ros'
[2.230s] Level 1:colcon.colcon_core.package_identification:_identify(src/ros-controls/ros2_control) by extensions ['cmake', 'python']
[2.230s] Level 1:colcon.colcon_core.package_identification:_identify(src/ros-controls/ros2_control) by extension 'cmake'
[2.230s] Level 1:colcon.colcon_core.package_identification:_identify(src/ros-controls/ros2_control) by extension 'python'
[2.230s] Level 1:colcon.colcon_core.package_identification:_identify(src/ros-controls/ros2_control) by extensions ['python_setup_py']
[2.230s] Level 1:colcon.colcon_core.package_identification:_identify(src/ros-controls/ros2_control) by extension 'python_setup_py'
[2.230s] Level 1:colcon.colcon_core.package_identification:_identify(src/ros-controls/ros2_control/controller_interface) by extensions ['ignore', 'ignore_ament_install']
[2.231s] Level 1:colcon.colcon_core.package_identification:_identify(src/ros-controls/ros2_control/controller_interface) by extension 'ignore'
[2.231s] Level 1:colcon.colcon_core.package_identification:_identify(src/ros-controls/ros2_control/controller_interface) by extension 'ignore_ament_install'
[2.231s] Level 1:colcon.colcon_core.package_identification:_identify(src/ros-controls/ros2_control/controller_interface) by extensions ['colcon_pkg']
[2.231s] Level 1:colcon.colcon_core.package_identification:_identify(src/ros-controls/ros2_control/controller_interface) by extension 'colcon_pkg'
[2.231s] Level 1:colcon.colcon_core.package_identification:_identify(src/ros-controls/ros2_control/controller_interface) by extensions ['colcon_meta']
[2.231s] Level 1:colcon.colcon_core.package_identification:_identify(src/ros-controls/ros2_control/controller_interface) by extension 'colcon_meta'
[2.231s] Level 1:colcon.colcon_core.package_identification:_identify(src/ros-controls/ros2_control/controller_interface) by extensions ['ros']
[2.231s] Level 1:colcon.colcon_core.package_identification:_identify(src/ros-controls/ros2_control/controller_interface) by extension 'ros'
[2.232s] DEBUG:colcon.colcon_core.package_identification:Package 'src/ros-controls/ros2_control/controller_interface' with type 'ros.ament_cmake' and name 'controller_interface'
[2.232s] Level 1:colcon.colcon_core.package_identification:_identify(src/ros-controls/ros2_control/controller_manager) by extensions ['ignore', 'ignore_ament_install']
[2.232s] Level 1:colcon.colcon_core.package_identification:_identify(src/ros-controls/ros2_control/controller_manager) by extension 'ignore'
[2.232s] Level 1:colcon.colcon_core.package_identification:_identify(src/ros-controls/ros2_control/controller_manager) by extension 'ignore_ament_install'
[2.232s] Level 1:colcon.colcon_core.package_identification:_identify(src/ros-controls/ros2_control/controller_manager) by extensions ['colcon_pkg']
[2.232s] Level 1:colcon.colcon_core.package_identification:_identify(src/ros-controls/ros2_control/controller_manager) by extension 'colcon_pkg'
[2.232s] Level 1:colcon.colcon_core.package_identification:_identify(src/ros-controls/ros2_control/controller_manager) by extensions ['colcon_meta']
[2.232s] Level 1:colcon.colcon_core.package_identification:_identify(src/ros-controls/ros2_control/controller_manager) by extension 'colcon_meta'
[2.233s] Level 1:colcon.colcon_core.package_identification:_identify(src/ros-controls/ros2_control/controller_manager) by extensions ['ros']
[2.233s] Level 1:colcon.colcon_core.package_identification:_identify(src/ros-controls/ros2_control/controller_manager) by extension 'ros'
[2.235s] DEBUG:colcon.colcon_core.package_identification:Package 'src/ros-controls/ros2_control/controller_manager' with type 'ros.ament_cmake' and name 'controller_manager'
[2.235s] Level 1:colcon.colcon_core.package_identification:_identify(src/ros-controls/ros2_control/controller_manager_msgs) by extensions ['ignore', 'ignore_ament_install']
[2.235s] Level 1:colcon.colcon_core.package_identification:_identify(src/ros-controls/ros2_control/controller_manager_msgs) by extension 'ignore'
[2.235s] Level 1:colcon.colcon_core.package_identification:_identify(src/ros-controls/ros2_control/controller_manager_msgs) by extension 'ignore_ament_install'
[2.235s] Level 1:colcon.colcon_core.package_identification:_identify(src/ros-controls/ros2_control/controller_manager_msgs) by extensions ['colcon_pkg']
[2.235s] Level 1:colcon.colcon_core.package_identification:_identify(src/ros-controls/ros2_control/controller_manager_msgs) by extension 'colcon_pkg'
[2.235s] Level 1:colcon.colcon_core.package_identification:_identify(src/ros-controls/ros2_control/controller_manager_msgs) by extensions ['colcon_meta']
[2.235s] Level 1:colcon.colcon_core.package_identification:_identify(src/ros-controls/ros2_control/controller_manager_msgs) by extension 'colcon_meta'
[2.236s] Level 1:colcon.colcon_core.package_identification:_identify(src/ros-controls/ros2_control/controller_manager_msgs) by extensions ['ros']
[2.236s] Level 1:colcon.colcon_core.package_identification:_identify(src/ros-controls/ros2_control/controller_manager_msgs) by extension 'ros'
[2.236s] DEBUG:colcon.colcon_core.package_identification:Package 'src/ros-controls/ros2_control/controller_manager_msgs' with type 'ros.ament_cmake' and name 'controller_manager_msgs'
[2.237s] Level 1:colcon.colcon_core.package_identification:_identify(src/ros-controls/ros2_control/doc) by extensions ['ignore', 'ignore_ament_install']
[2.237s] Level 1:colcon.colcon_core.package_identification:_identify(src/ros-controls/ros2_control/doc) by extension 'ignore'
[2.237s] Level 1:colcon.colcon_core.package_identification:_identify(src/ros-controls/ros2_control/doc) by extension 'ignore_ament_install'
[2.237s] Level 1:colcon.colcon_core.package_identification:_identify(src/ros-controls/ros2_control/doc) by extensions ['colcon_pkg']
[2.237s] Level 1:colcon.colcon_core.package_identification:_identify(src/ros-controls/ros2_control/doc) by extension 'colcon_pkg'
[2.237s] Level 1:colcon.colcon_core.package_identification:_identify(src/ros-controls/ros2_control/doc) by extensions ['colcon_meta']
[2.237s] Level 1:colcon.colcon_core.package_identification:_identify(src/ros-controls/ros2_control/doc) by extension 'colcon_meta'
[2.237s] Level 1:colcon.colcon_core.package_identification:_identify(src/ros-controls/ros2_control/doc) by extensions ['ros']
[2.237s] Level 1:colcon.colcon_core.package_identification:_identify(src/ros-controls/ros2_control/doc) by extension 'ros'
[2.237s] Level 1:colcon.colcon_core.package_identification:_identify(src/ros-controls/ros2_control/doc) by extensions ['cmake', 'python']
[2.237s] Level 1:colcon.colcon_core.package_identification:_identify(src/ros-controls/ros2_control/doc) by extension 'cmake'
[2.237s] Level 1:colcon.colcon_core.package_identification:_identify(src/ros-controls/ros2_control/doc) by extension 'python'
[2.237s] Level 1:colcon.colcon_core.package_identification:_identify(src/ros-controls/ros2_control/doc) by extensions ['python_setup_py']
[2.237s] Level 1:colcon.colcon_core.package_identification:_identify(src/ros-controls/ros2_control/doc) by extension 'python_setup_py'
[2.238s] Level 1:colcon.colcon_core.package_identification:_identify(src/ros-controls/ros2_control/hardware_interface) by extensions ['ignore', 'ignore_ament_install']
[2.238s] Level 1:colcon.colcon_core.package_identification:_identify(src/ros-controls/ros2_control/hardware_interface) by extension 'ignore'
[2.238s] Level 1:colcon.colcon_core.package_identification:_identify(src/ros-controls/ros2_control/hardware_interface) by extension 'ignore_ament_install'
[2.238s] Level 1:colcon.colcon_core.package_identification:_identify(src/ros-controls/ros2_control/hardware_interface) by extensions ['colcon_pkg']
[2.238s] Level 1:colcon.colcon_core.package_identification:_identify(src/ros-controls/ros2_control/hardware_interface) by extension 'colcon_pkg'
[2.238s] Level 1:colcon.colcon_core.package_identification:_identify(src/ros-controls/ros2_control/hardware_interface) by extensions ['colcon_meta']
[2.238s] Level 1:colcon.colcon_core.package_identification:_identify(src/ros-controls/ros2_control/hardware_interface) by extension 'colcon_meta'
[2.238s] Level 1:colcon.colcon_core.package_identification:_identify(src/ros-controls/ros2_control/hardware_interface) by extensions ['ros']
[2.238s] Level 1:colcon.colcon_core.package_identification:_identify(src/ros-controls/ros2_control/hardware_interface) by extension 'ros'
[2.239s] DEBUG:colcon.colcon_core.package_identification:Package 'src/ros-controls/ros2_control/hardware_interface' with type 'ros.ament_cmake' and name 'hardware_interface'
[2.240s] Level 1:colcon.colcon_core.package_identification:_identify(src/ros-controls/ros2_control/joint_limits) by extensions ['ignore', 'ignore_ament_install']
[2.240s] Level 1:colcon.colcon_core.package_identification:_identify(src/ros-controls/ros2_control/joint_limits) by extension 'ignore'
[2.240s] Level 1:colcon.colcon_core.package_identification:_identify(src/ros-controls/ros2_control/joint_limits) by extension 'ignore_ament_install'
[2.240s] Level 1:colcon.colcon_core.package_identification:_identify(src/ros-controls/ros2_control/joint_limits) by extensions ['colcon_pkg']
[2.240s] Level 1:colcon.colcon_core.package_identification:_identify(src/ros-controls/ros2_control/joint_limits) by extension 'colcon_pkg'
[2.240s] Level 1:colcon.colcon_core.package_identification:_identify(src/ros-controls/ros2_control/joint_limits) by extensions ['colcon_meta']
[2.240s] Level 1:colcon.colcon_core.package_identification:_identify(src/ros-controls/ros2_control/joint_limits) by extension 'colcon_meta'
[2.240s] Level 1:colcon.colcon_core.package_identification:_identify(src/ros-controls/ros2_control/joint_limits) by extensions ['ros']
[2.240s] Level 1:colcon.colcon_core.package_identification:_identify(src/ros-controls/ros2_control/joint_limits) by extension 'ros'
[2.241s] DEBUG:colcon.colcon_core.package_identification:Package 'src/ros-controls/ros2_control/joint_limits' with type 'ros.ament_cmake' and name 'joint_limits'
[2.241s] Level 1:colcon.colcon_core.package_identification:_identify(src/ros-controls/ros2_control/joint_limits_interface) by extensions ['ignore', 'ignore_ament_install']
[2.241s] Level 1:colcon.colcon_core.package_identification:_identify(src/ros-controls/ros2_control/joint_limits_interface) by extension 'ignore'
[2.242s] Level 1:colcon.colcon_core.package_identification:_identify(src/ros-controls/ros2_control/joint_limits_interface) ignored
[2.242s] Level 1:colcon.colcon_core.package_identification:_identify(src/ros-controls/ros2_control/ros2_control) by extensions ['ignore', 'ignore_ament_install']
[2.242s] Level 1:colcon.colcon_core.package_identification:_identify(src/ros-controls/ros2_control/ros2_control) by extension 'ignore'
[2.242s] Level 1:colcon.colcon_core.package_identification:_identify(src/ros-controls/ros2_control/ros2_control) by extension 'ignore_ament_install'
[2.242s] Level 1:colcon.colcon_core.package_identification:_identify(src/ros-controls/ros2_control/ros2_control) by extensions ['colcon_pkg']
[2.242s] Level 1:colcon.colcon_core.package_identification:_identify(src/ros-controls/ros2_control/ros2_control) by extension 'colcon_pkg'
[2.242s] Level 1:colcon.colcon_core.package_identification:_identify(src/ros-controls/ros2_control/ros2_control) by extensions ['colcon_meta']
[2.242s] Level 1:colcon.colcon_core.package_identification:_identify(src/ros-controls/ros2_control/ros2_control) by extension 'colcon_meta'
[2.242s] Level 1:colcon.colcon_core.package_identification:_identify(src/ros-controls/ros2_control/ros2_control) by extensions ['ros']
[2.242s] Level 1:colcon.colcon_core.package_identification:_identify(src/ros-controls/ros2_control/ros2_control) by extension 'ros'
[2.243s] DEBUG:colcon.colcon_core.package_identification:Package 'src/ros-controls/ros2_control/ros2_control' with type 'ros.ament_cmake' and name 'ros2_control'
[2.243s] Level 1:colcon.colcon_core.package_identification:_identify(src/ros-controls/ros2_control/ros2_control_test_assets) by extensions ['ignore', 'ignore_ament_install']
[2.243s] Level 1:colcon.colcon_core.package_identification:_identify(src/ros-controls/ros2_control/ros2_control_test_assets) by extension 'ignore'
[2.243s] Level 1:colcon.colcon_core.package_identification:_identify(src/ros-controls/ros2_control/ros2_control_test_assets) by extension 'ignore_ament_install'
[2.244s] Level 1:colcon.colcon_core.package_identification:_identify(src/ros-controls/ros2_control/ros2_control_test_assets) by extensions ['colcon_pkg']
[2.244s] Level 1:colcon.colcon_core.package_identification:_identify(src/ros-controls/ros2_control/ros2_control_test_assets) by extension 'colcon_pkg'
[2.244s] Level 1:colcon.colcon_core.package_identification:_identify(src/ros-controls/ros2_control/ros2_control_test_assets) by extensions ['colcon_meta']
[2.244s] Level 1:colcon.colcon_core.package_identification:_identify(src/ros-controls/ros2_control/ros2_control_test_assets) by extension 'colcon_meta'
[2.244s] Level 1:colcon.colcon_core.package_identification:_identify(src/ros-controls/ros2_control/ros2_control_test_assets) by extensions ['ros']
[2.244s] Level 1:colcon.colcon_core.package_identification:_identify(src/ros-controls/ros2_control/ros2_control_test_assets) by extension 'ros'
[2.246s] DEBUG:colcon.colcon_core.package_identification:Package 'src/ros-controls/ros2_control/ros2_control_test_assets' with type 'ros.ament_cmake' and name 'ros2_control_test_assets'
[2.246s] Level 1:colcon.colcon_core.package_identification:_identify(src/ros-controls/ros2_control/ros2controlcli) by extensions ['ignore', 'ignore_ament_install']
[2.246s] Level 1:colcon.colcon_core.package_identification:_identify(src/ros-controls/ros2_control/ros2controlcli) by extension 'ignore'
[2.246s] Level 1:colcon.colcon_core.package_identification:_identify(src/ros-controls/ros2_control/ros2controlcli) by extension 'ignore_ament_install'
[2.246s] Level 1:colcon.colcon_core.package_identification:_identify(src/ros-controls/ros2_control/ros2controlcli) by extensions ['colcon_pkg']
[2.246s] Level 1:colcon.colcon_core.package_identification:_identify(src/ros-controls/ros2_control/ros2controlcli) by extension 'colcon_pkg'
[2.246s] Level 1:colcon.colcon_core.package_identification:_identify(src/ros-controls/ros2_control/ros2controlcli) by extensions ['colcon_meta']
[2.246s] Level 1:colcon.colcon_core.package_identification:_identify(src/ros-controls/ros2_control/ros2controlcli) by extension 'colcon_meta'
[2.246s] Level 1:colcon.colcon_core.package_identification:_identify(src/ros-controls/ros2_control/ros2controlcli) by extensions ['ros']
[2.246s] Level 1:colcon.colcon_core.package_identification:_identify(src/ros-controls/ros2_control/ros2controlcli) by extension 'ros'
[2.248s] DEBUG:colcon.colcon_core.package_identification:Package 'src/ros-controls/ros2_control/ros2controlcli' with type 'ros.ament_python' and name 'ros2controlcli'
[2.248s] Level 1:colcon.colcon_core.package_identification:_identify(src/ros-controls/ros2_control/rqt_controller_manager) by extensions ['ignore', 'ignore_ament_install']
[2.248s] Level 1:colcon.colcon_core.package_identification:_identify(src/ros-controls/ros2_control/rqt_controller_manager) by extension 'ignore'
[2.248s] Level 1:colcon.colcon_core.package_identification:_identify(src/ros-controls/ros2_control/rqt_controller_manager) by extension 'ignore_ament_install'
[2.248s] Level 1:colcon.colcon_core.package_identification:_identify(src/ros-controls/ros2_control/rqt_controller_manager) by extensions ['colcon_pkg']
[2.248s] Level 1:colcon.colcon_core.package_identification:_identify(src/ros-controls/ros2_control/rqt_controller_manager) by extension 'colcon_pkg'
[2.248s] Level 1:colcon.colcon_core.package_identification:_identify(src/ros-controls/ros2_control/rqt_controller_manager) by extensions ['colcon_meta']
[2.248s] Level 1:colcon.colcon_core.package_identification:_identify(src/ros-controls/ros2_control/rqt_controller_manager) by extension 'colcon_meta'
[2.249s] Level 1:colcon.colcon_core.package_identification:_identify(src/ros-controls/ros2_control/rqt_controller_manager) by extensions ['ros']
[2.249s] Level 1:colcon.colcon_core.package_identification:_identify(src/ros-controls/ros2_control/rqt_controller_manager) by extension 'ros'
[2.249s] DEBUG:colcon.colcon_core.package_identification:Package 'src/ros-controls/ros2_control/rqt_controller_manager' with type 'ros.ament_python' and name 'rqt_controller_manager'
[2.250s] Level 1:colcon.colcon_core.package_identification:_identify(src/ros-controls/ros2_control/transmission_interface) by extensions ['ignore', 'ignore_ament_install']
[2.250s] Level 1:colcon.colcon_core.package_identification:_identify(src/ros-controls/ros2_control/transmission_interface) by extension 'ignore'
[2.250s] Level 1:colcon.colcon_core.package_identification:_identify(src/ros-controls/ros2_control/transmission_interface) by extension 'ignore_ament_install'
[2.250s] Level 1:colcon.colcon_core.package_identification:_identify(src/ros-controls/ros2_control/transmission_interface) by extensions ['colcon_pkg']
[2.250s] Level 1:colcon.colcon_core.package_identification:_identify(src/ros-controls/ros2_control/transmission_interface) by extension 'colcon_pkg'
[2.250s] Level 1:colcon.colcon_core.package_identification:_identify(src/ros-controls/ros2_control/transmission_interface) by extensions ['colcon_meta']
[2.250s] Level 1:colcon.colcon_core.package_identification:_identify(src/ros-controls/ros2_control/transmission_interface) by extension 'colcon_meta'
[2.250s] Level 1:colcon.colcon_core.package_identification:_identify(src/ros-controls/ros2_control/transmission_interface) by extensions ['ros']
[2.250s] Level 1:colcon.colcon_core.package_identification:_identify(src/ros-controls/ros2_control/transmission_interface) by extension 'ros'
[2.251s] DEBUG:colcon.colcon_core.package_identification:Package 'src/ros-controls/ros2_control/transmission_interface' with type 'ros.ament_cmake' and name 'transmission_interface'
[2.251s] Level 1:colcon.colcon_core.package_identification:_identify(src/ros-controls/ros2_control_demos) by extensions ['ignore', 'ignore_ament_install']
[2.251s] Level 1:colcon.colcon_core.package_identification:_identify(src/ros-controls/ros2_control_demos) by extension 'ignore'
[2.251s] Level 1:colcon.colcon_core.package_identification:_identify(src/ros-controls/ros2_control_demos) by extension 'ignore_ament_install'
[2.252s] Level 1:colcon.colcon_core.package_identification:_identify(src/ros-controls/ros2_control_demos) by extensions ['colcon_pkg']
[2.252s] Level 1:colcon.colcon_core.package_identification:_identify(src/ros-controls/ros2_control_demos) by extension 'colcon_pkg'
[2.252s] Level 1:colcon.colcon_core.package_identification:_identify(src/ros-controls/ros2_control_demos) by extensions ['colcon_meta']
[2.252s] Level 1:colcon.colcon_core.package_identification:_identify(src/ros-controls/ros2_control_demos) by extension 'colcon_meta'
[2.252s] Level 1:colcon.colcon_core.package_identification:_identify(src/ros-controls/ros2_control_demos) by extensions ['ros']
[2.252s] Level 1:colcon.colcon_core.package_identification:_identify(src/ros-controls/ros2_control_demos) by extension 'ros'
[2.252s] Level 1:colcon.colcon_core.package_identification:_identify(src/ros-controls/ros2_control_demos) by extensions ['cmake', 'python']
[2.252s] Level 1:colcon.colcon_core.package_identification:_identify(src/ros-controls/ros2_control_demos) by extension 'cmake'
[2.252s] Level 1:colcon.colcon_core.package_identification:_identify(src/ros-controls/ros2_control_demos) by extension 'python'
[2.252s] Level 1:colcon.colcon_core.package_identification:_identify(src/ros-controls/ros2_control_demos) by extensions ['python_setup_py']
[2.252s] Level 1:colcon.colcon_core.package_identification:_identify(src/ros-controls/ros2_control_demos) by extension 'python_setup_py'
[2.252s] Level 1:colcon.colcon_core.package_identification:_identify(src/ros-controls/ros2_control_demos/example_7) by extensions ['ignore', 'ignore_ament_install']
[2.253s] Level 1:colcon.colcon_core.package_identification:_identify(src/ros-controls/ros2_control_demos/example_7) by extension 'ignore'
[2.253s] Level 1:colcon.colcon_core.package_identification:_identify(src/ros-controls/ros2_control_demos/example_7) by extension 'ignore_ament_install'
[2.253s] Level 1:colcon.colcon_core.package_identification:_identify(src/ros-controls/ros2_control_demos/example_7) by extensions ['colcon_pkg']
[2.253s] Level 1:colcon.colcon_core.package_identification:_identify(src/ros-controls/ros2_control_demos/example_7) by extension 'colcon_pkg'
[2.253s] Level 1:colcon.colcon_core.package_identification:_identify(src/ros-controls/ros2_control_demos/example_7) by extensions ['colcon_meta']
[2.253s] Level 1:colcon.colcon_core.package_identification:_identify(src/ros-controls/ros2_control_demos/example_7) by extension 'colcon_meta'
[2.253s] Level 1:colcon.colcon_core.package_identification:_identify(src/ros-controls/ros2_control_demos/example_7) by extensions ['ros']
[2.253s] Level 1:colcon.colcon_core.package_identification:_identify(src/ros-controls/ros2_control_demos/example_7) by extension 'ros'
[2.255s] DEBUG:colcon.colcon_core.package_identification:Package 'src/ros-controls/ros2_control_demos/example_7' with type 'ros.ament_cmake' and name 'ros2_control_demo_example_7'
[2.256s] Level 1:colcon.colcon_core.package_identification:_identify(src/ros-controls/ros2_control_demos/ros2_control_demo_description) by extensions ['ignore', 'ignore_ament_install']
[2.256s] Level 1:colcon.colcon_core.package_identification:_identify(src/ros-controls/ros2_control_demos/ros2_control_demo_description) by extension 'ignore'
[2.256s] Level 1:colcon.colcon_core.package_identification:_identify(src/ros-controls/ros2_control_demos/ros2_control_demo_description) by extension 'ignore_ament_install'
[2.256s] Level 1:colcon.colcon_core.package_identification:_identify(src/ros-controls/ros2_control_demos/ros2_control_demo_description) by extensions ['colcon_pkg']
[2.256s] Level 1:colcon.colcon_core.package_identification:_identify(src/ros-controls/ros2_control_demos/ros2_control_demo_description) by extension 'colcon_pkg'
[2.256s] Level 1:colcon.colcon_core.package_identification:_identify(src/ros-controls/ros2_control_demos/ros2_control_demo_description) by extensions ['colcon_meta']
[2.256s] Level 1:colcon.colcon_core.package_identification:_identify(src/ros-controls/ros2_control_demos/ros2_control_demo_description) by extension 'colcon_meta'
[2.256s] Level 1:colcon.colcon_core.package_identification:_identify(src/ros-controls/ros2_control_demos/ros2_control_demo_description) by extensions ['ros']
[2.256s] Level 1:colcon.colcon_core.package_identification:_identify(src/ros-controls/ros2_control_demos/ros2_control_demo_description) by extension 'ros'
[2.257s] DEBUG:colcon.colcon_core.package_identification:Package 'src/ros-controls/ros2_control_demos/ros2_control_demo_description' with type 'ros.ament_cmake' and name 'ros2_control_demo_description'
[2.257s] Level 1:colcon.colcon_core.package_identification:_identify(src/ros-controls/ros2_control_demos/ros2_control_demos) by extensions ['ignore', 'ignore_ament_install']
[2.257s] Level 1:colcon.colcon_core.package_identification:_identify(src/ros-controls/ros2_control_demos/ros2_control_demos) by extension 'ignore'
[2.257s] Level 1:colcon.colcon_core.package_identification:_identify(src/ros-controls/ros2_control_demos/ros2_control_demos) by extension 'ignore_ament_install'
[2.257s] Level 1:colcon.colcon_core.package_identification:_identify(src/ros-controls/ros2_control_demos/ros2_control_demos) by extensions ['colcon_pkg']
[2.257s] Level 1:colcon.colcon_core.package_identification:_identify(src/ros-controls/ros2_control_demos/ros2_control_demos) by extension 'colcon_pkg'
[2.257s] Level 1:colcon.colcon_core.package_identification:_identify(src/ros-controls/ros2_control_demos/ros2_control_demos) by extensions ['colcon_meta']
[2.258s] Level 1:colcon.colcon_core.package_identification:_identify(src/ros-controls/ros2_control_demos/ros2_control_demos) by extension 'colcon_meta'
[2.258s] Level 1:colcon.colcon_core.package_identification:_identify(src/ros-controls/ros2_control_demos/ros2_control_demos) by extensions ['ros']
[2.258s] Level 1:colcon.colcon_core.package_identification:_identify(src/ros-controls/ros2_control_demos/ros2_control_demos) by extension 'ros'
[2.258s] DEBUG:colcon.colcon_core.package_identification:Package 'src/ros-controls/ros2_control_demos/ros2_control_demos' with type 'ros.ament_cmake' and name 'ros2_control_demos'
[2.259s] Level 1:colcon.colcon_core.package_identification:_identify(src/ros-controls/ros2_controllers) by extensions ['ignore', 'ignore_ament_install']
[2.259s] Level 1:colcon.colcon_core.package_identification:_identify(src/ros-controls/ros2_controllers) by extension 'ignore'
[2.259s] Level 1:colcon.colcon_core.package_identification:_identify(src/ros-controls/ros2_controllers) by extension 'ignore_ament_install'
[2.259s] Level 1:colcon.colcon_core.package_identification:_identify(src/ros-controls/ros2_controllers) by extensions ['colcon_pkg']
[2.259s] Level 1:colcon.colcon_core.package_identification:_identify(src/ros-controls/ros2_controllers) by extension 'colcon_pkg'
[2.259s] Level 1:colcon.colcon_core.package_identification:_identify(src/ros-controls/ros2_controllers) by extensions ['colcon_meta']
[2.259s] Level 1:colcon.colcon_core.package_identification:_identify(src/ros-controls/ros2_controllers) by extension 'colcon_meta'
[2.259s] Level 1:colcon.colcon_core.package_identification:_identify(src/ros-controls/ros2_controllers) by extensions ['ros']
[2.259s] Level 1:colcon.colcon_core.package_identification:_identify(src/ros-controls/ros2_controllers) by extension 'ros'
[2.259s] Level 1:colcon.colcon_core.package_identification:_identify(src/ros-controls/ros2_controllers) by extensions ['cmake', 'python']
[2.259s] Level 1:colcon.colcon_core.package_identification:_identify(src/ros-controls/ros2_controllers) by extension 'cmake'
[2.260s] Level 1:colcon.colcon_core.package_identification:_identify(src/ros-controls/ros2_controllers) by extension 'python'
[2.260s] Level 1:colcon.colcon_core.package_identification:_identify(src/ros-controls/ros2_controllers) by extensions ['python_setup_py']
[2.260s] Level 1:colcon.colcon_core.package_identification:_identify(src/ros-controls/ros2_controllers) by extension 'python_setup_py'
[2.260s] Level 1:colcon.colcon_core.package_identification:_identify(src/ros-controls/ros2_controllers/ackermann_steering_controller) by extensions ['ignore', 'ignore_ament_install']
[2.260s] Level 1:colcon.colcon_core.package_identification:_identify(src/ros-controls/ros2_controllers/ackermann_steering_controller) by extension 'ignore'
[2.260s] Level 1:colcon.colcon_core.package_identification:_identify(src/ros-controls/ros2_controllers/ackermann_steering_controller) by extension 'ignore_ament_install'
[2.260s] Level 1:colcon.colcon_core.package_identification:_identify(src/ros-controls/ros2_controllers/ackermann_steering_controller) by extensions ['colcon_pkg']
[2.260s] Level 1:colcon.colcon_core.package_identification:_identify(src/ros-controls/ros2_controllers/ackermann_steering_controller) by extension 'colcon_pkg'
[2.260s] Level 1:colcon.colcon_core.package_identification:_identify(src/ros-controls/ros2_controllers/ackermann_steering_controller) by extensions ['colcon_meta']
[2.260s] Level 1:colcon.colcon_core.package_identification:_identify(src/ros-controls/ros2_controllers/ackermann_steering_controller) by extension 'colcon_meta'
[2.260s] Level 1:colcon.colcon_core.package_identification:_identify(src/ros-controls/ros2_controllers/ackermann_steering_controller) by extensions ['ros']
[2.260s] Level 1:colcon.colcon_core.package_identification:_identify(src/ros-controls/ros2_controllers/ackermann_steering_controller) by extension 'ros'
[2.262s] DEBUG:colcon.colcon_core.package_identification:Package 'src/ros-controls/ros2_controllers/ackermann_steering_controller' with type 'ros.ament_cmake' and name 'ackermann_steering_controller'
[2.262s] Level 1:colcon.colcon_core.package_identification:_identify(src/ros-controls/ros2_controllers/admittance_controller) by extensions ['ignore', 'ignore_ament_install']
[2.262s] Level 1:colcon.colcon_core.package_identification:_identify(src/ros-controls/ros2_controllers/admittance_controller) by extension 'ignore'
[2.262s] Level 1:colcon.colcon_core.package_identification:_identify(src/ros-controls/ros2_controllers/admittance_controller) by extension 'ignore_ament_install'
[2.262s] Level 1:colcon.colcon_core.package_identification:_identify(src/ros-controls/ros2_controllers/admittance_controller) by extensions ['colcon_pkg']
[2.262s] Level 1:colcon.colcon_core.package_identification:_identify(src/ros-controls/ros2_controllers/admittance_controller) by extension 'colcon_pkg'
[2.262s] Level 1:colcon.colcon_core.package_identification:_identify(src/ros-controls/ros2_controllers/admittance_controller) by extensions ['colcon_meta']
[2.263s] Level 1:colcon.colcon_core.package_identification:_identify(src/ros-controls/ros2_controllers/admittance_controller) by extension 'colcon_meta'
[2.263s] Level 1:colcon.colcon_core.package_identification:_identify(src/ros-controls/ros2_controllers/admittance_controller) by extensions ['ros']
[2.263s] Level 1:colcon.colcon_core.package_identification:_identify(src/ros-controls/ros2_controllers/admittance_controller) by extension 'ros'
[2.266s] DEBUG:colcon.colcon_core.package_identification:Package 'src/ros-controls/ros2_controllers/admittance_controller' with type 'ros.ament_cmake' and name 'admittance_controller'
[2.266s] Level 1:colcon.colcon_core.package_identification:_identify(src/ros-controls/ros2_controllers/bicycle_steering_controller) by extensions ['ignore', 'ignore_ament_install']
[2.266s] Level 1:colcon.colcon_core.package_identification:_identify(src/ros-controls/ros2_controllers/bicycle_steering_controller) by extension 'ignore'
[2.266s] Level 1:colcon.colcon_core.package_identification:_identify(src/ros-controls/ros2_controllers/bicycle_steering_controller) by extension 'ignore_ament_install'
[2.266s] Level 1:colcon.colcon_core.package_identification:_identify(src/ros-controls/ros2_controllers/bicycle_steering_controller) by extensions ['colcon_pkg']
[2.266s] Level 1:colcon.colcon_core.package_identification:_identify(src/ros-controls/ros2_controllers/bicycle_steering_controller) by extension 'colcon_pkg'
[2.266s] Level 1:colcon.colcon_core.package_identification:_identify(src/ros-controls/ros2_controllers/bicycle_steering_controller) by extensions ['colcon_meta']
[2.266s] Level 1:colcon.colcon_core.package_identification:_identify(src/ros-controls/ros2_controllers/bicycle_steering_controller) by extension 'colcon_meta'
[2.266s] Level 1:colcon.colcon_core.package_identification:_identify(src/ros-controls/ros2_controllers/bicycle_steering_controller) by extensions ['ros']
[2.266s] Level 1:colcon.colcon_core.package_identification:_identify(src/ros-controls/ros2_controllers/bicycle_steering_controller) by extension 'ros'
[2.268s] DEBUG:colcon.colcon_core.package_identification:Package 'src/ros-controls/ros2_controllers/bicycle_steering_controller' with type 'ros.ament_cmake' and name 'bicycle_steering_controller'
[2.268s] Level 1:colcon.colcon_core.package_identification:_identify(src/ros-controls/ros2_controllers/diff_drive_controller) by extensions ['ignore', 'ignore_ament_install']
[2.268s] Level 1:colcon.colcon_core.package_identification:_identify(src/ros-controls/ros2_controllers/diff_drive_controller) by extension 'ignore'
[2.268s] Level 1:colcon.colcon_core.package_identification:_identify(src/ros-controls/ros2_controllers/diff_drive_controller) by extension 'ignore_ament_install'
[2.268s] Level 1:colcon.colcon_core.package_identification:_identify(src/ros-controls/ros2_controllers/diff_drive_controller) by extensions ['colcon_pkg']
[2.268s] Level 1:colcon.colcon_core.package_identification:_identify(src/ros-controls/ros2_controllers/diff_drive_controller) by extension 'colcon_pkg'
[2.268s] Level 1:colcon.colcon_core.package_identification:_identify(src/ros-controls/ros2_controllers/diff_drive_controller) by extensions ['colcon_meta']
[2.269s] Level 1:colcon.colcon_core.package_identification:_identify(src/ros-controls/ros2_controllers/diff_drive_controller) by extension 'colcon_meta'
[2.269s] Level 1:colcon.colcon_core.package_identification:_identify(src/ros-controls/ros2_controllers/diff_drive_controller) by extensions ['ros']
[2.269s] Level 1:colcon.colcon_core.package_identification:_identify(src/ros-controls/ros2_controllers/diff_drive_controller) by extension 'ros'
[2.270s] DEBUG:colcon.colcon_core.package_identification:Package 'src/ros-controls/ros2_controllers/diff_drive_controller' with type 'ros.ament_cmake' and name 'diff_drive_controller'
[2.271s] Level 1:colcon.colcon_core.package_identification:_identify(src/ros-controls/ros2_controllers/doc) by extensions ['ignore', 'ignore_ament_install']
[2.271s] Level 1:colcon.colcon_core.package_identification:_identify(src/ros-controls/ros2_controllers/doc) by extension 'ignore'
[2.271s] Level 1:colcon.colcon_core.package_identification:_identify(src/ros-controls/ros2_controllers/doc) by extension 'ignore_ament_install'
[2.271s] Level 1:colcon.colcon_core.package_identification:_identify(src/ros-controls/ros2_controllers/doc) by extensions ['colcon_pkg']
[2.271s] Level 1:colcon.colcon_core.package_identification:_identify(src/ros-controls/ros2_controllers/doc) by extension 'colcon_pkg'
[2.271s] Level 1:colcon.colcon_core.package_identification:_identify(src/ros-controls/ros2_controllers/doc) by extensions ['colcon_meta']
[2.271s] Level 1:colcon.colcon_core.package_identification:_identify(src/ros-controls/ros2_controllers/doc) by extension 'colcon_meta'
[2.271s] Level 1:colcon.colcon_core.package_identification:_identify(src/ros-controls/ros2_controllers/doc) by extensions ['ros']
[2.271s] Level 1:colcon.colcon_core.package_identification:_identify(src/ros-controls/ros2_controllers/doc) by extension 'ros'
[2.271s] Level 1:colcon.colcon_core.package_identification:_identify(src/ros-controls/ros2_controllers/doc) by extensions ['cmake', 'python']
[2.271s] Level 1:colcon.colcon_core.package_identification:_identify(src/ros-controls/ros2_controllers/doc) by extension 'cmake'
[2.271s] Level 1:colcon.colcon_core.package_identification:_identify(src/ros-controls/ros2_controllers/doc) by extension 'python'
[2.271s] Level 1:colcon.colcon_core.package_identification:_identify(src/ros-controls/ros2_controllers/doc) by extensions ['python_setup_py']
[2.271s] Level 1:colcon.colcon_core.package_identification:_identify(src/ros-controls/ros2_controllers/doc) by extension 'python_setup_py'
[2.272s] Level 1:colcon.colcon_core.package_identification:_identify(src/ros-controls/ros2_controllers/effort_controllers) by extensions ['ignore', 'ignore_ament_install']
[2.272s] Level 1:colcon.colcon_core.package_identification:_identify(src/ros-controls/ros2_controllers/effort_controllers) by extension 'ignore'
[2.272s] Level 1:colcon.colcon_core.package_identification:_identify(src/ros-controls/ros2_controllers/effort_controllers) by extension 'ignore_ament_install'
[2.272s] Level 1:colcon.colcon_core.package_identification:_identify(src/ros-controls/ros2_controllers/effort_controllers) by extensions ['colcon_pkg']
[2.272s] Level 1:colcon.colcon_core.package_identification:_identify(src/ros-controls/ros2_controllers/effort_controllers) by extension 'colcon_pkg'
[2.272s] Level 1:colcon.colcon_core.package_identification:_identify(src/ros-controls/ros2_controllers/effort_controllers) by extensions ['colcon_meta']
[2.272s] Level 1:colcon.colcon_core.package_identification:_identify(src/ros-controls/ros2_controllers/effort_controllers) by extension 'colcon_meta'
[2.272s] Level 1:colcon.colcon_core.package_identification:_identify(src/ros-controls/ros2_controllers/effort_controllers) by extensions ['ros']
[2.272s] Level 1:colcon.colcon_core.package_identification:_identify(src/ros-controls/ros2_controllers/effort_controllers) by extension 'ros'
[2.273s] DEBUG:colcon.colcon_core.package_identification:Package 'src/ros-controls/ros2_controllers/effort_controllers' with type 'ros.ament_cmake' and name 'effort_controllers'
[2.273s] Level 1:colcon.colcon_core.package_identification:_identify(src/ros-controls/ros2_controllers/force_torque_sensor_broadcaster) by extensions ['ignore', 'ignore_ament_install']
[2.274s] Level 1:colcon.colcon_core.package_identification:_identify(src/ros-controls/ros2_controllers/force_torque_sensor_broadcaster) by extension 'ignore'
[2.274s] Level 1:colcon.colcon_core.package_identification:_identify(src/ros-controls/ros2_controllers/force_torque_sensor_broadcaster) by extension 'ignore_ament_install'
[2.274s] Level 1:colcon.colcon_core.package_identification:_identify(src/ros-controls/ros2_controllers/force_torque_sensor_broadcaster) by extensions ['colcon_pkg']
[2.274s] Level 1:colcon.colcon_core.package_identification:_identify(src/ros-controls/ros2_controllers/force_torque_sensor_broadcaster) by extension 'colcon_pkg'
[2.274s] Level 1:colcon.colcon_core.package_identification:_identify(src/ros-controls/ros2_controllers/force_torque_sensor_broadcaster) by extensions ['colcon_meta']
[2.274s] Level 1:colcon.colcon_core.package_identification:_identify(src/ros-controls/ros2_controllers/force_torque_sensor_broadcaster) by extension 'colcon_meta'
[2.274s] Level 1:colcon.colcon_core.package_identification:_identify(src/ros-controls/ros2_controllers/force_torque_sensor_broadcaster) by extensions ['ros']
[2.274s] Level 1:colcon.colcon_core.package_identification:_identify(src/ros-controls/ros2_controllers/force_torque_sensor_broadcaster) by extension 'ros'
[2.275s] DEBUG:colcon.colcon_core.package_identification:Package 'src/ros-controls/ros2_controllers/force_torque_sensor_broadcaster' with type 'ros.ament_cmake' and name 'force_torque_sensor_broadcaster'
[2.276s] Level 1:colcon.colcon_core.package_identification:_identify(src/ros-controls/ros2_controllers/forward_command_controller) by extensions ['ignore', 'ignore_ament_install']
[2.276s] Level 1:colcon.colcon_core.package_identification:_identify(src/ros-controls/ros2_controllers/forward_command_controller) by extension 'ignore'
[2.276s] Level 1:colcon.colcon_core.package_identification:_identify(src/ros-controls/ros2_controllers/forward_command_controller) by extension 'ignore_ament_install'
[2.276s] Level 1:colcon.colcon_core.package_identification:_identify(src/ros-controls/ros2_controllers/forward_command_controller) by extensions ['colcon_pkg']
[2.276s] Level 1:colcon.colcon_core.package_identification:_identify(src/ros-controls/ros2_controllers/forward_command_controller) by extension 'colcon_pkg'
[2.276s] Level 1:colcon.colcon_core.package_identification:_identify(src/ros-controls/ros2_controllers/forward_command_controller) by extensions ['colcon_meta']
[2.276s] Level 1:colcon.colcon_core.package_identification:_identify(src/ros-controls/ros2_controllers/forward_command_controller) by extension 'colcon_meta'
[2.276s] Level 1:colcon.colcon_core.package_identification:_identify(src/ros-controls/ros2_controllers/forward_command_controller) by extensions ['ros']
[2.276s] Level 1:colcon.colcon_core.package_identification:_identify(src/ros-controls/ros2_controllers/forward_command_controller) by extension 'ros'
[2.278s] DEBUG:colcon.colcon_core.package_identification:Package 'src/ros-controls/ros2_controllers/forward_command_controller' with type 'ros.ament_cmake' and name 'forward_command_controller'
[2.278s] Level 1:colcon.colcon_core.package_identification:_identify(src/ros-controls/ros2_controllers/gripper_controllers) by extensions ['ignore', 'ignore_ament_install']
[2.278s] Level 1:colcon.colcon_core.package_identification:_identify(src/ros-controls/ros2_controllers/gripper_controllers) by extension 'ignore'
[2.278s] Level 1:colcon.colcon_core.package_identification:_identify(src/ros-controls/ros2_controllers/gripper_controllers) by extension 'ignore_ament_install'
[2.278s] Level 1:colcon.colcon_core.package_identification:_identify(src/ros-controls/ros2_controllers/gripper_controllers) by extensions ['colcon_pkg']
[2.278s] Level 1:colcon.colcon_core.package_identification:_identify(src/ros-controls/ros2_controllers/gripper_controllers) by extension 'colcon_pkg'
[2.278s] Level 1:colcon.colcon_core.package_identification:_identify(src/ros-controls/ros2_controllers/gripper_controllers) by extensions ['colcon_meta']
[2.278s] Level 1:colcon.colcon_core.package_identification:_identify(src/ros-controls/ros2_controllers/gripper_controllers) by extension 'colcon_meta'
[2.278s] Level 1:colcon.colcon_core.package_identification:_identify(src/ros-controls/ros2_controllers/gripper_controllers) by extensions ['ros']
[2.278s] Level 1:colcon.colcon_core.package_identification:_identify(src/ros-controls/ros2_controllers/gripper_controllers) by extension 'ros'
[2.280s] DEBUG:colcon.colcon_core.package_identification:Package 'src/ros-controls/ros2_controllers/gripper_controllers' with type 'ros.ament_cmake' and name 'gripper_controllers'
[2.280s] Level 1:colcon.colcon_core.package_identification:_identify(src/ros-controls/ros2_controllers/imu_sensor_broadcaster) by extensions ['ignore', 'ignore_ament_install']
[2.280s] Level 1:colcon.colcon_core.package_identification:_identify(src/ros-controls/ros2_controllers/imu_sensor_broadcaster) by extension 'ignore'
[2.280s] Level 1:colcon.colcon_core.package_identification:_identify(src/ros-controls/ros2_controllers/imu_sensor_broadcaster) by extension 'ignore_ament_install'
[2.280s] Level 1:colcon.colcon_core.package_identification:_identify(src/ros-controls/ros2_controllers/imu_sensor_broadcaster) by extensions ['colcon_pkg']
[2.281s] Level 1:colcon.colcon_core.package_identification:_identify(src/ros-controls/ros2_controllers/imu_sensor_broadcaster) by extension 'colcon_pkg'
[2.281s] Level 1:colcon.colcon_core.package_identification:_identify(src/ros-controls/ros2_controllers/imu_sensor_broadcaster) by extensions ['colcon_meta']
[2.281s] Level 1:colcon.colcon_core.package_identification:_identify(src/ros-controls/ros2_controllers/imu_sensor_broadcaster) by extension 'colcon_meta'
[2.281s] Level 1:colcon.colcon_core.package_identification:_identify(src/ros-controls/ros2_controllers/imu_sensor_broadcaster) by extensions ['ros']
[2.281s] Level 1:colcon.colcon_core.package_identification:_identify(src/ros-controls/ros2_controllers/imu_sensor_broadcaster) by extension 'ros'
[2.282s] DEBUG:colcon.colcon_core.package_identification:Package 'src/ros-controls/ros2_controllers/imu_sensor_broadcaster' with type 'ros.ament_cmake' and name 'imu_sensor_broadcaster'
[2.283s] Level 1:colcon.colcon_core.package_identification:_identify(src/ros-controls/ros2_controllers/joint_state_broadcaster) by extensions ['ignore', 'ignore_ament_install']
[2.283s] Level 1:colcon.colcon_core.package_identification:_identify(src/ros-controls/ros2_controllers/joint_state_broadcaster) by extension 'ignore'
[2.283s] Level 1:colcon.colcon_core.package_identification:_identify(src/ros-controls/ros2_controllers/joint_state_broadcaster) by extension 'ignore_ament_install'
[2.283s] Level 1:colcon.colcon_core.package_identification:_identify(src/ros-controls/ros2_controllers/joint_state_broadcaster) by extensions ['colcon_pkg']
[2.283s] Level 1:colcon.colcon_core.package_identification:_identify(src/ros-controls/ros2_controllers/joint_state_broadcaster) by extension 'colcon_pkg'
[2.283s] Level 1:colcon.colcon_core.package_identification:_identify(src/ros-controls/ros2_controllers/joint_state_broadcaster) by extensions ['colcon_meta']
[2.283s] Level 1:colcon.colcon_core.package_identification:_identify(src/ros-controls/ros2_controllers/joint_state_broadcaster) by extension 'colcon_meta'
[2.283s] Level 1:colcon.colcon_core.package_identification:_identify(src/ros-controls/ros2_controllers/joint_state_broadcaster) by extensions ['ros']
[2.283s] Level 1:colcon.colcon_core.package_identification:_identify(src/ros-controls/ros2_controllers/joint_state_broadcaster) by extension 'ros'
[2.285s] DEBUG:colcon.colcon_core.package_identification:Package 'src/ros-controls/ros2_controllers/joint_state_broadcaster' with type 'ros.ament_cmake' and name 'joint_state_broadcaster'
[2.285s] Level 1:colcon.colcon_core.package_identification:_identify(src/ros-controls/ros2_controllers/joint_trajectory_controller) by extensions ['ignore', 'ignore_ament_install']
[2.285s] Level 1:colcon.colcon_core.package_identification:_identify(src/ros-controls/ros2_controllers/joint_trajectory_controller) by extension 'ignore'
[2.286s] Level 1:colcon.colcon_core.package_identification:_identify(src/ros-controls/ros2_controllers/joint_trajectory_controller) by extension 'ignore_ament_install'
[2.286s] Level 1:colcon.colcon_core.package_identification:_identify(src/ros-controls/ros2_controllers/joint_trajectory_controller) by extensions ['colcon_pkg']
[2.286s] Level 1:colcon.colcon_core.package_identification:_identify(src/ros-controls/ros2_controllers/joint_trajectory_controller) by extension 'colcon_pkg'
[2.286s] Level 1:colcon.colcon_core.package_identification:_identify(src/ros-controls/ros2_controllers/joint_trajectory_controller) by extensions ['colcon_meta']
[2.286s] Level 1:colcon.colcon_core.package_identification:_identify(src/ros-controls/ros2_controllers/joint_trajectory_controller) by extension 'colcon_meta'
[2.286s] Level 1:colcon.colcon_core.package_identification:_identify(src/ros-controls/ros2_controllers/joint_trajectory_controller) by extensions ['ros']
[2.286s] Level 1:colcon.colcon_core.package_identification:_identify(src/ros-controls/ros2_controllers/joint_trajectory_controller) by extension 'ros'
[2.288s] DEBUG:colcon.colcon_core.package_identification:Package 'src/ros-controls/ros2_controllers/joint_trajectory_controller' with type 'ros.ament_cmake' and name 'joint_trajectory_controller'
[2.288s] Level 1:colcon.colcon_core.package_identification:_identify(src/ros-controls/ros2_controllers/position_controllers) by extensions ['ignore', 'ignore_ament_install']
[2.288s] Level 1:colcon.colcon_core.package_identification:_identify(src/ros-controls/ros2_controllers/position_controllers) by extension 'ignore'
[2.288s] Level 1:colcon.colcon_core.package_identification:_identify(src/ros-controls/ros2_controllers/position_controllers) by extension 'ignore_ament_install'
[2.288s] Level 1:colcon.colcon_core.package_identification:_identify(src/ros-controls/ros2_controllers/position_controllers) by extensions ['colcon_pkg']
[2.288s] Level 1:colcon.colcon_core.package_identification:_identify(src/ros-controls/ros2_controllers/position_controllers) by extension 'colcon_pkg'
[2.288s] Level 1:colcon.colcon_core.package_identification:_identify(src/ros-controls/ros2_controllers/position_controllers) by extensions ['colcon_meta']
[2.288s] Level 1:colcon.colcon_core.package_identification:_identify(src/ros-controls/ros2_controllers/position_controllers) by extension 'colcon_meta'
[2.288s] Level 1:colcon.colcon_core.package_identification:_identify(src/ros-controls/ros2_controllers/position_controllers) by extensions ['ros']
[2.288s] Level 1:colcon.colcon_core.package_identification:_identify(src/ros-controls/ros2_controllers/position_controllers) by extension 'ros'
[2.289s] DEBUG:colcon.colcon_core.package_identification:Package 'src/ros-controls/ros2_controllers/position_controllers' with type 'ros.ament_cmake' and name 'position_controllers'
[2.290s] Level 1:colcon.colcon_core.package_identification:_identify(src/ros-controls/ros2_controllers/range_sensor_broadcaster) by extensions ['ignore', 'ignore_ament_install']
[2.290s] Level 1:colcon.colcon_core.package_identification:_identify(src/ros-controls/ros2_controllers/range_sensor_broadcaster) by extension 'ignore'
[2.290s] Level 1:colcon.colcon_core.package_identification:_identify(src/ros-controls/ros2_controllers/range_sensor_broadcaster) by extension 'ignore_ament_install'
[2.290s] Level 1:colcon.colcon_core.package_identification:_identify(src/ros-controls/ros2_controllers/range_sensor_broadcaster) by extensions ['colcon_pkg']
[2.290s] Level 1:colcon.colcon_core.package_identification:_identify(src/ros-controls/ros2_controllers/range_sensor_broadcaster) by extension 'colcon_pkg'
[2.290s] Level 1:colcon.colcon_core.package_identification:_identify(src/ros-controls/ros2_controllers/range_sensor_broadcaster) by extensions ['colcon_meta']
[2.290s] Level 1:colcon.colcon_core.package_identification:_identify(src/ros-controls/ros2_controllers/range_sensor_broadcaster) by extension 'colcon_meta'
[2.290s] Level 1:colcon.colcon_core.package_identification:_identify(src/ros-controls/ros2_controllers/range_sensor_broadcaster) by extensions ['ros']
[2.290s] Level 1:colcon.colcon_core.package_identification:_identify(src/ros-controls/ros2_controllers/range_sensor_broadcaster) by extension 'ros'
[2.292s] DEBUG:colcon.colcon_core.package_identification:Package 'src/ros-controls/ros2_controllers/range_sensor_broadcaster' with type 'ros.ament_cmake' and name 'range_sensor_broadcaster'
[2.292s] Level 1:colcon.colcon_core.package_identification:_identify(src/ros-controls/ros2_controllers/ros2_controllers) by extensions ['ignore', 'ignore_ament_install']
[2.292s] Level 1:colcon.colcon_core.package_identification:_identify(src/ros-controls/ros2_controllers/ros2_controllers) by extension 'ignore'
[2.292s] Level 1:colcon.colcon_core.package_identification:_identify(src/ros-controls/ros2_controllers/ros2_controllers) by extension 'ignore_ament_install'
[2.292s] Level 1:colcon.colcon_core.package_identification:_identify(src/ros-controls/ros2_controllers/ros2_controllers) by extensions ['colcon_pkg']
[2.292s] Level 1:colcon.colcon_core.package_identification:_identify(src/ros-controls/ros2_controllers/ros2_controllers) by extension 'colcon_pkg'
[2.292s] Level 1:colcon.colcon_core.package_identification:_identify(src/ros-controls/ros2_controllers/ros2_controllers) by extensions ['colcon_meta']
[2.292s] Level 1:colcon.colcon_core.package_identification:_identify(src/ros-controls/ros2_controllers/ros2_controllers) by extension 'colcon_meta'
[2.292s] Level 1:colcon.colcon_core.package_identification:_identify(src/ros-controls/ros2_controllers/ros2_controllers) by extensions ['ros']
[2.292s] Level 1:colcon.colcon_core.package_identification:_identify(src/ros-controls/ros2_controllers/ros2_controllers) by extension 'ros'
[2.293s] DEBUG:colcon.colcon_core.package_identification:Package 'src/ros-controls/ros2_controllers/ros2_controllers' with type 'ros.ament_cmake' and name 'ros2_controllers'
[2.294s] Level 1:colcon.colcon_core.package_identification:_identify(src/ros-controls/ros2_controllers/ros2_controllers_test_nodes) by extensions ['ignore', 'ignore_ament_install']
[2.294s] Level 1:colcon.colcon_core.package_identification:_identify(src/ros-controls/ros2_controllers/ros2_controllers_test_nodes) by extension 'ignore'
[2.294s] Level 1:colcon.colcon_core.package_identification:_identify(src/ros-controls/ros2_controllers/ros2_controllers_test_nodes) by extension 'ignore_ament_install'
[2.294s] Level 1:colcon.colcon_core.package_identification:_identify(src/ros-controls/ros2_controllers/ros2_controllers_test_nodes) by extensions ['colcon_pkg']
[2.294s] Level 1:colcon.colcon_core.package_identification:_identify(src/ros-controls/ros2_controllers/ros2_controllers_test_nodes) by extension 'colcon_pkg'
[2.294s] Level 1:colcon.colcon_core.package_identification:_identify(src/ros-controls/ros2_controllers/ros2_controllers_test_nodes) by extensions ['colcon_meta']
[2.294s] Level 1:colcon.colcon_core.package_identification:_identify(src/ros-controls/ros2_controllers/ros2_controllers_test_nodes) by extension 'colcon_meta'
[2.294s] Level 1:colcon.colcon_core.package_identification:_identify(src/ros-controls/ros2_controllers/ros2_controllers_test_nodes) by extensions ['ros']
[2.294s] Level 1:colcon.colcon_core.package_identification:_identify(src/ros-controls/ros2_controllers/ros2_controllers_test_nodes) by extension 'ros'
[2.295s] DEBUG:colcon.colcon_core.package_identification:Package 'src/ros-controls/ros2_controllers/ros2_controllers_test_nodes' with type 'ros.ament_python' and name 'ros2_controllers_test_nodes'
[2.296s] Level 1:colcon.colcon_core.package_identification:_identify(src/ros-controls/ros2_controllers/rqt_joint_trajectory_controller) by extensions ['ignore', 'ignore_ament_install']
[2.296s] Level 1:colcon.colcon_core.package_identification:_identify(src/ros-controls/ros2_controllers/rqt_joint_trajectory_controller) by extension 'ignore'
[2.296s] Level 1:colcon.colcon_core.package_identification:_identify(src/ros-controls/ros2_controllers/rqt_joint_trajectory_controller) by extension 'ignore_ament_install'
[2.296s] Level 1:colcon.colcon_core.package_identification:_identify(src/ros-controls/ros2_controllers/rqt_joint_trajectory_controller) by extensions ['colcon_pkg']
[2.296s] Level 1:colcon.colcon_core.package_identification:_identify(src/ros-controls/ros2_controllers/rqt_joint_trajectory_controller) by extension 'colcon_pkg'
[2.296s] Level 1:colcon.colcon_core.package_identification:_identify(src/ros-controls/ros2_controllers/rqt_joint_trajectory_controller) by extensions ['colcon_meta']
[2.296s] Level 1:colcon.colcon_core.package_identification:_identify(src/ros-controls/ros2_controllers/rqt_joint_trajectory_controller) by extension 'colcon_meta'
[2.296s] Level 1:colcon.colcon_core.package_identification:_identify(src/ros-controls/ros2_controllers/rqt_joint_trajectory_controller) by extensions ['ros']
[2.296s] Level 1:colcon.colcon_core.package_identification:_identify(src/ros-controls/ros2_controllers/rqt_joint_trajectory_controller) by extension 'ros'
[2.297s] DEBUG:colcon.colcon_core.package_identification:Package 'src/ros-controls/ros2_controllers/rqt_joint_trajectory_controller' with type 'ros.ament_python' and name 'rqt_joint_trajectory_controller'
[2.297s] Level 1:colcon.colcon_core.package_identification:_identify(src/ros-controls/ros2_controllers/steering_controllers_library) by extensions ['ignore', 'ignore_ament_install']
[2.298s] Level 1:colcon.colcon_core.package_identification:_identify(src/ros-controls/ros2_controllers/steering_controllers_library) by extension 'ignore'
[2.298s] Level 1:colcon.colcon_core.package_identification:_identify(src/ros-controls/ros2_controllers/steering_controllers_library) by extension 'ignore_ament_install'
[2.298s] Level 1:colcon.colcon_core.package_identification:_identify(src/ros-controls/ros2_controllers/steering_controllers_library) by extensions ['colcon_pkg']
[2.298s] Level 1:colcon.colcon_core.package_identification:_identify(src/ros-controls/ros2_controllers/steering_controllers_library) by extension 'colcon_pkg'
[2.298s] Level 1:colcon.colcon_core.package_identification:_identify(src/ros-controls/ros2_controllers/steering_controllers_library) by extensions ['colcon_meta']
[2.298s] Level 1:colcon.colcon_core.package_identification:_identify(src/ros-controls/ros2_controllers/steering_controllers_library) by extension 'colcon_meta'
[2.298s] Level 1:colcon.colcon_core.package_identification:_identify(src/ros-controls/ros2_controllers/steering_controllers_library) by extensions ['ros']
[2.298s] Level 1:colcon.colcon_core.package_identification:_identify(src/ros-controls/ros2_controllers/steering_controllers_library) by extension 'ros'
[2.300s] DEBUG:colcon.colcon_core.package_identification:Package 'src/ros-controls/ros2_controllers/steering_controllers_library' with type 'ros.ament_cmake' and name 'steering_controllers_library'
[2.300s] Level 1:colcon.colcon_core.package_identification:_identify(src/ros-controls/ros2_controllers/tricycle_controller) by extensions ['ignore', 'ignore_ament_install']
[2.301s] Level 1:colcon.colcon_core.package_identification:_identify(src/ros-controls/ros2_controllers/tricycle_controller) by extension 'ignore'
[2.301s] Level 1:colcon.colcon_core.package_identification:_identify(src/ros-controls/ros2_controllers/tricycle_controller) by extension 'ignore_ament_install'
[2.301s] Level 1:colcon.colcon_core.package_identification:_identify(src/ros-controls/ros2_controllers/tricycle_controller) by extensions ['colcon_pkg']
[2.301s] Level 1:colcon.colcon_core.package_identification:_identify(src/ros-controls/ros2_controllers/tricycle_controller) by extension 'colcon_pkg'
[2.301s] Level 1:colcon.colcon_core.package_identification:_identify(src/ros-controls/ros2_controllers/tricycle_controller) by extensions ['colcon_meta']
[2.301s] Level 1:colcon.colcon_core.package_identification:_identify(src/ros-controls/ros2_controllers/tricycle_controller) by extension 'colcon_meta'
[2.301s] Level 1:colcon.colcon_core.package_identification:_identify(src/ros-controls/ros2_controllers/tricycle_controller) by extensions ['ros']
[2.301s] Level 1:colcon.colcon_core.package_identification:_identify(src/ros-controls/ros2_controllers/tricycle_controller) by extension 'ros'
[2.303s] DEBUG:colcon.colcon_core.package_identification:Package 'src/ros-controls/ros2_controllers/tricycle_controller' with type 'ros.ament_cmake' and name 'tricycle_controller'
[2.303s] Level 1:colcon.colcon_core.package_identification:_identify(src/ros-controls/ros2_controllers/tricycle_steering_controller) by extensions ['ignore', 'ignore_ament_install']
[2.304s] Level 1:colcon.colcon_core.package_identification:_identify(src/ros-controls/ros2_controllers/tricycle_steering_controller) by extension 'ignore'
[2.304s] Level 1:colcon.colcon_core.package_identification:_identify(src/ros-controls/ros2_controllers/tricycle_steering_controller) by extension 'ignore_ament_install'
[2.304s] Level 1:colcon.colcon_core.package_identification:_identify(src/ros-controls/ros2_controllers/tricycle_steering_controller) by extensions ['colcon_pkg']
[2.304s] Level 1:colcon.colcon_core.package_identification:_identify(src/ros-controls/ros2_controllers/tricycle_steering_controller) by extension 'colcon_pkg'
[2.304s] Level 1:colcon.colcon_core.package_identification:_identify(src/ros-controls/ros2_controllers/tricycle_steering_controller) by extensions ['colcon_meta']
[2.304s] Level 1:colcon.colcon_core.package_identification:_identify(src/ros-controls/ros2_controllers/tricycle_steering_controller) by extension 'colcon_meta'
[2.304s] Level 1:colcon.colcon_core.package_identification:_identify(src/ros-controls/ros2_controllers/tricycle_steering_controller) by extensions ['ros']
[2.304s] Level 1:colcon.colcon_core.package_identification:_identify(src/ros-controls/ros2_controllers/tricycle_steering_controller) by extension 'ros'
[2.306s] DEBUG:colcon.colcon_core.package_identification:Package 'src/ros-controls/ros2_controllers/tricycle_steering_controller' with type 'ros.ament_cmake' and name 'tricycle_steering_controller'
[2.306s] Level 1:colcon.colcon_core.package_identification:_identify(src/ros-controls/ros2_controllers/velocity_controllers) by extensions ['ignore', 'ignore_ament_install']
[2.306s] Level 1:colcon.colcon_core.package_identification:_identify(src/ros-controls/ros2_controllers/velocity_controllers) by extension 'ignore'
[2.306s] Level 1:colcon.colcon_core.package_identification:_identify(src/ros-controls/ros2_controllers/velocity_controllers) by extension 'ignore_ament_install'
[2.306s] Level 1:colcon.colcon_core.package_identification:_identify(src/ros-controls/ros2_controllers/velocity_controllers) by extensions ['colcon_pkg']
[2.306s] Level 1:colcon.colcon_core.package_identification:_identify(src/ros-controls/ros2_controllers/velocity_controllers) by extension 'colcon_pkg'
[2.306s] Level 1:colcon.colcon_core.package_identification:_identify(src/ros-controls/ros2_controllers/velocity_controllers) by extensions ['colcon_meta']
[2.306s] Level 1:colcon.colcon_core.package_identification:_identify(src/ros-controls/ros2_controllers/velocity_controllers) by extension 'colcon_meta'
[2.306s] Level 1:colcon.colcon_core.package_identification:_identify(src/ros-controls/ros2_controllers/velocity_controllers) by extensions ['ros']
[2.306s] Level 1:colcon.colcon_core.package_identification:_identify(src/ros-controls/ros2_controllers/velocity_controllers) by extension 'ros'
[2.307s] DEBUG:colcon.colcon_core.package_identification:Package 'src/ros-controls/ros2_controllers/velocity_controllers' with type 'ros.ament_cmake' and name 'velocity_controllers'
[2.307s] Level 1:colcon.colcon_core.package_identification:_identify(src/ruka) by extensions ['ignore', 'ignore_ament_install']
[2.308s] Level 1:colcon.colcon_core.package_identification:_identify(src/ruka) by extension 'ignore'
[2.308s] Level 1:colcon.colcon_core.package_identification:_identify(src/ruka) by extension 'ignore_ament_install'
[2.308s] Level 1:colcon.colcon_core.package_identification:_identify(src/ruka) by extensions ['colcon_pkg']
[2.308s] Level 1:colcon.colcon_core.package_identification:_identify(src/ruka) by extension 'colcon_pkg'
[2.308s] Level 1:colcon.colcon_core.package_identification:_identify(src/ruka) by extensions ['colcon_meta']
[2.308s] Level 1:colcon.colcon_core.package_identification:_identify(src/ruka) by extension 'colcon_meta'
[2.308s] Level 1:colcon.colcon_core.package_identification:_identify(src/ruka) by extensions ['ros']
[2.308s] Level 1:colcon.colcon_core.package_identification:_identify(src/ruka) by extension 'ros'
[2.311s] DEBUG:colcon.colcon_core.package_identification:Package 'src/ruka' with type 'ros.ament_cmake' and name 'ruka'
[2.311s] Level 1:colcon.colcon_core.package_discovery:discover_packages(recursive) using defaults
[2.311s] Level 1:colcon.colcon_core.package_discovery:discover_packages(ignore) discover
[2.311s] Level 1:colcon.colcon_core.package_discovery:discover_packages(ignore) using defaults
[2.311s] Level 1:colcon.colcon_core.package_discovery:discover_packages(path) discover
[2.311s] Level 1:colcon.colcon_core.package_discovery:discover_packages(path) using defaults
[2.436s] INFO:colcon.colcon_core.package_selection:Skipping not selected package 'control_msgs' in 'src/ros-controls/control_msgs/control_msgs'
[2.436s] INFO:colcon.colcon_core.package_selection:Skipping not selected package 'controller_manager_msgs' in 'src/ros-controls/ros2_control/controller_manager_msgs'
[2.436s] INFO:colcon.colcon_core.package_selection:Skipping not selected package 'joint_limits' in 'src/ros-controls/ros2_control/joint_limits'
[2.436s] INFO:colcon.colcon_core.package_selection:Skipping not selected package 'kinematics_interface' in 'src/ros-controls/kinematics_interface/kinematics_interface'
[2.436s] INFO:colcon.colcon_core.package_selection:Skipping not selected package 'realtime_tools' in 'src/ros-controls/realtime_tools'
[2.436s] INFO:colcon.colcon_core.package_selection:Skipping not selected package 'ros2_control_demo_description' in 'src/ros-controls/ros2_control_demos/ros2_control_demo_description'
[2.436s] INFO:colcon.colcon_core.package_selection:Skipping not selected package 'ros2_control_test_assets' in 'src/ros-controls/ros2_control/ros2_control_test_assets'
[2.436s] INFO:colcon.colcon_core.package_selection:Skipping not selected package 'ros2_controllers_test_nodes' in 'src/ros-controls/ros2_controllers/ros2_controllers_test_nodes'
[2.436s] INFO:colcon.colcon_core.package_selection:Skipping not selected package 'control_toolbox' in 'src/ros-controls/control_toolbox'
[2.436s] INFO:colcon.colcon_core.package_selection:Skipping not selected package 'hardware_interface' in 'src/ros-controls/ros2_control/hardware_interface'
[2.436s] INFO:colcon.colcon_core.package_selection:Skipping not selected package 'kinematics_interface_kdl' in 'src/ros-controls/kinematics_interface/kinematics_interface_kdl'
[2.436s] INFO:colcon.colcon_core.package_selection:Skipping not selected package 'r_t' in 'src/r_t'
[2.436s] INFO:colcon.colcon_core.package_selection:Skipping not selected package 'rqt_controller_manager' in 'src/ros-controls/ros2_control/rqt_controller_manager'
[2.436s] INFO:colcon.colcon_core.package_selection:Skipping not selected package 'rqt_joint_trajectory_controller' in 'src/ros-controls/ros2_controllers/rqt_joint_trajectory_controller'
[2.436s] INFO:colcon.colcon_core.package_selection:Skipping not selected package 'controller_interface' in 'src/ros-controls/ros2_control/controller_interface'
[2.436s] INFO:colcon.colcon_core.package_selection:Skipping not selected package 'transmission_interface' in 'src/ros-controls/ros2_control/transmission_interface'
[2.436s] INFO:colcon.colcon_core.package_selection:Skipping not selected package 'controller_manager' in 'src/ros-controls/ros2_control/controller_manager'
[2.436s] INFO:colcon.colcon_core.package_selection:Skipping not selected package 'diff_drive_controller' in 'src/ros-controls/ros2_controllers/diff_drive_controller'
[2.436s] INFO:colcon.colcon_core.package_selection:Skipping not selected package 'force_torque_sensor_broadcaster' in 'src/ros-controls/ros2_controllers/force_torque_sensor_broadcaster'
[2.436s] INFO:colcon.colcon_core.package_selection:Skipping not selected package 'forward_command_controller' in 'src/ros-controls/ros2_controllers/forward_command_controller'
[2.436s] INFO:colcon.colcon_core.package_selection:Skipping not selected package 'gripper_controllers' in 'src/ros-controls/ros2_controllers/gripper_controllers'
[2.437s] INFO:colcon.colcon_core.package_selection:Skipping not selected package 'imu_sensor_broadcaster' in 'src/ros-controls/ros2_controllers/imu_sensor_broadcaster'
[2.437s] INFO:colcon.colcon_core.package_selection:Skipping not selected package 'joint_state_broadcaster' in 'src/ros-controls/ros2_controllers/joint_state_broadcaster'
[2.437s] INFO:colcon.colcon_core.package_selection:Skipping not selected package 'joint_trajectory_controller' in 'src/ros-controls/ros2_controllers/joint_trajectory_controller'
[2.437s] INFO:colcon.colcon_core.package_selection:Skipping not selected package 'range_sensor_broadcaster' in 'src/ros-controls/ros2_controllers/range_sensor_broadcaster'
[2.437s] INFO:colcon.colcon_core.package_selection:Skipping not selected package 'ros2controlcli' in 'src/ros-controls/ros2_control/ros2controlcli'
[2.437s] INFO:colcon.colcon_core.package_selection:Skipping not selected package 'steering_controllers_library' in 'src/ros-controls/ros2_controllers/steering_controllers_library'
[2.437s] INFO:colcon.colcon_core.package_selection:Skipping not selected package 'tricycle_controller' in 'src/ros-controls/ros2_controllers/tricycle_controller'
[2.437s] INFO:colcon.colcon_core.package_selection:Skipping not selected package 'ackermann_steering_controller' in 'src/ros-controls/ros2_controllers/ackermann_steering_controller'
[2.437s] INFO:colcon.colcon_core.package_selection:Skipping not selected package 'admittance_controller' in 'src/ros-controls/ros2_controllers/admittance_controller'
[2.437s] INFO:colcon.colcon_core.package_selection:Skipping not selected package 'bicycle_steering_controller' in 'src/ros-controls/ros2_controllers/bicycle_steering_controller'
[2.437s] INFO:colcon.colcon_core.package_selection:Skipping not selected package 'effort_controllers' in 'src/ros-controls/ros2_controllers/effort_controllers'
[2.437s] INFO:colcon.colcon_core.package_selection:Skipping not selected package 'position_controllers' in 'src/ros-controls/ros2_controllers/position_controllers'
[2.437s] INFO:colcon.colcon_core.package_selection:Skipping not selected package 'ros2_control' in 'src/ros-controls/ros2_control/ros2_control'
[2.437s] INFO:colcon.colcon_core.package_selection:Skipping not selected package 'ros2_control_demo_example_7' in 'src/ros-controls/ros2_control_demos/example_7'
[2.437s] INFO:colcon.colcon_core.package_selection:Skipping not selected package 'tricycle_steering_controller' in 'src/ros-controls/ros2_controllers/tricycle_steering_controller'
[2.437s] INFO:colcon.colcon_core.package_selection:Skipping not selected package 'velocity_controllers' in 'src/ros-controls/ros2_controllers/velocity_controllers'
[2.437s] INFO:colcon.colcon_core.package_selection:Skipping not selected package 'ros2_control_demos' in 'src/ros-controls/ros2_control_demos/ros2_control_demos'
[2.437s] INFO:colcon.colcon_core.package_selection:Skipping not selected package 'ros2_controllers' in 'src/ros-controls/ros2_controllers/ros2_controllers'
[2.486s] Level 1:colcon.colcon_core.package_discovery:discover_packages(prefix_path) check parameters
[2.486s] Level 1:colcon.colcon_core.package_discovery:discover_packages(prefix_path) discover
[2.535s] DEBUG:colcon.colcon_installed_package_information.package_discovery:Found 13 installed packages in /home/nata/ws_ruka/install
[2.559s] DEBUG:colcon.colcon_installed_package_information.package_discovery:Found 2 installed packages in /home/nata/ws_vr/install
[2.584s] DEBUG:colcon.colcon_installed_package_information.package_discovery:Found 349 installed packages in /opt/ros/humble
[2.587s] Level 1:colcon.colcon_core.package_discovery:discover_packages(prefix_path) using defaults
[2.735s] Level 5:colcon.colcon_core.verb:set package 'ruka' build argument 'cmake_args' from command line to 'None'
[2.735s] Level 5:colcon.colcon_core.verb:set package 'ruka' build argument 'cmake_target' from command line to 'None'
[2.735s] Level 5:colcon.colcon_core.verb:set package 'ruka' build argument 'cmake_target_skip_unavailable' from command line to 'False'
[2.735s] Level 5:colcon.colcon_core.verb:set package 'ruka' build argument 'cmake_clean_cache' from command line to 'False'
[2.735s] Level 5:colcon.colcon_core.verb:set package 'ruka' build argument 'cmake_clean_first' from command line to 'False'
[2.735s] Level 5:colcon.colcon_core.verb:set package 'ruka' build argument 'cmake_force_configure' from command line to 'False'
[2.735s] Level 5:colcon.colcon_core.verb:set package 'ruka' build argument 'ament_cmake_args' from command line to 'None'
[2.735s] Level 5:colcon.colcon_core.verb:set package 'ruka' build argument 'catkin_cmake_args' from command line to 'None'
[2.735s] Level 5:colcon.colcon_core.verb:set package 'ruka' build argument 'catkin_skip_building_tests' from command line to 'False'
[2.735s] DEBUG:colcon.colcon_core.verb:Building package 'ruka' with the following arguments: {'ament_cmake_args': None, 'build_base': '/home/nata/ws_ruka/build/ruka', 'catkin_cmake_args': None, 'catkin_skip_building_tests': False, 'cmake_args': None, 'cmake_clean_cache': False, 'cmake_clean_first': False, 'cmake_force_configure': False, 'cmake_target': None, 'cmake_target_skip_unavailable': False, 'install_base': '/home/nata/ws_ruka/install/ruka', 'merge_install': False, 'path': '/home/nata/ws_ruka/src/ruka', 'symlink_install': False, 'test_result_base': None}
[2.759s] INFO:colcon.colcon_core.executor:Executing jobs using 'parallel' executor
[2.783s] DEBUG:colcon.colcon_parallel_executor.executor.parallel:run_until_complete
[2.784s] INFO:colcon.colcon_ros.task.ament_cmake.build:Building ROS package in '/home/nata/ws_ruka/src/ruka' with build type 'ament_cmake'
[2.784s] INFO:colcon.colcon_cmake.task.cmake.build:Building CMake package in '/home/nata/ws_ruka/src/ruka'
[2.815s] INFO:colcon.colcon_core.plugin_system:Skipping extension 'colcon_core.shell.bat': Not used on non-Windows systems
[2.816s] INFO:colcon.colcon_core.shell:Skip shell extension 'powershell' for command environment: Not usable outside of PowerShell
[2.816s] DEBUG:colcon.colcon_core.shell:Skip shell extension 'dsv' for command environment
[2.919s] ERROR:colcon.colcon_cmake.task.cmake.build:Failed to find the following files:
- /home/nata/ws_ruka/install/ros2_control_demo_description/share/ros2_control_demo_description/package.sh
Check that the following packages have been built:
- ros2_control_demo_description
[2.997s] Level 1:colcon.colcon_core.environment:create_environment_scripts_only(ruka)
[3.025s] Level 1:colcon.colcon_core.environment:checking '/home/nata/ws_ruka/install/ruka' for CMake module files
[3.026s] Level 1:colcon.colcon_core.environment:checking '/home/nata/ws_ruka/install/ruka' for CMake config files
[3.026s] Level 1:colcon.colcon_core.shell:create_environment_hook('ruka', 'cmake_prefix_path')
[3.052s] INFO:colcon.colcon_core.shell:Creating environment hook '/home/nata/ws_ruka/install/ruka/share/ruka/hook/cmake_prefix_path.ps1'
[3.053s] INFO:colcon.colcon_core.shell:Creating environment descriptor '/home/nata/ws_ruka/install/ruka/share/ruka/hook/cmake_prefix_path.dsv'
[3.054s] INFO:colcon.colcon_core.shell:Creating environment hook '/home/nata/ws_ruka/install/ruka/share/ruka/hook/cmake_prefix_path.sh'
[3.056s] Level 1:colcon.colcon_core.environment:checking '/home/nata/ws_ruka/install/ruka/lib'
[3.056s] Level 1:colcon.colcon_core.shell:create_environment_hook('ruka', 'ld_library_path_lib')
[3.080s] INFO:colcon.colcon_core.shell:Creating environment hook '/home/nata/ws_ruka/install/ruka/share/ruka/hook/ld_library_path_lib.ps1'
[3.081s] INFO:colcon.colcon_core.shell:Creating environment descriptor '/home/nata/ws_ruka/install/ruka/share/ruka/hook/ld_library_path_lib.dsv'
[3.082s] INFO:colcon.colcon_core.shell:Creating environment hook '/home/nata/ws_ruka/install/ruka/share/ruka/hook/ld_library_path_lib.sh'
[3.083s] Level 1:colcon.colcon_core.environment:checking '/home/nata/ws_ruka/install/ruka/bin'
[3.083s] Level 1:colcon.colcon_core.environment:checking '/home/nata/ws_ruka/install/ruka/lib/pkgconfig/ruka.pc'
[3.083s] Level 1:colcon.colcon_core.environment:checking '/home/nata/ws_ruka/install/ruka/lib/python3.10/site-packages'
[3.084s] Level 1:colcon.colcon_core.environment:checking '/home/nata/ws_ruka/install/ruka/bin'
[3.110s] INFO:colcon.colcon_core.shell:Creating package script '/home/nata/ws_ruka/install/ruka/share/ruka/package.ps1'
[3.111s] INFO:colcon.colcon_core.shell:Creating package descriptor '/home/nata/ws_ruka/install/ruka/share/ruka/package.dsv'
[3.113s] INFO:colcon.colcon_core.shell:Creating package script '/home/nata/ws_ruka/install/ruka/share/ruka/package.sh'
[3.114s] INFO:colcon.colcon_core.shell:Creating package script '/home/nata/ws_ruka/install/ruka/share/ruka/package.bash'
[3.116s] INFO:colcon.colcon_core.shell:Creating package script '/home/nata/ws_ruka/install/ruka/share/ruka/package.zsh'
[3.118s] Level 1:colcon.colcon_core.environment:create_file_with_runtime_dependencies(/home/nata/ws_ruka/install/ruka/share/colcon-core/packages/ruka)
[3.130s] DEBUG:colcon.colcon_parallel_executor.executor.parallel:closing loop
[3.130s] DEBUG:colcon.colcon_parallel_executor.executor.parallel:loop closed
[3.130s] DEBUG:colcon.colcon_parallel_executor.executor.parallel:run_until_complete finished with '1'
[3.130s] DEBUG:colcon.colcon_core.event_reactor:joining thread
[3.168s] INFO:colcon.colcon_core.plugin_system:Skipping extension 'colcon_notification.desktop_notification.terminal_notifier': Not used on non-Darwin systems
[3.168s] INFO:colcon.colcon_core.plugin_system:Skipping extension 'colcon_notification.desktop_notification.win32': Not used on non-Windows systems
[3.168s] INFO:colcon.colcon_notification.desktop_notification:Sending desktop notification using 'notify2'
[3.190s] DEBUG:colcon.colcon_core.event_reactor:joined thread
[3.219s] INFO:colcon.colcon_core.shell:Creating prefix script '/home/nata/ws_ruka/install/local_setup.ps1'
[3.221s] INFO:colcon.colcon_core.shell:Creating prefix util module '/home/nata/ws_ruka/install/_local_setup_util_ps1.py'
[3.224s] INFO:colcon.colcon_core.shell:Creating prefix chain script '/home/nata/ws_ruka/install/setup.ps1'
[3.257s] INFO:colcon.colcon_core.shell:Creating prefix script '/home/nata/ws_ruka/install/local_setup.sh'
[3.259s] INFO:colcon.colcon_core.shell:Creating prefix util module '/home/nata/ws_ruka/install/_local_setup_util_sh.py'
[3.261s] INFO:colcon.colcon_core.shell:Creating prefix chain script '/home/nata/ws_ruka/install/setup.sh'
[3.288s] INFO:colcon.colcon_core.shell:Creating prefix script '/home/nata/ws_ruka/install/local_setup.bash'
[3.289s] INFO:colcon.colcon_core.shell:Creating prefix chain script '/home/nata/ws_ruka/install/setup.bash'
[3.321s] INFO:colcon.colcon_core.shell:Creating prefix script '/home/nata/ws_ruka/install/local_setup.zsh'
[3.322s] INFO:colcon.colcon_core.shell:Creating prefix chain script '/home/nata/ws_ruka/install/setup.zsh'
