[0.176s] Invoking command in '/home/nata/ws_ruka/build/ruka': AMENT_PREFIX_PATH=/home/nata/ws_ruka/install/ros2controlcli:/home/nata/ws_ruka/install/ros2_control_demo_description:/home/nata/ws_ruka/install/ruka:/home/nata/ws_ruka/install/ros2_controllers_test_nodes:/home/nata/ws_ruka/install/controller_manager:/home/nata/ws_ruka/install/ros2_control_test_assets:/home/nata/ws_ruka/install/joint_state_broadcaster:/home/nata/ws_ruka/install/r_t:/home/nata/ws_ruka/install/controller_interface:/home/nata/ws_ruka/install/hardware_interface:/home/nata/ws_ruka/install/controller_manager_msgs:/home/nata/ws_ruka/install/control_msgs:/home/nata/ws_vr/install/vr_hand:/home/nata/ws_vr/install/vr_t:/opt/ros/humble CMAKE_PREFIX_PATH=/home/nata/ws_ruka/install/joint_state_broadcaster:/home/nata/ws_ruka/install/controller_manager:/home/nata/ws_ruka/install/controller_interface:/home/nata/ws_ruka/install/r_t:/home/nata/ws_ruka/install/hardware_interface:/home/nata/ws_ruka/install/ros2_control_test_assets:/home/nata/ws_ruka/install/ros2_control_demo_description:/home/nata/ws_ruka/install/controller_manager_msgs:/home/nata/ws_ruka/install/control_msgs:/home/nata/ws_ruka/install/ruka:/home/nata/ws_vr/install/vr_hand:/home/nata/ws_vr/install/vr_t:/home/nata/ws_ruka/install/ros2controlcli:/home/nata/ws_ruka/install/ros2_controllers_test_nodes:/opt/ros/humble LD_LIBRARY_PATH=/home/nata/ws_ruka/install/joint_state_broadcaster/lib:/home/nata/ws_ruka/install/controller_manager/lib:/home/nata/ws_ruka/install/controller_interface/lib:/home/nata/ws_ruka/install/hardware_interface/lib:/home/nata/ws_ruka/install/controller_manager_msgs/lib:/home/nata/ws_ruka/install/control_msgs/lib:/home/nata/ws_ruka/install/ruka/lib:/opt/ros/humble/opt/rviz_ogre_vendor/lib:/opt/ros/humble/lib/x86_64-linux-gnu:/opt/ros/humble/lib /usr/bin/cmake --build /home/nata/ws_ruka/build/ruka -- -j8 -l8
[0.250s] [35m[1mConsolidate compiler generated dependencies of target ruka[0m
[0.273s] [ 50%] [32mBuilding CXX object CMakeFiles/ruka.dir/hardware/ruka_hardware.cpp.o[0m
[2.501s] [100%] [32m[1mLinking CXX shared library libruka.so[0m
[2.790s] [100%] Built target ruka
[2.809s] Invoked command in '/home/nata/ws_ruka/build/ruka' returned '0': AMENT_PREFIX_PATH=/home/nata/ws_ruka/install/ros2controlcli:/home/nata/ws_ruka/install/ros2_control_demo_description:/home/nata/ws_ruka/install/ruka:/home/nata/ws_ruka/install/ros2_controllers_test_nodes:/home/nata/ws_ruka/install/controller_manager:/home/nata/ws_ruka/install/ros2_control_test_assets:/home/nata/ws_ruka/install/joint_state_broadcaster:/home/nata/ws_ruka/install/r_t:/home/nata/ws_ruka/install/controller_interface:/home/nata/ws_ruka/install/hardware_interface:/home/nata/ws_ruka/install/controller_manager_msgs:/home/nata/ws_ruka/install/control_msgs:/home/nata/ws_vr/install/vr_hand:/home/nata/ws_vr/install/vr_t:/opt/ros/humble CMAKE_PREFIX_PATH=/home/nata/ws_ruka/install/joint_state_broadcaster:/home/nata/ws_ruka/install/controller_manager:/home/nata/ws_ruka/install/controller_interface:/home/nata/ws_ruka/install/r_t:/home/nata/ws_ruka/install/hardware_interface:/home/nata/ws_ruka/install/ros2_control_test_assets:/home/nata/ws_ruka/install/ros2_control_demo_description:/home/nata/ws_ruka/install/controller_manager_msgs:/home/nata/ws_ruka/install/control_msgs:/home/nata/ws_ruka/install/ruka:/home/nata/ws_vr/install/vr_hand:/home/nata/ws_vr/install/vr_t:/home/nata/ws_ruka/install/ros2controlcli:/home/nata/ws_ruka/install/ros2_controllers_test_nodes:/opt/ros/humble LD_LIBRARY_PATH=/home/nata/ws_ruka/install/joint_state_broadcaster/lib:/home/nata/ws_ruka/install/controller_manager/lib:/home/nata/ws_ruka/install/controller_interface/lib:/home/nata/ws_ruka/install/hardware_interface/lib:/home/nata/ws_ruka/install/controller_manager_msgs/lib:/home/nata/ws_ruka/install/control_msgs/lib:/home/nata/ws_ruka/install/ruka/lib:/opt/ros/humble/opt/rviz_ogre_vendor/lib:/opt/ros/humble/lib/x86_64-linux-gnu:/opt/ros/humble/lib /usr/bin/cmake --build /home/nata/ws_ruka/build/ruka -- -j8 -l8
[2.873s] Invoking command in '/home/nata/ws_ruka/build/ruka': AMENT_PREFIX_PATH=/home/nata/ws_ruka/install/ros2controlcli:/home/nata/ws_ruka/install/ros2_control_demo_description:/home/nata/ws_ruka/install/ruka:/home/nata/ws_ruka/install/ros2_controllers_test_nodes:/home/nata/ws_ruka/install/controller_manager:/home/nata/ws_ruka/install/ros2_control_test_assets:/home/nata/ws_ruka/install/joint_state_broadcaster:/home/nata/ws_ruka/install/r_t:/home/nata/ws_ruka/install/controller_interface:/home/nata/ws_ruka/install/hardware_interface:/home/nata/ws_ruka/install/controller_manager_msgs:/home/nata/ws_ruka/install/control_msgs:/home/nata/ws_vr/install/vr_hand:/home/nata/ws_vr/install/vr_t:/opt/ros/humble CMAKE_PREFIX_PATH=/home/nata/ws_ruka/install/joint_state_broadcaster:/home/nata/ws_ruka/install/controller_manager:/home/nata/ws_ruka/install/controller_interface:/home/nata/ws_ruka/install/r_t:/home/nata/ws_ruka/install/hardware_interface:/home/nata/ws_ruka/install/ros2_control_test_assets:/home/nata/ws_ruka/install/ros2_control_demo_description:/home/nata/ws_ruka/install/controller_manager_msgs:/home/nata/ws_ruka/install/control_msgs:/home/nata/ws_ruka/install/ruka:/home/nata/ws_vr/install/vr_hand:/home/nata/ws_vr/install/vr_t:/home/nata/ws_ruka/install/ros2controlcli:/home/nata/ws_ruka/install/ros2_controllers_test_nodes:/opt/ros/humble LD_LIBRARY_PATH=/home/nata/ws_ruka/install/joint_state_broadcaster/lib:/home/nata/ws_ruka/install/controller_manager/lib:/home/nata/ws_ruka/install/controller_interface/lib:/home/nata/ws_ruka/install/hardware_interface/lib:/home/nata/ws_ruka/install/controller_manager_msgs/lib:/home/nata/ws_ruka/install/control_msgs/lib:/home/nata/ws_ruka/install/ruka/lib:/opt/ros/humble/opt/rviz_ogre_vendor/lib:/opt/ros/humble/lib/x86_64-linux-gnu:/opt/ros/humble/lib /usr/bin/cmake --install /home/nata/ws_ruka/build/ruka
[2.885s] -- Install configuration: ""
[2.885s] -- Up-to-date: /home/nata/ws_ruka/install/ruka/share/ruka/ruka.xml
[2.886s] -- Up-to-date: /home/nata/ws_ruka/install/ruka/share/ruka/launch
[2.886s] -- Up-to-date: /home/nata/ws_ruka/install/ruka/share/ruka/launch/demo.launch.py
[2.886s] -- Up-to-date: /home/nata/ws_ruka/install/ruka/share/ruka/launch/rsp.launch.py
[2.886s] -- Up-to-date: /home/nata/ws_ruka/install/ruka/share/ruka/launch/warehouse_db.launch.py
[2.887s] -- Up-to-date: /home/nata/ws_ruka/install/ruka/share/ruka/launch/view_ruka.rviz
[2.887s] -- Up-to-date: /home/nata/ws_ruka/install/ruka/share/ruka/launch/view_ruka.launch.py
[2.887s] -- Up-to-date: /home/nata/ws_ruka/install/ruka/share/ruka/launch/spawn_controllers.launch.py
[2.887s] -- Up-to-date: /home/nata/ws_ruka/install/ruka/share/ruka/launch/moveit_rviz.launch.py
[2.887s] -- Up-to-date: /home/nata/ws_ruka/install/ruka/share/ruka/launch/static_virtual_joint_tfs.launch.py
[2.887s] -- Up-to-date: /home/nata/ws_ruka/install/ruka/share/ruka/launch/setup_assistant.launch.py
[2.887s] -- Up-to-date: /home/nata/ws_ruka/install/ruka/share/ruka/launch/try.launch.py
[2.887s] -- Up-to-date: /home/nata/ws_ruka/install/ruka/share/ruka/launch/move_group.launch.py
[2.887s] -- Up-to-date: /home/nata/ws_ruka/install/ruka/share/ruka/launch/ruka_controller.launch.py
[2.887s] -- Up-to-date: /home/nata/ws_ruka/install/ruka/share/ruka/config
[2.887s] -- Up-to-date: /home/nata/ws_ruka/install/ruka/share/ruka/config/sensors_3d.yaml
[2.887s] -- Up-to-date: /home/nata/ws_ruka/install/ruka/share/ruka/config/pilz_cartesian_limits.yaml
[2.888s] -- Up-to-date: /home/nata/ws_ruka/install/ruka/share/ruka/config/kinematics.yaml
[2.888s] -- Up-to-date: /home/nata/ws_ruka/install/ruka/share/ruka/config/ruka.urdf.xacro
[2.888s] -- Up-to-date: /home/nata/ws_ruka/install/ruka/share/ruka/config/moveit.rviz
[2.888s] -- Up-to-date: /home/nata/ws_ruka/install/ruka/share/ruka/config/view.rviz
[2.888s] -- Up-to-date: /home/nata/ws_ruka/install/ruka/share/ruka/config/initial_positions.yaml
[2.888s] -- Up-to-date: /home/nata/ws_ruka/install/ruka/share/ruka/config/ros2_controllers.yaml
[2.888s] -- Up-to-date: /home/nata/ws_ruka/install/ruka/share/ruka/config/joint_limits.yaml
[2.888s] -- Up-to-date: /home/nata/ws_ruka/install/ruka/share/ruka/config/moveit_controllers.yaml
[2.889s] -- Up-to-date: /home/nata/ws_ruka/install/ruka/share/ruka/config/ruka.ros2_control.xacro
[2.889s] -- Up-to-date: /home/nata/ws_ruka/install/ruka/share/ruka/config/ruka.srdf
[2.889s] -- Up-to-date: /home/nata/ws_ruka/install/ruka/share/ruka/config/ruka.urdf
[2.890s] -- Up-to-date: /home/nata/ws_ruka/install/ruka/share/ruka/.setup_assistant
[2.890s] -- Up-to-date: /home/nata/ws_ruka/install/ruka/include/ruka
[2.890s] -- Up-to-date: /home/nata/ws_ruka/install/ruka/include/ruka/ruka_hardware.hpp
[2.890s] -- Installing: /home/nata/ws_ruka/install/ruka/lib/libruka.so
[2.890s] -- Set runtime path of "/home/nata/ws_ruka/install/ruka/lib/libruka.so" to ""
[2.890s] -- Up-to-date: /home/nata/ws_ruka/install/ruka/share/ruka/environment/library_path.sh
[2.891s] -- Up-to-date: /home/nata/ws_ruka/install/ruka/share/ruka/environment/library_path.dsv
[2.891s] -- Up-to-date: /home/nata/ws_ruka/install/ruka/share/ament_index/resource_index/package_run_dependencies/ruka
[2.892s] -- Up-to-date: /home/nata/ws_ruka/install/ruka/share/ament_index/resource_index/parent_prefix_path/ruka
[2.892s] -- Up-to-date: /home/nata/ws_ruka/install/ruka/share/ruka/environment/ament_prefix_path.sh
[2.892s] -- Up-to-date: /home/nata/ws_ruka/install/ruka/share/ruka/environment/ament_prefix_path.dsv
[2.892s] -- Up-to-date: /home/nata/ws_ruka/install/ruka/share/ruka/environment/path.sh
[2.892s] -- Up-to-date: /home/nata/ws_ruka/install/ruka/share/ruka/environment/path.dsv
[2.892s] -- Up-to-date: /home/nata/ws_ruka/install/ruka/share/ruka/local_setup.bash
[2.892s] -- Up-to-date: /home/nata/ws_ruka/install/ruka/share/ruka/local_setup.sh
[2.892s] -- Up-to-date: /home/nata/ws_ruka/install/ruka/share/ruka/local_setup.zsh
[2.892s] -- Up-to-date: /home/nata/ws_ruka/install/ruka/share/ruka/local_setup.dsv
[2.893s] -- Installing: /home/nata/ws_ruka/install/ruka/share/ruka/package.dsv
[2.893s] -- Up-to-date: /home/nata/ws_ruka/install/ruka/share/ament_index/resource_index/packages/ruka
[2.893s] -- Up-to-date: /home/nata/ws_ruka/install/ruka/share/ament_index/resource_index/hardware_interface__pluginlib__plugin/ruka
[2.893s] -- Up-to-date: /home/nata/ws_ruka/install/ruka/share/ruka/cmake/export_rukaExport.cmake
[2.893s] -- Up-to-date: /home/nata/ws_ruka/install/ruka/share/ruka/cmake/export_rukaExport-noconfig.cmake
[2.893s] -- Up-to-date: /home/nata/ws_ruka/install/ruka/share/ruka/cmake/ament_cmake_export_targets-extras.cmake
[2.894s] -- Up-to-date: /home/nata/ws_ruka/install/ruka/share/ruka/cmake/ament_cmake_export_dependencies-extras.cmake
[2.894s] -- Up-to-date: /home/nata/ws_ruka/install/ruka/share/ruka/cmake/rukaConfig.cmake
[2.894s] -- Up-to-date: /home/nata/ws_ruka/install/ruka/share/ruka/cmake/rukaConfig-version.cmake
[2.895s] -- Up-to-date: /home/nata/ws_ruka/install/ruka/share/ruka/package.xml
[2.896s] Invoked command in '/home/nata/ws_ruka/build/ruka' returned '0': AMENT_PREFIX_PATH=/home/nata/ws_ruka/install/ros2controlcli:/home/nata/ws_ruka/install/ros2_control_demo_description:/home/nata/ws_ruka/install/ruka:/home/nata/ws_ruka/install/ros2_controllers_test_nodes:/home/nata/ws_ruka/install/controller_manager:/home/nata/ws_ruka/install/ros2_control_test_assets:/home/nata/ws_ruka/install/joint_state_broadcaster:/home/nata/ws_ruka/install/r_t:/home/nata/ws_ruka/install/controller_interface:/home/nata/ws_ruka/install/hardware_interface:/home/nata/ws_ruka/install/controller_manager_msgs:/home/nata/ws_ruka/install/control_msgs:/home/nata/ws_vr/install/vr_hand:/home/nata/ws_vr/install/vr_t:/opt/ros/humble CMAKE_PREFIX_PATH=/home/nata/ws_ruka/install/joint_state_broadcaster:/home/nata/ws_ruka/install/controller_manager:/home/nata/ws_ruka/install/controller_interface:/home/nata/ws_ruka/install/r_t:/home/nata/ws_ruka/install/hardware_interface:/home/nata/ws_ruka/install/ros2_control_test_assets:/home/nata/ws_ruka/install/ros2_control_demo_description:/home/nata/ws_ruka/install/controller_manager_msgs:/home/nata/ws_ruka/install/control_msgs:/home/nata/ws_ruka/install/ruka:/home/nata/ws_vr/install/vr_hand:/home/nata/ws_vr/install/vr_t:/home/nata/ws_ruka/install/ros2controlcli:/home/nata/ws_ruka/install/ros2_controllers_test_nodes:/opt/ros/humble LD_LIBRARY_PATH=/home/nata/ws_ruka/install/joint_state_broadcaster/lib:/home/nata/ws_ruka/install/controller_manager/lib:/home/nata/ws_ruka/install/controller_interface/lib:/home/nata/ws_ruka/install/hardware_interface/lib:/home/nata/ws_ruka/install/controller_manager_msgs/lib:/home/nata/ws_ruka/install/control_msgs/lib:/home/nata/ws_ruka/install/ruka/lib:/opt/ros/humble/opt/rviz_ogre_vendor/lib:/opt/ros/humble/lib/x86_64-linux-gnu:/opt/ros/humble/lib /usr/bin/cmake --install /home/nata/ws_ruka/build/ruka
