[0.244s] Invoking command in '/home/nata/ws_ruka/build/ruka': AMENT_PREFIX_PATH=/home/nata/ws_ruka/install/ros2controlcli:/home/nata/ws_ruka/install/ros2_control_demo_description:/home/nata/ws_ruka/install/ruka:/home/nata/ws_ruka/install/ros2_controllers_test_nodes:/home/nata/ws_ruka/install/controller_manager:/home/nata/ws_ruka/install/ros2_control_test_assets:/home/nata/ws_ruka/install/joint_state_broadcaster:/home/nata/ws_ruka/install/r_t:/home/nata/ws_ruka/install/controller_interface:/home/nata/ws_ruka/install/hardware_interface:/home/nata/ws_ruka/install/controller_manager_msgs:/home/nata/ws_ruka/install/control_msgs:/home/nata/ws_vr/install/vr_hand:/home/nata/ws_vr/install/vr_t:/opt/ros/humble CMAKE_PREFIX_PATH=/home/nata/ws_ruka/install/joint_state_broadcaster:/home/nata/ws_ruka/install/controller_manager:/home/nata/ws_ruka/install/controller_interface:/home/nata/ws_ruka/install/r_t:/home/nata/ws_ruka/install/hardware_interface:/home/nata/ws_ruka/install/ros2_control_test_assets:/home/nata/ws_ruka/install/ros2_control_demo_description:/home/nata/ws_ruka/install/controller_manager_msgs:/home/nata/ws_ruka/install/control_msgs:/home/nata/ws_ruka/install/ruka:/home/nata/ws_vr/install/vr_hand:/home/nata/ws_vr/install/vr_t:/home/nata/ws_ruka/install/ros2controlcli:/home/nata/ws_ruka/install/ros2_controllers_test_nodes:/opt/ros/humble LD_LIBRARY_PATH=/home/nata/ws_ruka/install/joint_state_broadcaster/lib:/home/nata/ws_ruka/install/controller_manager/lib:/home/nata/ws_ruka/install/controller_interface/lib:/home/nata/ws_ruka/install/hardware_interface/lib:/home/nata/ws_ruka/install/controller_manager_msgs/lib:/home/nata/ws_ruka/install/control_msgs/lib:/home/nata/ws_ruka/install/ruka/lib:/opt/ros/humble/opt/rviz_ogre_vendor/lib:/opt/ros/humble/lib/x86_64-linux-gnu:/opt/ros/humble/lib /usr/bin/cmake --build /home/nata/ws_ruka/build/ruka -- -j8 -l8
[0.403s] [35m[1mConsolidate compiler generated dependencies of target ruka[0m
[0.459s] [ 50%] [32mBuilding CXX object CMakeFiles/ruka.dir/hardware/ruka_hardware.cpp.o[0m
[3.245s] [100%] [32m[1mLinking CXX shared library libruka.so[0m
[3.675s] [100%] Built target ruka
[3.693s] Invoked command in '/home/nata/ws_ruka/build/ruka' returned '0': AMENT_PREFIX_PATH=/home/nata/ws_ruka/install/ros2controlcli:/home/nata/ws_ruka/install/ros2_control_demo_description:/home/nata/ws_ruka/install/ruka:/home/nata/ws_ruka/install/ros2_controllers_test_nodes:/home/nata/ws_ruka/install/controller_manager:/home/nata/ws_ruka/install/ros2_control_test_assets:/home/nata/ws_ruka/install/joint_state_broadcaster:/home/nata/ws_ruka/install/r_t:/home/nata/ws_ruka/install/controller_interface:/home/nata/ws_ruka/install/hardware_interface:/home/nata/ws_ruka/install/controller_manager_msgs:/home/nata/ws_ruka/install/control_msgs:/home/nata/ws_vr/install/vr_hand:/home/nata/ws_vr/install/vr_t:/opt/ros/humble CMAKE_PREFIX_PATH=/home/nata/ws_ruka/install/joint_state_broadcaster:/home/nata/ws_ruka/install/controller_manager:/home/nata/ws_ruka/install/controller_interface:/home/nata/ws_ruka/install/r_t:/home/nata/ws_ruka/install/hardware_interface:/home/nata/ws_ruka/install/ros2_control_test_assets:/home/nata/ws_ruka/install/ros2_control_demo_description:/home/nata/ws_ruka/install/controller_manager_msgs:/home/nata/ws_ruka/install/control_msgs:/home/nata/ws_ruka/install/ruka:/home/nata/ws_vr/install/vr_hand:/home/nata/ws_vr/install/vr_t:/home/nata/ws_ruka/install/ros2controlcli:/home/nata/ws_ruka/install/ros2_controllers_test_nodes:/opt/ros/humble LD_LIBRARY_PATH=/home/nata/ws_ruka/install/joint_state_broadcaster/lib:/home/nata/ws_ruka/install/controller_manager/lib:/home/nata/ws_ruka/install/controller_interface/lib:/home/nata/ws_ruka/install/hardware_interface/lib:/home/nata/ws_ruka/install/controller_manager_msgs/lib:/home/nata/ws_ruka/install/control_msgs/lib:/home/nata/ws_ruka/install/ruka/lib:/opt/ros/humble/opt/rviz_ogre_vendor/lib:/opt/ros/humble/lib/x86_64-linux-gnu:/opt/ros/humble/lib /usr/bin/cmake --build /home/nata/ws_ruka/build/ruka -- -j8 -l8
[3.756s] Invoking command in '/home/nata/ws_ruka/build/ruka': AMENT_PREFIX_PATH=/home/nata/ws_ruka/install/ros2controlcli:/home/nata/ws_ruka/install/ros2_control_demo_description:/home/nata/ws_ruka/install/ruka:/home/nata/ws_ruka/install/ros2_controllers_test_nodes:/home/nata/ws_ruka/install/controller_manager:/home/nata/ws_ruka/install/ros2_control_test_assets:/home/nata/ws_ruka/install/joint_state_broadcaster:/home/nata/ws_ruka/install/r_t:/home/nata/ws_ruka/install/controller_interface:/home/nata/ws_ruka/install/hardware_interface:/home/nata/ws_ruka/install/controller_manager_msgs:/home/nata/ws_ruka/install/control_msgs:/home/nata/ws_vr/install/vr_hand:/home/nata/ws_vr/install/vr_t:/opt/ros/humble CMAKE_PREFIX_PATH=/home/nata/ws_ruka/install/joint_state_broadcaster:/home/nata/ws_ruka/install/controller_manager:/home/nata/ws_ruka/install/controller_interface:/home/nata/ws_ruka/install/r_t:/home/nata/ws_ruka/install/hardware_interface:/home/nata/ws_ruka/install/ros2_control_test_assets:/home/nata/ws_ruka/install/ros2_control_demo_description:/home/nata/ws_ruka/install/controller_manager_msgs:/home/nata/ws_ruka/install/control_msgs:/home/nata/ws_ruka/install/ruka:/home/nata/ws_vr/install/vr_hand:/home/nata/ws_vr/install/vr_t:/home/nata/ws_ruka/install/ros2controlcli:/home/nata/ws_ruka/install/ros2_controllers_test_nodes:/opt/ros/humble LD_LIBRARY_PATH=/home/nata/ws_ruka/install/joint_state_broadcaster/lib:/home/nata/ws_ruka/install/controller_manager/lib:/home/nata/ws_ruka/install/controller_interface/lib:/home/nata/ws_ruka/install/hardware_interface/lib:/home/nata/ws_ruka/install/controller_manager_msgs/lib:/home/nata/ws_ruka/install/control_msgs/lib:/home/nata/ws_ruka/install/ruka/lib:/opt/ros/humble/opt/rviz_ogre_vendor/lib:/opt/ros/humble/lib/x86_64-linux-gnu:/opt/ros/humble/lib /usr/bin/cmake --install /home/nata/ws_ruka/build/ruka
[3.780s] -- Install configuration: ""
[3.780s] -- Up-to-date: /home/nata/ws_ruka/install/ruka/share/ruka/ruka.xml
[3.781s] -- Up-to-date: /home/nata/ws_ruka/install/ruka/share/ruka/launch
[3.781s] -- Up-to-date: /home/nata/ws_ruka/install/ruka/share/ruka/launch/demo.launch.py
[3.781s] -- Up-to-date: /home/nata/ws_ruka/install/ruka/share/ruka/launch/rsp.launch.py
[3.782s] -- Up-to-date: /home/nata/ws_ruka/install/ruka/share/ruka/launch/warehouse_db.launch.py
[3.782s] -- Up-to-date: /home/nata/ws_ruka/install/ruka/share/ruka/launch/view_ruka.rviz
[3.783s] -- Up-to-date: /home/nata/ws_ruka/install/ruka/share/ruka/launch/view_ruka.launch.py
[3.783s] -- Up-to-date: /home/nata/ws_ruka/install/ruka/share/ruka/launch/spawn_controllers.launch.py
[3.783s] -- Up-to-date: /home/nata/ws_ruka/install/ruka/share/ruka/launch/moveit_rviz.launch.py
[3.783s] -- Up-to-date: /home/nata/ws_ruka/install/ruka/share/ruka/launch/static_virtual_joint_tfs.launch.py
[3.783s] -- Up-to-date: /home/nata/ws_ruka/install/ruka/share/ruka/launch/setup_assistant.launch.py
[3.784s] -- Up-to-date: /home/nata/ws_ruka/install/ruka/share/ruka/launch/try.launch.py
[3.784s] -- Up-to-date: /home/nata/ws_ruka/install/ruka/share/ruka/launch/move_group.launch.py
[3.784s] -- Up-to-date: /home/nata/ws_ruka/install/ruka/share/ruka/launch/ruka_controller.launch.py
[3.784s] -- Up-to-date: /home/nata/ws_ruka/install/ruka/share/ruka/config
[3.784s] -- Up-to-date: /home/nata/ws_ruka/install/ruka/share/ruka/config/sensors_3d.yaml
[3.784s] -- Up-to-date: /home/nata/ws_ruka/install/ruka/share/ruka/config/pilz_cartesian_limits.yaml
[3.785s] -- Up-to-date: /home/nata/ws_ruka/install/ruka/share/ruka/config/kinematics.yaml
[3.785s] -- Up-to-date: /home/nata/ws_ruka/install/ruka/share/ruka/config/ruka.urdf.xacro
[3.785s] -- Up-to-date: /home/nata/ws_ruka/install/ruka/share/ruka/config/moveit.rviz
[3.786s] -- Up-to-date: /home/nata/ws_ruka/install/ruka/share/ruka/config/view.rviz
[3.786s] -- Up-to-date: /home/nata/ws_ruka/install/ruka/share/ruka/config/initial_positions.yaml
[3.786s] -- Up-to-date: /home/nata/ws_ruka/install/ruka/share/ruka/config/ros2_controllers.yaml
[3.786s] -- Up-to-date: /home/nata/ws_ruka/install/ruka/share/ruka/config/joint_limits.yaml
[3.786s] -- Up-to-date: /home/nata/ws_ruka/install/ruka/share/ruka/config/moveit_controllers.yaml
[3.787s] -- Up-to-date: /home/nata/ws_ruka/install/ruka/share/ruka/config/ruka.ros2_control.xacro
[3.787s] -- Up-to-date: /home/nata/ws_ruka/install/ruka/share/ruka/config/ruka.srdf
[3.787s] -- Up-to-date: /home/nata/ws_ruka/install/ruka/share/ruka/config/ruka.urdf
[3.787s] -- Up-to-date: /home/nata/ws_ruka/install/ruka/share/ruka/.setup_assistant
[3.787s] -- Up-to-date: /home/nata/ws_ruka/install/ruka/include/ruka
[3.787s] -- Installing: /home/nata/ws_ruka/install/ruka/include/ruka/ruka_hardware.hpp
[3.788s] -- Installing: /home/nata/ws_ruka/install/ruka/lib/libruka.so
[3.788s] -- Set runtime path of "/home/nata/ws_ruka/install/ruka/lib/libruka.so" to ""
[3.789s] -- Up-to-date: /home/nata/ws_ruka/install/ruka/share/ruka/environment/library_path.sh
[3.789s] -- Up-to-date: /home/nata/ws_ruka/install/ruka/share/ruka/environment/library_path.dsv
[3.789s] -- Up-to-date: /home/nata/ws_ruka/install/ruka/share/ament_index/resource_index/package_run_dependencies/ruka
[3.790s] -- Up-to-date: /home/nata/ws_ruka/install/ruka/share/ament_index/resource_index/parent_prefix_path/ruka
[3.790s] -- Up-to-date: /home/nata/ws_ruka/install/ruka/share/ruka/environment/ament_prefix_path.sh
[3.790s] -- Up-to-date: /home/nata/ws_ruka/install/ruka/share/ruka/environment/ament_prefix_path.dsv
[3.791s] -- Up-to-date: /home/nata/ws_ruka/install/ruka/share/ruka/environment/path.sh
[3.791s] -- Up-to-date: /home/nata/ws_ruka/install/ruka/share/ruka/environment/path.dsv
[3.791s] -- Up-to-date: /home/nata/ws_ruka/install/ruka/share/ruka/local_setup.bash
[3.791s] -- Up-to-date: /home/nata/ws_ruka/install/ruka/share/ruka/local_setup.sh
[3.791s] -- Up-to-date: /home/nata/ws_ruka/install/ruka/share/ruka/local_setup.zsh
[3.791s] -- Up-to-date: /home/nata/ws_ruka/install/ruka/share/ruka/local_setup.dsv
[3.791s] -- Installing: /home/nata/ws_ruka/install/ruka/share/ruka/package.dsv
[3.792s] -- Up-to-date: /home/nata/ws_ruka/install/ruka/share/ament_index/resource_index/packages/ruka
[3.792s] -- Up-to-date: /home/nata/ws_ruka/install/ruka/share/ament_index/resource_index/hardware_interface__pluginlib__plugin/ruka
[3.796s] -- Up-to-date: /home/nata/ws_ruka/install/ruka/share/ruka/cmake/export_rukaExport.cmake
[3.796s] -- Up-to-date: /home/nata/ws_ruka/install/ruka/share/ruka/cmake/export_rukaExport-noconfig.cmake
[3.796s] -- Up-to-date: /home/nata/ws_ruka/install/ruka/share/ruka/cmake/ament_cmake_export_targets-extras.cmake
[3.797s] -- Up-to-date: /home/nata/ws_ruka/install/ruka/share/ruka/cmake/ament_cmake_export_dependencies-extras.cmake
[3.797s] -- Up-to-date: /home/nata/ws_ruka/install/ruka/share/ruka/cmake/rukaConfig.cmake
[3.797s] -- Up-to-date: /home/nata/ws_ruka/install/ruka/share/ruka/cmake/rukaConfig-version.cmake
[3.797s] -- Up-to-date: /home/nata/ws_ruka/install/ruka/share/ruka/package.xml
[3.800s] Invoked command in '/home/nata/ws_ruka/build/ruka' returned '0': AMENT_PREFIX_PATH=/home/nata/ws_ruka/install/ros2controlcli:/home/nata/ws_ruka/install/ros2_control_demo_description:/home/nata/ws_ruka/install/ruka:/home/nata/ws_ruka/install/ros2_controllers_test_nodes:/home/nata/ws_ruka/install/controller_manager:/home/nata/ws_ruka/install/ros2_control_test_assets:/home/nata/ws_ruka/install/joint_state_broadcaster:/home/nata/ws_ruka/install/r_t:/home/nata/ws_ruka/install/controller_interface:/home/nata/ws_ruka/install/hardware_interface:/home/nata/ws_ruka/install/controller_manager_msgs:/home/nata/ws_ruka/install/control_msgs:/home/nata/ws_vr/install/vr_hand:/home/nata/ws_vr/install/vr_t:/opt/ros/humble CMAKE_PREFIX_PATH=/home/nata/ws_ruka/install/joint_state_broadcaster:/home/nata/ws_ruka/install/controller_manager:/home/nata/ws_ruka/install/controller_interface:/home/nata/ws_ruka/install/r_t:/home/nata/ws_ruka/install/hardware_interface:/home/nata/ws_ruka/install/ros2_control_test_assets:/home/nata/ws_ruka/install/ros2_control_demo_description:/home/nata/ws_ruka/install/controller_manager_msgs:/home/nata/ws_ruka/install/control_msgs:/home/nata/ws_ruka/install/ruka:/home/nata/ws_vr/install/vr_hand:/home/nata/ws_vr/install/vr_t:/home/nata/ws_ruka/install/ros2controlcli:/home/nata/ws_ruka/install/ros2_controllers_test_nodes:/opt/ros/humble LD_LIBRARY_PATH=/home/nata/ws_ruka/install/joint_state_broadcaster/lib:/home/nata/ws_ruka/install/controller_manager/lib:/home/nata/ws_ruka/install/controller_interface/lib:/home/nata/ws_ruka/install/hardware_interface/lib:/home/nata/ws_ruka/install/controller_manager_msgs/lib:/home/nata/ws_ruka/install/control_msgs/lib:/home/nata/ws_ruka/install/ruka/lib:/opt/ros/humble/opt/rviz_ogre_vendor/lib:/opt/ros/humble/lib/x86_64-linux-gnu:/opt/ros/humble/lib /usr/bin/cmake --install /home/nata/ws_ruka/build/ruka
