[0.118s] Invoking command in '/home/nata/ws_ruka/build/ruka': AMENT_PREFIX_PATH=/home/nata/ws_ruka/install/ros2controlcli:/home/nata/ws_ruka/install/ruka:/home/nata/ws_ruka/install/ros2_controllers_test_nodes:/home/nata/ws_ruka/install/controller_manager:/home/nata/ws_ruka/install/ros2_control_test_assets:/home/nata/ws_ruka/install/joint_state_broadcaster:/home/nata/ws_ruka/install/r_t:/home/nata/ws_ruka/install/controller_interface:/home/nata/ws_ruka/install/hardware_interface:/home/nata/ws_ruka/install/controller_manager_msgs:/home/nata/ws_ruka/install/control_msgs:/home/nata/ws_ruka/ros2_control_demos/install/ros2_control_demos:/home/nata/ws_ruka/ros2_control_demos/install/ros2_control_demo_example_7:/home/nata/ws_ruka/ros2_control_demos/install/ros2_control_demo_description:/home/nata/ws_vr/install/vr_hand:/home/nata/ws_vr/install/vr_t:/opt/ros/humble CMAKE_PREFIX_PATH=/home/nata/ws_ruka/install/joint_state_broadcaster:/home/nata/ws_ruka/install/controller_manager:/home/nata/ws_ruka/install/controller_interface:/home/nata/ws_ruka/install/r_t:/home/nata/ws_ruka/install/hardware_interface:/home/nata/ws_ruka/install/ros2_control_test_assets:/home/nata/ws_ruka/install/controller_manager_msgs:/home/nata/ws_ruka/install/control_msgs:/home/nata/ws_ruka/install/ruka:/home/nata/ws_ruka/ros2_control_demos/install/ros2_control_demos:/home/nata/ws_ruka/ros2_control_demos/install/ros2_control_demo_example_7:/home/nata/ws_ruka/ros2_control_demos/install/ros2_control_demo_description:/home/nata/ws_vr/install/vr_hand:/home/nata/ws_vr/install/vr_t:/home/nata/ws_ruka/install/ros2controlcli:/home/nata/ws_ruka/install/ros2_controllers_test_nodes:/opt/ros/humble LD_LIBRARY_PATH=/home/nata/ws_ruka/install/joint_state_broadcaster/lib:/home/nata/ws_ruka/install/controller_manager/lib:/home/nata/ws_ruka/install/controller_interface/lib:/home/nata/ws_ruka/install/hardware_interface/lib:/home/nata/ws_ruka/install/controller_manager_msgs/lib:/home/nata/ws_ruka/install/control_msgs/lib:/home/nata/ws_ruka/install/ruka/lib:/home/nata/ws_ruka/ros2_control_demos/install/ros2_control_demo_example_7/lib:/opt/ros/humble/opt/rviz_ogre_vendor/lib:/opt/ros/humble/lib/x86_64-linux-gnu:/opt/ros/humble/lib /usr/bin/cmake /home/nata/ws_ruka/src/ruka -DCMAKE_INSTALL_PREFIX=/home/nata/ws_ruka/install/ruka
[0.281s] -- The C compiler identification is GNU 11.4.0
[0.353s] -- The CXX compiler identification is GNU 11.4.0
[0.375s] -- Detecting C compiler ABI info
[0.457s] -- Detecting C compiler ABI info - done
[0.464s] -- Check for working C compiler: /usr/bin/cc - skipped
[0.465s] -- Detecting C compile features
[0.466s] -- Detecting C compile features - done
[0.471s] -- Detecting CXX compiler ABI info
[0.556s] -- Detecting CXX compiler ABI info - done
[0.563s] -- Check for working CXX compiler: /usr/bin/c++ - skipped
[0.564s] -- Detecting CXX compile features
[0.564s] -- Detecting CXX compile features - done
[0.578s] -- Found ament_cmake: 1.3.6 (/opt/ros/humble/share/ament_cmake/cmake)
[0.778s] -- Found Python3: /usr/bin/python3.10 (found version "3.10.12") found components: Interpreter 
[0.939s] -- Found hardware_interface: 2.36.1 (/home/nata/ws_ruka/install/hardware_interface/share/hardware_interface/cmake)
[1.044s] -- Found rosidl_generator_c: 3.1.5 (/opt/ros/humble/share/rosidl_generator_c/cmake)
[1.057s] -- Found rosidl_adapter: 3.1.5 (/opt/ros/humble/share/rosidl_adapter/cmake)
[1.079s] -- Found rosidl_generator_cpp: 3.1.5 (/opt/ros/humble/share/rosidl_generator_cpp/cmake)
[1.114s] -- Using all available rosidl_typesupport_c: rosidl_typesupport_fastrtps_c;rosidl_typesupport_introspection_c
[1.156s] -- Using all available rosidl_typesupport_cpp: rosidl_typesupport_fastrtps_cpp;rosidl_typesupport_introspection_cpp
[2.015s] -- Found rmw_implementation_cmake: 6.1.1 (/opt/ros/humble/share/rmw_implementation_cmake/cmake)
[2.023s] -- Found rmw_fastrtps_cpp: 6.2.5 (/opt/ros/humble/share/rmw_fastrtps_cpp/cmake)
[2.098s] -- Found TinyXML2 via Config file: TinyXML2_DIR-NOTFOUND
[2.187s] -- Found OpenSSL: /usr/lib/x86_64-linux-gnu/libcrypto.so (found version "3.0.2")  
[2.192s] -- Found TinyXML2 via Config file: TinyXML2_DIR-NOTFOUND
[2.210s] -- Found FastRTPS: /opt/ros/humble/include  
[2.221s] -- Found TinyXML2 via Config file: TinyXML2_DIR-NOTFOUND
[2.229s] -- Found TinyXML2 via Config file: TinyXML2_DIR-NOTFOUND
[2.242s] -- Using RMW implementation 'rmw_fastrtps_cpp' as default
[2.268s] -- Looking for pthread.h
[2.351s] -- Looking for pthread.h - found
[2.351s] -- Performing Test CMAKE_HAVE_LIBC_PTHREAD
[2.435s] -- Performing Test CMAKE_HAVE_LIBC_PTHREAD - Success
[2.436s] -- Found Threads: TRUE  
[2.698s] -- Found ament_cmake_gtest: 1.3.6 (/opt/ros/humble/share/ament_cmake_gtest/cmake)
[2.777s] -- Configuring done
[2.802s] -- Generating done
[2.804s] -- Build files have been written to: /home/nata/ws_ruka/build/ruka
[2.815s] Invoked command in '/home/nata/ws_ruka/build/ruka' returned '0': AMENT_PREFIX_PATH=/home/nata/ws_ruka/install/ros2controlcli:/home/nata/ws_ruka/install/ruka:/home/nata/ws_ruka/install/ros2_controllers_test_nodes:/home/nata/ws_ruka/install/controller_manager:/home/nata/ws_ruka/install/ros2_control_test_assets:/home/nata/ws_ruka/install/joint_state_broadcaster:/home/nata/ws_ruka/install/r_t:/home/nata/ws_ruka/install/controller_interface:/home/nata/ws_ruka/install/hardware_interface:/home/nata/ws_ruka/install/controller_manager_msgs:/home/nata/ws_ruka/install/control_msgs:/home/nata/ws_ruka/ros2_control_demos/install/ros2_control_demos:/home/nata/ws_ruka/ros2_control_demos/install/ros2_control_demo_example_7:/home/nata/ws_ruka/ros2_control_demos/install/ros2_control_demo_description:/home/nata/ws_vr/install/vr_hand:/home/nata/ws_vr/install/vr_t:/opt/ros/humble CMAKE_PREFIX_PATH=/home/nata/ws_ruka/install/joint_state_broadcaster:/home/nata/ws_ruka/install/controller_manager:/home/nata/ws_ruka/install/controller_interface:/home/nata/ws_ruka/install/r_t:/home/nata/ws_ruka/install/hardware_interface:/home/nata/ws_ruka/install/ros2_control_test_assets:/home/nata/ws_ruka/install/controller_manager_msgs:/home/nata/ws_ruka/install/control_msgs:/home/nata/ws_ruka/install/ruka:/home/nata/ws_ruka/ros2_control_demos/install/ros2_control_demos:/home/nata/ws_ruka/ros2_control_demos/install/ros2_control_demo_example_7:/home/nata/ws_ruka/ros2_control_demos/install/ros2_control_demo_description:/home/nata/ws_vr/install/vr_hand:/home/nata/ws_vr/install/vr_t:/home/nata/ws_ruka/install/ros2controlcli:/home/nata/ws_ruka/install/ros2_controllers_test_nodes:/opt/ros/humble LD_LIBRARY_PATH=/home/nata/ws_ruka/install/joint_state_broadcaster/lib:/home/nata/ws_ruka/install/controller_manager/lib:/home/nata/ws_ruka/install/controller_interface/lib:/home/nata/ws_ruka/install/hardware_interface/lib:/home/nata/ws_ruka/install/controller_manager_msgs/lib:/home/nata/ws_ruka/install/control_msgs/lib:/home/nata/ws_ruka/install/ruka/lib:/home/nata/ws_ruka/ros2_control_demos/install/ros2_control_demo_example_7/lib:/opt/ros/humble/opt/rviz_ogre_vendor/lib:/opt/ros/humble/lib/x86_64-linux-gnu:/opt/ros/humble/lib /usr/bin/cmake /home/nata/ws_ruka/src/ruka -DCMAKE_INSTALL_PREFIX=/home/nata/ws_ruka/install/ruka
[2.816s] Invoking command in '/home/nata/ws_ruka/build/ruka': AMENT_PREFIX_PATH=/home/nata/ws_ruka/install/ros2controlcli:/home/nata/ws_ruka/install/ruka:/home/nata/ws_ruka/install/ros2_controllers_test_nodes:/home/nata/ws_ruka/install/controller_manager:/home/nata/ws_ruka/install/ros2_control_test_assets:/home/nata/ws_ruka/install/joint_state_broadcaster:/home/nata/ws_ruka/install/r_t:/home/nata/ws_ruka/install/controller_interface:/home/nata/ws_ruka/install/hardware_interface:/home/nata/ws_ruka/install/controller_manager_msgs:/home/nata/ws_ruka/install/control_msgs:/home/nata/ws_ruka/ros2_control_demos/install/ros2_control_demos:/home/nata/ws_ruka/ros2_control_demos/install/ros2_control_demo_example_7:/home/nata/ws_ruka/ros2_control_demos/install/ros2_control_demo_description:/home/nata/ws_vr/install/vr_hand:/home/nata/ws_vr/install/vr_t:/opt/ros/humble CMAKE_PREFIX_PATH=/home/nata/ws_ruka/install/joint_state_broadcaster:/home/nata/ws_ruka/install/controller_manager:/home/nata/ws_ruka/install/controller_interface:/home/nata/ws_ruka/install/r_t:/home/nata/ws_ruka/install/hardware_interface:/home/nata/ws_ruka/install/ros2_control_test_assets:/home/nata/ws_ruka/install/controller_manager_msgs:/home/nata/ws_ruka/install/control_msgs:/home/nata/ws_ruka/install/ruka:/home/nata/ws_ruka/ros2_control_demos/install/ros2_control_demos:/home/nata/ws_ruka/ros2_control_demos/install/ros2_control_demo_example_7:/home/nata/ws_ruka/ros2_control_demos/install/ros2_control_demo_description:/home/nata/ws_vr/install/vr_hand:/home/nata/ws_vr/install/vr_t:/home/nata/ws_ruka/install/ros2controlcli:/home/nata/ws_ruka/install/ros2_controllers_test_nodes:/opt/ros/humble LD_LIBRARY_PATH=/home/nata/ws_ruka/install/joint_state_broadcaster/lib:/home/nata/ws_ruka/install/controller_manager/lib:/home/nata/ws_ruka/install/controller_interface/lib:/home/nata/ws_ruka/install/hardware_interface/lib:/home/nata/ws_ruka/install/controller_manager_msgs/lib:/home/nata/ws_ruka/install/control_msgs/lib:/home/nata/ws_ruka/install/ruka/lib:/home/nata/ws_ruka/ros2_control_demos/install/ros2_control_demo_example_7/lib:/opt/ros/humble/opt/rviz_ogre_vendor/lib:/opt/ros/humble/lib/x86_64-linux-gnu:/opt/ros/humble/lib /usr/bin/cmake --build /home/nata/ws_ruka/build/ruka -- -j8 -l8
[2.875s] [ 50%] [32mBuilding CXX object CMakeFiles/ruka.dir/hardware/ruka_hardware.cpp.o[0m
[4.306s] [100%] [32m[1mLinking CXX shared library libruka.so[0m
[4.508s] [100%] Built target ruka
[4.520s] Invoked command in '/home/nata/ws_ruka/build/ruka' returned '0': AMENT_PREFIX_PATH=/home/nata/ws_ruka/install/ros2controlcli:/home/nata/ws_ruka/install/ruka:/home/nata/ws_ruka/install/ros2_controllers_test_nodes:/home/nata/ws_ruka/install/controller_manager:/home/nata/ws_ruka/install/ros2_control_test_assets:/home/nata/ws_ruka/install/joint_state_broadcaster:/home/nata/ws_ruka/install/r_t:/home/nata/ws_ruka/install/controller_interface:/home/nata/ws_ruka/install/hardware_interface:/home/nata/ws_ruka/install/controller_manager_msgs:/home/nata/ws_ruka/install/control_msgs:/home/nata/ws_ruka/ros2_control_demos/install/ros2_control_demos:/home/nata/ws_ruka/ros2_control_demos/install/ros2_control_demo_example_7:/home/nata/ws_ruka/ros2_control_demos/install/ros2_control_demo_description:/home/nata/ws_vr/install/vr_hand:/home/nata/ws_vr/install/vr_t:/opt/ros/humble CMAKE_PREFIX_PATH=/home/nata/ws_ruka/install/joint_state_broadcaster:/home/nata/ws_ruka/install/controller_manager:/home/nata/ws_ruka/install/controller_interface:/home/nata/ws_ruka/install/r_t:/home/nata/ws_ruka/install/hardware_interface:/home/nata/ws_ruka/install/ros2_control_test_assets:/home/nata/ws_ruka/install/controller_manager_msgs:/home/nata/ws_ruka/install/control_msgs:/home/nata/ws_ruka/install/ruka:/home/nata/ws_ruka/ros2_control_demos/install/ros2_control_demos:/home/nata/ws_ruka/ros2_control_demos/install/ros2_control_demo_example_7:/home/nata/ws_ruka/ros2_control_demos/install/ros2_control_demo_description:/home/nata/ws_vr/install/vr_hand:/home/nata/ws_vr/install/vr_t:/home/nata/ws_ruka/install/ros2controlcli:/home/nata/ws_ruka/install/ros2_controllers_test_nodes:/opt/ros/humble LD_LIBRARY_PATH=/home/nata/ws_ruka/install/joint_state_broadcaster/lib:/home/nata/ws_ruka/install/controller_manager/lib:/home/nata/ws_ruka/install/controller_interface/lib:/home/nata/ws_ruka/install/hardware_interface/lib:/home/nata/ws_ruka/install/controller_manager_msgs/lib:/home/nata/ws_ruka/install/control_msgs/lib:/home/nata/ws_ruka/install/ruka/lib:/home/nata/ws_ruka/ros2_control_demos/install/ros2_control_demo_example_7/lib:/opt/ros/humble/opt/rviz_ogre_vendor/lib:/opt/ros/humble/lib/x86_64-linux-gnu:/opt/ros/humble/lib /usr/bin/cmake --build /home/nata/ws_ruka/build/ruka -- -j8 -l8
[4.564s] Invoking command in '/home/nata/ws_ruka/build/ruka': AMENT_PREFIX_PATH=/home/nata/ws_ruka/install/ros2controlcli:/home/nata/ws_ruka/install/ruka:/home/nata/ws_ruka/install/ros2_controllers_test_nodes:/home/nata/ws_ruka/install/controller_manager:/home/nata/ws_ruka/install/ros2_control_test_assets:/home/nata/ws_ruka/install/joint_state_broadcaster:/home/nata/ws_ruka/install/r_t:/home/nata/ws_ruka/install/controller_interface:/home/nata/ws_ruka/install/hardware_interface:/home/nata/ws_ruka/install/controller_manager_msgs:/home/nata/ws_ruka/install/control_msgs:/home/nata/ws_ruka/ros2_control_demos/install/ros2_control_demos:/home/nata/ws_ruka/ros2_control_demos/install/ros2_control_demo_example_7:/home/nata/ws_ruka/ros2_control_demos/install/ros2_control_demo_description:/home/nata/ws_vr/install/vr_hand:/home/nata/ws_vr/install/vr_t:/opt/ros/humble CMAKE_PREFIX_PATH=/home/nata/ws_ruka/install/joint_state_broadcaster:/home/nata/ws_ruka/install/controller_manager:/home/nata/ws_ruka/install/controller_interface:/home/nata/ws_ruka/install/r_t:/home/nata/ws_ruka/install/hardware_interface:/home/nata/ws_ruka/install/ros2_control_test_assets:/home/nata/ws_ruka/install/controller_manager_msgs:/home/nata/ws_ruka/install/control_msgs:/home/nata/ws_ruka/install/ruka:/home/nata/ws_ruka/ros2_control_demos/install/ros2_control_demos:/home/nata/ws_ruka/ros2_control_demos/install/ros2_control_demo_example_7:/home/nata/ws_ruka/ros2_control_demos/install/ros2_control_demo_description:/home/nata/ws_vr/install/vr_hand:/home/nata/ws_vr/install/vr_t:/home/nata/ws_ruka/install/ros2controlcli:/home/nata/ws_ruka/install/ros2_controllers_test_nodes:/opt/ros/humble LD_LIBRARY_PATH=/home/nata/ws_ruka/install/joint_state_broadcaster/lib:/home/nata/ws_ruka/install/controller_manager/lib:/home/nata/ws_ruka/install/controller_interface/lib:/home/nata/ws_ruka/install/hardware_interface/lib:/home/nata/ws_ruka/install/controller_manager_msgs/lib:/home/nata/ws_ruka/install/control_msgs/lib:/home/nata/ws_ruka/install/ruka/lib:/home/nata/ws_ruka/ros2_control_demos/install/ros2_control_demo_example_7/lib:/opt/ros/humble/opt/rviz_ogre_vendor/lib:/opt/ros/humble/lib/x86_64-linux-gnu:/opt/ros/humble/lib /usr/bin/cmake --install /home/nata/ws_ruka/build/ruka
[4.572s] -- Install configuration: ""
[4.572s] -- Installing: /home/nata/ws_ruka/install/ruka/share/ruka/ruka.xml
[4.572s] -- Installing: /home/nata/ws_ruka/install/ruka/share/ruka/launch
[4.572s] -- Installing: /home/nata/ws_ruka/install/ruka/share/ruka/launch/demo.launch.py
[4.583s] -- Installing: /home/nata/ws_ruka/install/ruka/share/ruka/launch/rsp.launch.py
[4.584s] -- Installing: /home/nata/ws_ruka/install/ruka/share/ruka/launch/warehouse_db.launch.py
[4.585s] -- Installing: /home/nata/ws_ruka/install/ruka/share/ruka/launch/view_ruka.rviz
[4.586s] -- Installing: /home/nata/ws_ruka/install/ruka/share/ruka/launch/view_ruka.launch.py
[4.588s] -- Installing: /home/nata/ws_ruka/install/ruka/share/ruka/launch/spawn_controllers.launch.py
[4.588s] -- Installing: /home/nata/ws_ruka/install/ruka/share/ruka/launch/moveit_rviz.launch.py
[4.589s] -- Installing: /home/nata/ws_ruka/install/ruka/share/ruka/launch/static_virtual_joint_tfs.launch.py
[4.589s] -- Installing: /home/nata/ws_ruka/install/ruka/share/ruka/launch/setup_assistant.launch.py
[4.590s] -- Installing: /home/nata/ws_ruka/install/ruka/share/ruka/launch/try.launch.py
[4.590s] -- Installing: /home/nata/ws_ruka/install/ruka/share/ruka/launch/move_group.launch.py
[4.591s] -- Installing: /home/nata/ws_ruka/install/ruka/share/ruka/launch/ruka_controller.launch.py
[4.591s] -- Installing: /home/nata/ws_ruka/install/ruka/share/ruka/config
[4.591s] -- Installing: /home/nata/ws_ruka/install/ruka/share/ruka/config/sensors_3d.yaml
[4.592s] -- Installing: /home/nata/ws_ruka/install/ruka/share/ruka/config/pilz_cartesian_limits.yaml
[4.592s] -- Installing: /home/nata/ws_ruka/install/ruka/share/ruka/config/kinematics.yaml
[4.593s] -- Installing: /home/nata/ws_ruka/install/ruka/share/ruka/config/ruka.urdf.xacro
[4.593s] -- Installing: /home/nata/ws_ruka/install/ruka/share/ruka/config/moveit.rviz
[4.594s] -- Installing: /home/nata/ws_ruka/install/ruka/share/ruka/config/view.rviz
[4.594s] -- Installing: /home/nata/ws_ruka/install/ruka/share/ruka/config/initial_positions.yaml
[4.595s] -- Installing: /home/nata/ws_ruka/install/ruka/share/ruka/config/ros2_controllers.yaml
[4.595s] -- Installing: /home/nata/ws_ruka/install/ruka/share/ruka/config/joint_limits.yaml
[4.596s] -- Installing: /home/nata/ws_ruka/install/ruka/share/ruka/config/moveit_controllers.yaml
[4.596s] -- Installing: /home/nata/ws_ruka/install/ruka/share/ruka/config/ruka.ros2_control.xacro
[4.597s] -- Installing: /home/nata/ws_ruka/install/ruka/share/ruka/config/ruka.srdf
[4.597s] -- Installing: /home/nata/ws_ruka/install/ruka/share/ruka/config/ruka.urdf
[4.598s] -- Installing: /home/nata/ws_ruka/install/ruka/share/ruka/.setup_assistant
[4.598s] -- Installing: /home/nata/ws_ruka/install/ruka/include/ruka
[4.598s] -- Installing: /home/nata/ws_ruka/install/ruka/include/ruka/ruka_hardware.hpp
[4.599s] -- Installing: /home/nata/ws_ruka/install/ruka/lib/libruka.so
[4.599s] -- Set runtime path of "/home/nata/ws_ruka/install/ruka/lib/libruka.so" to ""
[4.600s] -- Installing: /home/nata/ws_ruka/install/ruka/share/ruka/environment/library_path.sh
[4.600s] -- Installing: /home/nata/ws_ruka/install/ruka/share/ruka/environment/library_path.dsv
[4.601s] -- Installing: /home/nata/ws_ruka/install/ruka/share/ament_index/resource_index/package_run_dependencies/ruka
[4.601s] -- Installing: /home/nata/ws_ruka/install/ruka/share/ament_index/resource_index/parent_prefix_path/ruka
[4.601s] -- Installing: /home/nata/ws_ruka/install/ruka/share/ruka/environment/ament_prefix_path.sh
[4.601s] -- Installing: /home/nata/ws_ruka/install/ruka/share/ruka/environment/ament_prefix_path.dsv
[4.601s] -- Installing: /home/nata/ws_ruka/install/ruka/share/ruka/environment/path.sh
[4.601s] -- Installing: /home/nata/ws_ruka/install/ruka/share/ruka/environment/path.dsv
[4.602s] -- Installing: /home/nata/ws_ruka/install/ruka/share/ruka/local_setup.bash
[4.602s] -- Installing: /home/nata/ws_ruka/install/ruka/share/ruka/local_setup.sh
[4.602s] -- Installing: /home/nata/ws_ruka/install/ruka/share/ruka/local_setup.zsh
[4.602s] -- Installing: /home/nata/ws_ruka/install/ruka/share/ruka/local_setup.dsv
[4.602s] -- Installing: /home/nata/ws_ruka/install/ruka/share/ruka/package.dsv
[4.602s] -- Installing: /home/nata/ws_ruka/install/ruka/share/ament_index/resource_index/packages/ruka
[4.602s] -- Installing: /home/nata/ws_ruka/install/ruka/share/ament_index/resource_index/hardware_interface__pluginlib__plugin/ruka
[4.603s] -- Installing: /home/nata/ws_ruka/install/ruka/share/ruka/cmake/export_rukaExport.cmake
[4.603s] -- Installing: /home/nata/ws_ruka/install/ruka/share/ruka/cmake/export_rukaExport-noconfig.cmake
[4.603s] -- Installing: /home/nata/ws_ruka/install/ruka/share/ruka/cmake/ament_cmake_export_targets-extras.cmake
[4.603s] -- Installing: /home/nata/ws_ruka/install/ruka/share/ruka/cmake/ament_cmake_export_dependencies-extras.cmake
[4.603s] -- Installing: /home/nata/ws_ruka/install/ruka/share/ruka/cmake/rukaConfig.cmake
[4.603s] -- Installing: /home/nata/ws_ruka/install/ruka/share/ruka/cmake/rukaConfig-version.cmake
[4.603s] -- Installing: /home/nata/ws_ruka/install/ruka/share/ruka/package.xml
[4.606s] Invoked command in '/home/nata/ws_ruka/build/ruka' returned '0': AMENT_PREFIX_PATH=/home/nata/ws_ruka/install/ros2controlcli:/home/nata/ws_ruka/install/ruka:/home/nata/ws_ruka/install/ros2_controllers_test_nodes:/home/nata/ws_ruka/install/controller_manager:/home/nata/ws_ruka/install/ros2_control_test_assets:/home/nata/ws_ruka/install/joint_state_broadcaster:/home/nata/ws_ruka/install/r_t:/home/nata/ws_ruka/install/controller_interface:/home/nata/ws_ruka/install/hardware_interface:/home/nata/ws_ruka/install/controller_manager_msgs:/home/nata/ws_ruka/install/control_msgs:/home/nata/ws_ruka/ros2_control_demos/install/ros2_control_demos:/home/nata/ws_ruka/ros2_control_demos/install/ros2_control_demo_example_7:/home/nata/ws_ruka/ros2_control_demos/install/ros2_control_demo_description:/home/nata/ws_vr/install/vr_hand:/home/nata/ws_vr/install/vr_t:/opt/ros/humble CMAKE_PREFIX_PATH=/home/nata/ws_ruka/install/joint_state_broadcaster:/home/nata/ws_ruka/install/controller_manager:/home/nata/ws_ruka/install/controller_interface:/home/nata/ws_ruka/install/r_t:/home/nata/ws_ruka/install/hardware_interface:/home/nata/ws_ruka/install/ros2_control_test_assets:/home/nata/ws_ruka/install/controller_manager_msgs:/home/nata/ws_ruka/install/control_msgs:/home/nata/ws_ruka/install/ruka:/home/nata/ws_ruka/ros2_control_demos/install/ros2_control_demos:/home/nata/ws_ruka/ros2_control_demos/install/ros2_control_demo_example_7:/home/nata/ws_ruka/ros2_control_demos/install/ros2_control_demo_description:/home/nata/ws_vr/install/vr_hand:/home/nata/ws_vr/install/vr_t:/home/nata/ws_ruka/install/ros2controlcli:/home/nata/ws_ruka/install/ros2_controllers_test_nodes:/opt/ros/humble LD_LIBRARY_PATH=/home/nata/ws_ruka/install/joint_state_broadcaster/lib:/home/nata/ws_ruka/install/controller_manager/lib:/home/nata/ws_ruka/install/controller_interface/lib:/home/nata/ws_ruka/install/hardware_interface/lib:/home/nata/ws_ruka/install/controller_manager_msgs/lib:/home/nata/ws_ruka/install/control_msgs/lib:/home/nata/ws_ruka/install/ruka/lib:/home/nata/ws_ruka/ros2_control_demos/install/ros2_control_demo_example_7/lib:/opt/ros/humble/opt/rviz_ogre_vendor/lib:/opt/ros/humble/lib/x86_64-linux-gnu:/opt/ros/humble/lib /usr/bin/cmake --install /home/nata/ws_ruka/build/ruka
