[35m[1mConsolidate compiler generated dependencies of target ruka[0m
[ 50%] [32mBuilding CXX object CMakeFiles/ruka.dir/hardware/ruka_hardware.cpp.o[0m
[01m[K/home/nata/ws_ruka/src/ruka/hardware/ruka_hardware.cpp:[m[K In member function ‘[01m[Kvirtual hardware_interface::return_type joint_trajectory_controller::JointTrajectoryController::write(const rclcpp::Time&, const rclcpp::Duration&)[m[K’:
[01m[K/home/nata/ws_ruka/src/ruka/hardware/ruka_hardware.cpp:111:42:[m[K [01;35m[Kwarning: [m[Kformat ‘[01m[K%li[m[K’ expects argument of type ‘[01m[Klong int[m[K’, but argument 3 has type ‘[01m[Kconst char*[m[K’ [[01;35m[K]8;;https://gcc.gnu.org/onlinedocs/gcc/Warning-Options.html#index-Wformat=-Wformat=]8;;[m[K]
  111 |     printf("Got command %.5f for joint [01;35m[K%li[m[K \n", joint_position_[i], [32m[K"vel"[m[K, joint_velocities_[i] ,i);
      |                                        [01;35m[K~~^[m[K                          [32m[K~~~~~[m[K
      |                                          [01;35m[K|[m[K                          [32m[K|[m[K
      |                                          [01;35m[Klong int[m[K                   [32m[Kconst char*[m[K
      |                                        [32m[K%s[m[K
[01m[K/home/nata/ws_ruka/src/ruka/hardware/ruka_hardware.cpp:111:12:[m[K [01;35m[Kwarning: [m[Ktoo many arguments for format [[01;35m[K]8;;https://gcc.gnu.org/onlinedocs/gcc/Warning-Options.html#index-Wformat-extra-args-Wformat-extra-args]8;;[m[K]
  111 |     printf([01;35m[K"Got command %.5f for joint %li \n"[m[K, joint_position_[i], "vel", joint_velocities_[i] ,i);
      |            [01;35m[K^~~~~~~~~~~~~~~~~~~~~~~~~~~~~~~~~~~[m[K
[100%] [32m[1mLinking CXX shared library libruka.so[0m
[100%] Built target ruka
-- Install configuration: ""
-- Up-to-date: /home/nata/ws_ruka/install/ruka/share/ruka/ruka.xml
-- Up-to-date: /home/nata/ws_ruka/install/ruka/share/ruka/launch
-- Up-to-date: /home/nata/ws_ruka/install/ruka/share/ruka/launch/demo.launch.py
-- Up-to-date: /home/nata/ws_ruka/install/ruka/share/ruka/launch/rsp.launch.py
-- Up-to-date: /home/nata/ws_ruka/install/ruka/share/ruka/launch/warehouse_db.launch.py
-- Up-to-date: /home/nata/ws_ruka/install/ruka/share/ruka/launch/view_ruka.rviz
-- Up-to-date: /home/nata/ws_ruka/install/ruka/share/ruka/launch/view_ruka.launch.py
-- Up-to-date: /home/nata/ws_ruka/install/ruka/share/ruka/launch/spawn_controllers.launch.py
-- Up-to-date: /home/nata/ws_ruka/install/ruka/share/ruka/launch/moveit_rviz.launch.py
-- Up-to-date: /home/nata/ws_ruka/install/ruka/share/ruka/launch/static_virtual_joint_tfs.launch.py
-- Up-to-date: /home/nata/ws_ruka/install/ruka/share/ruka/launch/setup_assistant.launch.py
-- Installing: /home/nata/ws_ruka/install/ruka/share/ruka/launch/try.launch.py
-- Up-to-date: /home/nata/ws_ruka/install/ruka/share/ruka/launch/move_group.launch.py
-- Up-to-date: /home/nata/ws_ruka/install/ruka/share/ruka/launch/ruka_controller.launch.py
-- Up-to-date: /home/nata/ws_ruka/install/ruka/share/ruka/config
-- Up-to-date: /home/nata/ws_ruka/install/ruka/share/ruka/config/sensors_3d.yaml
-- Up-to-date: /home/nata/ws_ruka/install/ruka/share/ruka/config/pilz_cartesian_limits.yaml
-- Up-to-date: /home/nata/ws_ruka/install/ruka/share/ruka/config/kinematics.yaml
-- Up-to-date: /home/nata/ws_ruka/install/ruka/share/ruka/config/ruka.urdf.xacro
-- Up-to-date: /home/nata/ws_ruka/install/ruka/share/ruka/config/moveit.rviz
-- Up-to-date: /home/nata/ws_ruka/install/ruka/share/ruka/config/view.rviz
-- Up-to-date: /home/nata/ws_ruka/install/ruka/share/ruka/config/initial_positions.yaml
-- Up-to-date: /home/nata/ws_ruka/install/ruka/share/ruka/config/ros2_controllers.yaml
-- Up-to-date: /home/nata/ws_ruka/install/ruka/share/ruka/config/joint_limits.yaml
-- Up-to-date: /home/nata/ws_ruka/install/ruka/share/ruka/config/moveit_controllers.yaml
-- Up-to-date: /home/nata/ws_ruka/install/ruka/share/ruka/config/ruka.ros2_control.xacro
-- Up-to-date: /home/nata/ws_ruka/install/ruka/share/ruka/config/ruka.srdf
-- Up-to-date: /home/nata/ws_ruka/install/ruka/share/ruka/config/ruka.urdf
-- Up-to-date: /home/nata/ws_ruka/install/ruka/share/ruka/.setup_assistant
-- Up-to-date: /home/nata/ws_ruka/install/ruka/include/ruka
-- Up-to-date: /home/nata/ws_ruka/install/ruka/include/ruka/ruka_hardware.hpp
-- Installing: /home/nata/ws_ruka/install/ruka/lib/libruka.so
-- Set runtime path of "/home/nata/ws_ruka/install/ruka/lib/libruka.so" to ""
-- Up-to-date: /home/nata/ws_ruka/install/ruka/share/ruka/environment/library_path.sh
-- Up-to-date: /home/nata/ws_ruka/install/ruka/share/ruka/environment/library_path.dsv
-- Up-to-date: /home/nata/ws_ruka/install/ruka/share/ament_index/resource_index/package_run_dependencies/ruka
-- Up-to-date: /home/nata/ws_ruka/install/ruka/share/ament_index/resource_index/parent_prefix_path/ruka
-- Up-to-date: /home/nata/ws_ruka/install/ruka/share/ruka/environment/ament_prefix_path.sh
-- Up-to-date: /home/nata/ws_ruka/install/ruka/share/ruka/environment/ament_prefix_path.dsv
-- Up-to-date: /home/nata/ws_ruka/install/ruka/share/ruka/environment/path.sh
-- Up-to-date: /home/nata/ws_ruka/install/ruka/share/ruka/environment/path.dsv
-- Up-to-date: /home/nata/ws_ruka/install/ruka/share/ruka/local_setup.bash
-- Up-to-date: /home/nata/ws_ruka/install/ruka/share/ruka/local_setup.sh
-- Up-to-date: /home/nata/ws_ruka/install/ruka/share/ruka/local_setup.zsh
-- Up-to-date: /home/nata/ws_ruka/install/ruka/share/ruka/local_setup.dsv
-- Installing: /home/nata/ws_ruka/install/ruka/share/ruka/package.dsv
-- Up-to-date: /home/nata/ws_ruka/install/ruka/share/ament_index/resource_index/packages/ruka
-- Up-to-date: /home/nata/ws_ruka/install/ruka/share/ament_index/resource_index/hardware_interface__pluginlib__plugin/ruka
-- Up-to-date: /home/nata/ws_ruka/install/ruka/share/ruka/cmake/export_rukaExport.cmake
-- Up-to-date: /home/nata/ws_ruka/install/ruka/share/ruka/cmake/export_rukaExport-noconfig.cmake
-- Up-to-date: /home/nata/ws_ruka/install/ruka/share/ruka/cmake/ament_cmake_export_targets-extras.cmake
-- Up-to-date: /home/nata/ws_ruka/install/ruka/share/ruka/cmake/ament_cmake_export_dependencies-extras.cmake
-- Up-to-date: /home/nata/ws_ruka/install/ruka/share/ruka/cmake/rukaConfig.cmake
-- Up-to-date: /home/nata/ws_ruka/install/ruka/share/ruka/cmake/rukaConfig-version.cmake
-- Up-to-date: /home/nata/ws_ruka/install/ruka/share/ruka/package.xml
