[0.000000] (-) TimerEvent: {}
[0.000704] (-) JobUnselected: {'identifier': 'ackermann_steering_controller'}
[0.000821] (-) JobUnselected: {'identifier': 'admittance_controller'}
[0.000879] (-) JobUnselected: {'identifier': 'bicycle_steering_controller'}
[0.000904] (-) JobUnselected: {'identifier': 'control_msgs'}
[0.001085] (-) JobUnselected: {'identifier': 'control_toolbox'}
[0.001158] (-) JobUnselected: {'identifier': 'controller_interface'}
[0.001212] (-) JobUnselected: {'identifier': 'controller_manager'}
[0.001262] (-) JobUnselected: {'identifier': 'controller_manager_msgs'}
[0.001358] (-) JobUnselected: {'identifier': 'diff_drive_controller'}
[0.001461] (-) JobUnselected: {'identifier': 'effort_controllers'}
[0.001544] (-) JobUnselected: {'identifier': 'force_torque_sensor_broadcaster'}
[0.001602] (-) JobUnselected: {'identifier': 'forward_command_controller'}
[0.001627] (-) JobUnselected: {'identifier': 'gripper_controllers'}
[0.001648] (-) JobUnselected: {'identifier': 'hardware_interface'}
[0.001700] (-) JobUnselected: {'identifier': 'imu_sensor_broadcaster'}
[0.001750] (-) JobUnselected: {'identifier': 'joint_limits'}
[0.001775] (-) JobUnselected: {'identifier': 'joint_state_broadcaster'}
[0.001830] (-) JobUnselected: {'identifier': 'joint_trajectory_controller'}
[0.001880] (-) JobUnselected: {'identifier': 'kinematics_interface'}
[0.001917] (-) JobUnselected: {'identifier': 'kinematics_interface_kdl'}
[0.001966] (-) JobUnselected: {'identifier': 'position_controllers'}
[0.002016] (-) JobUnselected: {'identifier': 'r_t'}
[0.002065] (-) JobUnselected: {'identifier': 'range_sensor_broadcaster'}
[0.002087] (-) JobUnselected: {'identifier': 'realtime_tools'}
[0.002105] (-) JobUnselected: {'identifier': 'ros2_control'}
[0.002154] (-) JobUnselected: {'identifier': 'ros2_control_demo_description'}
[0.002177] (-) JobUnselected: {'identifier': 'ros2_control_demo_example_7'}
[0.002319] (-) JobUnselected: {'identifier': 'ros2_control_demos'}
[0.002387] (-) JobUnselected: {'identifier': 'ros2_control_test_assets'}
[0.002438] (-) JobUnselected: {'identifier': 'ros2_controllers'}
[0.002488] (-) JobUnselected: {'identifier': 'ros2_controllers_test_nodes'}
[0.002512] (-) JobUnselected: {'identifier': 'ros2controlcli'}
[0.002763] (-) JobUnselected: {'identifier': 'rqt_controller_manager'}
[0.002839] (-) JobUnselected: {'identifier': 'rqt_joint_trajectory_controller'}
[0.002866] (-) JobUnselected: {'identifier': 'steering_controllers_library'}
[0.002885] (-) JobUnselected: {'identifier': 'transmission_interface'}
[0.002936] (-) JobUnselected: {'identifier': 'tricycle_controller'}
[0.002958] (-) JobUnselected: {'identifier': 'tricycle_steering_controller'}
[0.003007] (-) JobUnselected: {'identifier': 'velocity_controllers'}
[0.003062] (ruka) JobQueued: {'identifier': 'ruka', 'dependencies': OrderedDict([('control_msgs', '/home/nata/ws_ruka/install/control_msgs'), ('controller_manager_msgs', '/home/nata/ws_ruka/install/controller_manager_msgs'), ('realtime_tools', '/home/nata/ws_ruka/install/realtime_tools'), ('ros2_control_demo_description', '/home/nata/ws_ruka/install/ros2_control_demo_description'), ('ros2_control_test_assets', '/home/nata/ws_ruka/install/ros2_control_test_assets'), ('hardware_interface', '/home/nata/ws_ruka/install/hardware_interface'), ('r_t', '/home/nata/ws_ruka/install/r_t'), ('controller_interface', '/home/nata/ws_ruka/install/controller_interface'), ('controller_manager', '/home/nata/ws_ruka/install/controller_manager'), ('joint_state_broadcaster', '/home/nata/ws_ruka/install/joint_state_broadcaster'), ('ros2controlcli', '/home/nata/ws_ruka/install/ros2controlcli')])}
[0.003154] (ruka) JobStarted: {'identifier': 'ruka'}
[0.098442] (-) TimerEvent: {}
[0.199152] (-) TimerEvent: {}
[0.299700] (-) TimerEvent: {}
[0.401914] (-) TimerEvent: {}
[0.478318] (ruka) JobEnded: {'identifier': 'ruka', 'rc': 1}
[0.490192] (-) EventReactorShutdown: {}
