[2.734s] DEBUG:colcon:Command line arguments: ['/usr/bin/colcon', 'build', '--packages-select', 'ruka']
[2.734s] DEBUG:colcon:Parsed command line arguments: Namespace(log_base=None, log_level=None, verb_name='build', build_base='build', install_base='install', merge_install=False, symlink_install=False, test_result_base=None, continue_on_error=False, executor='parallel', parallel_workers=8, event_handlers=None, ignore_user_meta=False, metas=['./colcon.meta'], base_paths=['.'], packages_ignore=None, packages_ignore_regex=None, paths=None, packages_up_to=None, packages_up_to_regex=None, packages_above=None, packages_above_and_dependencies=None, packages_above_depth=None, packages_select_by_dep=None, packages_skip_by_dep=None, packages_skip_up_to=None, packages_select_build_failed=False, packages_skip_build_finished=False, packages_select_test_failures=False, packages_skip_test_passed=False, packages_select=['ruka'], packages_skip=None, packages_select_regex=None, packages_skip_regex=None, packages_start=None, packages_end=None, allow_overriding=[], cmake_args=None, cmake_target=None, cmake_target_skip_unavailable=False, cmake_clean_cache=False, cmake_clean_first=False, cmake_force_configure=False, ament_cmake_args=None, catkin_cmake_args=None, catkin_skip_building_tests=False, mixin_files=None, mixin=None, verb_parser=<colcon_mixin.mixin.mixin_argument.MixinArgumentDecorator object at 0x7f1c82460eb0>, verb_extension=<colcon_core.verb.build.BuildVerb object at 0x7f1c82782110>, main=<bound method BuildVerb.main of <colcon_core.verb.build.BuildVerb object at 0x7f1c82782110>>, mixin_verb=('build',))
[2.957s] Level 1:colcon.colcon_core.package_discovery:discover_packages(colcon_meta) check parameters
[2.958s] Level 1:colcon.colcon_core.package_discovery:discover_packages(recursive) check parameters
[2.958s] Level 1:colcon.colcon_core.package_discovery:discover_packages(ignore) check parameters
[2.958s] Level 1:colcon.colcon_core.package_discovery:discover_packages(path) check parameters
[2.958s] Level 1:colcon.colcon_core.package_discovery:discover_packages(colcon_meta) discover
[2.958s] Level 1:colcon.colcon_core.package_discovery:discover_packages(recursive) discover
[2.958s] INFO:colcon.colcon_core.package_discovery:Crawling recursively for packages in '/home/nata/ws_ruka'
[2.958s] Level 1:colcon.colcon_core.package_identification:_identify(.) by extensions ['ignore', 'ignore_ament_install']
[2.958s] Level 1:colcon.colcon_core.package_identification:_identify(.) by extension 'ignore'
[2.958s] Level 1:colcon.colcon_core.package_identification:_identify(.) by extension 'ignore_ament_install'
[2.958s] Level 1:colcon.colcon_core.package_identification:_identify(.) by extensions ['colcon_pkg']
[2.958s] Level 1:colcon.colcon_core.package_identification:_identify(.) by extension 'colcon_pkg'
[2.958s] Level 1:colcon.colcon_core.package_identification:_identify(.) by extensions ['colcon_meta']
[2.958s] Level 1:colcon.colcon_core.package_identification:_identify(.) by extension 'colcon_meta'
[2.959s] Level 1:colcon.colcon_core.package_identification:_identify(.) by extensions ['ros']
[2.959s] Level 1:colcon.colcon_core.package_identification:_identify(.) by extension 'ros'
[2.981s] Level 1:colcon.colcon_core.package_identification:_identify(.) by extensions ['cmake', 'python']
[2.981s] Level 1:colcon.colcon_core.package_identification:_identify(.) by extension 'cmake'
[2.981s] Level 1:colcon.colcon_core.package_identification:_identify(.) by extension 'python'
[2.981s] Level 1:colcon.colcon_core.package_identification:_identify(.) by extensions ['python_setup_py']
[2.981s] Level 1:colcon.colcon_core.package_identification:_identify(.) by extension 'python_setup_py'
[2.982s] Level 1:colcon.colcon_core.package_identification:_identify(build) by extensions ['ignore', 'ignore_ament_install']
[2.982s] Level 1:colcon.colcon_core.package_identification:_identify(build) by extension 'ignore'
[2.982s] Level 1:colcon.colcon_core.package_identification:_identify(build) ignored
[2.982s] Level 1:colcon.colcon_core.package_identification:_identify(install) by extensions ['ignore', 'ignore_ament_install']
[2.982s] Level 1:colcon.colcon_core.package_identification:_identify(install) by extension 'ignore'
[2.982s] Level 1:colcon.colcon_core.package_identification:_identify(install) ignored
[2.983s] Level 1:colcon.colcon_core.package_identification:_identify(log) by extensions ['ignore', 'ignore_ament_install']
[2.983s] Level 1:colcon.colcon_core.package_identification:_identify(log) by extension 'ignore'
[2.983s] Level 1:colcon.colcon_core.package_identification:_identify(log) ignored
[2.983s] Level 1:colcon.colcon_core.package_identification:_identify(src) by extensions ['ignore', 'ignore_ament_install']
[2.983s] Level 1:colcon.colcon_core.package_identification:_identify(src) by extension 'ignore'
[2.983s] Level 1:colcon.colcon_core.package_identification:_identify(src) by extension 'ignore_ament_install'
[2.983s] Level 1:colcon.colcon_core.package_identification:_identify(src) by extensions ['colcon_pkg']
[2.983s] Level 1:colcon.colcon_core.package_identification:_identify(src) by extension 'colcon_pkg'
[2.983s] Level 1:colcon.colcon_core.package_identification:_identify(src) by extensions ['colcon_meta']
[2.984s] Level 1:colcon.colcon_core.package_identification:_identify(src) by extension 'colcon_meta'
[2.984s] Level 1:colcon.colcon_core.package_identification:_identify(src) by extensions ['ros']
[2.984s] Level 1:colcon.colcon_core.package_identification:_identify(src) by extension 'ros'
[2.984s] Level 1:colcon.colcon_core.package_identification:_identify(src) by extensions ['cmake', 'python']
[2.984s] Level 1:colcon.colcon_core.package_identification:_identify(src) by extension 'cmake'
[2.984s] Level 1:colcon.colcon_core.package_identification:_identify(src) by extension 'python'
[2.984s] Level 1:colcon.colcon_core.package_identification:_identify(src) by extensions ['python_setup_py']
[2.984s] Level 1:colcon.colcon_core.package_identification:_identify(src) by extension 'python_setup_py'
[2.985s] Level 1:colcon.colcon_core.package_identification:_identify(src/r_t) by extensions ['ignore', 'ignore_ament_install']
[2.985s] Level 1:colcon.colcon_core.package_identification:_identify(src/r_t) by extension 'ignore'
[2.985s] Level 1:colcon.colcon_core.package_identification:_identify(src/r_t) by extension 'ignore_ament_install'
[2.986s] Level 1:colcon.colcon_core.package_identification:_identify(src/r_t) by extensions ['colcon_pkg']
[2.986s] Level 1:colcon.colcon_core.package_identification:_identify(src/r_t) by extension 'colcon_pkg'
[2.986s] Level 1:colcon.colcon_core.package_identification:_identify(src/r_t) by extensions ['colcon_meta']
[2.986s] Level 1:colcon.colcon_core.package_identification:_identify(src/r_t) by extension 'colcon_meta'
[2.986s] Level 1:colcon.colcon_core.package_identification:_identify(src/r_t) by extensions ['ros']
[2.986s] Level 1:colcon.colcon_core.package_identification:_identify(src/r_t) by extension 'ros'
[2.994s] DEBUG:colcon.colcon_core.package_identification:Package 'src/r_t' with type 'ros.ament_cmake' and name 'r_t'
[2.995s] Level 1:colcon.colcon_core.package_identification:_identify(src/ros-controls) by extensions ['ignore', 'ignore_ament_install']
[2.995s] Level 1:colcon.colcon_core.package_identification:_identify(src/ros-controls) by extension 'ignore'
[2.995s] Level 1:colcon.colcon_core.package_identification:_identify(src/ros-controls) by extension 'ignore_ament_install'
[2.995s] Level 1:colcon.colcon_core.package_identification:_identify(src/ros-controls) by extensions ['colcon_pkg']
[2.995s] Level 1:colcon.colcon_core.package_identification:_identify(src/ros-controls) by extension 'colcon_pkg'
[2.995s] Level 1:colcon.colcon_core.package_identification:_identify(src/ros-controls) by extensions ['colcon_meta']
[2.995s] Level 1:colcon.colcon_core.package_identification:_identify(src/ros-controls) by extension 'colcon_meta'
[2.995s] Level 1:colcon.colcon_core.package_identification:_identify(src/ros-controls) by extensions ['ros']
[2.995s] Level 1:colcon.colcon_core.package_identification:_identify(src/ros-controls) by extension 'ros'
[2.996s] Level 1:colcon.colcon_core.package_identification:_identify(src/ros-controls) by extensions ['cmake', 'python']
[2.996s] Level 1:colcon.colcon_core.package_identification:_identify(src/ros-controls) by extension 'cmake'
[2.996s] Level 1:colcon.colcon_core.package_identification:_identify(src/ros-controls) by extension 'python'
[2.996s] Level 1:colcon.colcon_core.package_identification:_identify(src/ros-controls) by extensions ['python_setup_py']
[2.996s] Level 1:colcon.colcon_core.package_identification:_identify(src/ros-controls) by extension 'python_setup_py'
[2.997s] Level 1:colcon.colcon_core.package_identification:_identify(src/ros-controls/control_msgs) by extensions ['ignore', 'ignore_ament_install']
[2.997s] Level 1:colcon.colcon_core.package_identification:_identify(src/ros-controls/control_msgs) by extension 'ignore'
[2.997s] Level 1:colcon.colcon_core.package_identification:_identify(src/ros-controls/control_msgs) by extension 'ignore_ament_install'
[2.997s] Level 1:colcon.colcon_core.package_identification:_identify(src/ros-controls/control_msgs) by extensions ['colcon_pkg']
[2.997s] Level 1:colcon.colcon_core.package_identification:_identify(src/ros-controls/control_msgs) by extension 'colcon_pkg'
[2.997s] Level 1:colcon.colcon_core.package_identification:_identify(src/ros-controls/control_msgs) by extensions ['colcon_meta']
[2.997s] Level 1:colcon.colcon_core.package_identification:_identify(src/ros-controls/control_msgs) by extension 'colcon_meta'
[2.997s] Level 1:colcon.colcon_core.package_identification:_identify(src/ros-controls/control_msgs) by extensions ['ros']
[2.997s] Level 1:colcon.colcon_core.package_identification:_identify(src/ros-controls/control_msgs) by extension 'ros'
[2.998s] Level 1:colcon.colcon_core.package_identification:_identify(src/ros-controls/control_msgs) by extensions ['cmake', 'python']
[2.998s] Level 1:colcon.colcon_core.package_identification:_identify(src/ros-controls/control_msgs) by extension 'cmake'
[2.998s] Level 1:colcon.colcon_core.package_identification:_identify(src/ros-controls/control_msgs) by extension 'python'
[2.998s] Level 1:colcon.colcon_core.package_identification:_identify(src/ros-controls/control_msgs) by extensions ['python_setup_py']
[2.998s] Level 1:colcon.colcon_core.package_identification:_identify(src/ros-controls/control_msgs) by extension 'python_setup_py'
[3.000s] Level 1:colcon.colcon_core.package_identification:_identify(src/ros-controls/control_msgs/control_msgs) by extensions ['ignore', 'ignore_ament_install']
[3.000s] Level 1:colcon.colcon_core.package_identification:_identify(src/ros-controls/control_msgs/control_msgs) by extension 'ignore'
[3.000s] Level 1:colcon.colcon_core.package_identification:_identify(src/ros-controls/control_msgs/control_msgs) by extension 'ignore_ament_install'
[3.000s] Level 1:colcon.colcon_core.package_identification:_identify(src/ros-controls/control_msgs/control_msgs) by extensions ['colcon_pkg']
[3.000s] Level 1:colcon.colcon_core.package_identification:_identify(src/ros-controls/control_msgs/control_msgs) by extension 'colcon_pkg'
[3.000s] Level 1:colcon.colcon_core.package_identification:_identify(src/ros-controls/control_msgs/control_msgs) by extensions ['colcon_meta']
[3.000s] Level 1:colcon.colcon_core.package_identification:_identify(src/ros-controls/control_msgs/control_msgs) by extension 'colcon_meta'
[3.000s] Level 1:colcon.colcon_core.package_identification:_identify(src/ros-controls/control_msgs/control_msgs) by extensions ['ros']
[3.000s] Level 1:colcon.colcon_core.package_identification:_identify(src/ros-controls/control_msgs/control_msgs) by extension 'ros'
[3.004s] DEBUG:colcon.colcon_core.package_identification:Package 'src/ros-controls/control_msgs/control_msgs' with type 'ros.ament_cmake' and name 'control_msgs'
[3.005s] Level 1:colcon.colcon_core.package_identification:_identify(src/ros-controls/control_toolbox) by extensions ['ignore', 'ignore_ament_install']
[3.005s] Level 1:colcon.colcon_core.package_identification:_identify(src/ros-controls/control_toolbox) by extension 'ignore'
[3.005s] Level 1:colcon.colcon_core.package_identification:_identify(src/ros-controls/control_toolbox) by extension 'ignore_ament_install'
[3.005s] Level 1:colcon.colcon_core.package_identification:_identify(src/ros-controls/control_toolbox) by extensions ['colcon_pkg']
[3.005s] Level 1:colcon.colcon_core.package_identification:_identify(src/ros-controls/control_toolbox) by extension 'colcon_pkg'
[3.005s] Level 1:colcon.colcon_core.package_identification:_identify(src/ros-controls/control_toolbox) by extensions ['colcon_meta']
[3.005s] Level 1:colcon.colcon_core.package_identification:_identify(src/ros-controls/control_toolbox) by extension 'colcon_meta'
[3.005s] Level 1:colcon.colcon_core.package_identification:_identify(src/ros-controls/control_toolbox) by extensions ['ros']
[3.006s] Level 1:colcon.colcon_core.package_identification:_identify(src/ros-controls/control_toolbox) by extension 'ros'
[3.009s] DEBUG:colcon.colcon_core.package_identification:Package 'src/ros-controls/control_toolbox' with type 'ros.ament_cmake' and name 'control_toolbox'
[3.011s] Level 1:colcon.colcon_core.package_identification:_identify(src/ros-controls/kinematics_interface) by extensions ['ignore', 'ignore_ament_install']
[3.011s] Level 1:colcon.colcon_core.package_identification:_identify(src/ros-controls/kinematics_interface) by extension 'ignore'
[3.011s] Level 1:colcon.colcon_core.package_identification:_identify(src/ros-controls/kinematics_interface) by extension 'ignore_ament_install'
[3.011s] Level 1:colcon.colcon_core.package_identification:_identify(src/ros-controls/kinematics_interface) by extensions ['colcon_pkg']
[3.011s] Level 1:colcon.colcon_core.package_identification:_identify(src/ros-controls/kinematics_interface) by extension 'colcon_pkg'
[3.011s] Level 1:colcon.colcon_core.package_identification:_identify(src/ros-controls/kinematics_interface) by extensions ['colcon_meta']
[3.011s] Level 1:colcon.colcon_core.package_identification:_identify(src/ros-controls/kinematics_interface) by extension 'colcon_meta'
[3.011s] Level 1:colcon.colcon_core.package_identification:_identify(src/ros-controls/kinematics_interface) by extensions ['ros']
[3.011s] Level 1:colcon.colcon_core.package_identification:_identify(src/ros-controls/kinematics_interface) by extension 'ros'
[3.011s] Level 1:colcon.colcon_core.package_identification:_identify(src/ros-controls/kinematics_interface) by extensions ['cmake', 'python']
[3.011s] Level 1:colcon.colcon_core.package_identification:_identify(src/ros-controls/kinematics_interface) by extension 'cmake'
[3.011s] Level 1:colcon.colcon_core.package_identification:_identify(src/ros-controls/kinematics_interface) by extension 'python'
[3.011s] Level 1:colcon.colcon_core.package_identification:_identify(src/ros-controls/kinematics_interface) by extensions ['python_setup_py']
[3.012s] Level 1:colcon.colcon_core.package_identification:_identify(src/ros-controls/kinematics_interface) by extension 'python_setup_py'
[3.013s] Level 1:colcon.colcon_core.package_identification:_identify(src/ros-controls/kinematics_interface/kinematics_interface) by extensions ['ignore', 'ignore_ament_install']
[3.013s] Level 1:colcon.colcon_core.package_identification:_identify(src/ros-controls/kinematics_interface/kinematics_interface) by extension 'ignore'
[3.013s] Level 1:colcon.colcon_core.package_identification:_identify(src/ros-controls/kinematics_interface/kinematics_interface) by extension 'ignore_ament_install'
[3.013s] Level 1:colcon.colcon_core.package_identification:_identify(src/ros-controls/kinematics_interface/kinematics_interface) by extensions ['colcon_pkg']
[3.013s] Level 1:colcon.colcon_core.package_identification:_identify(src/ros-controls/kinematics_interface/kinematics_interface) by extension 'colcon_pkg'
[3.013s] Level 1:colcon.colcon_core.package_identification:_identify(src/ros-controls/kinematics_interface/kinematics_interface) by extensions ['colcon_meta']
[3.013s] Level 1:colcon.colcon_core.package_identification:_identify(src/ros-controls/kinematics_interface/kinematics_interface) by extension 'colcon_meta'
[3.013s] Level 1:colcon.colcon_core.package_identification:_identify(src/ros-controls/kinematics_interface/kinematics_interface) by extensions ['ros']
[3.013s] Level 1:colcon.colcon_core.package_identification:_identify(src/ros-controls/kinematics_interface/kinematics_interface) by extension 'ros'
[3.015s] DEBUG:colcon.colcon_core.package_identification:Package 'src/ros-controls/kinematics_interface/kinematics_interface' with type 'ros.ament_cmake' and name 'kinematics_interface'
[3.016s] Level 1:colcon.colcon_core.package_identification:_identify(src/ros-controls/kinematics_interface/kinematics_interface_kdl) by extensions ['ignore', 'ignore_ament_install']
[3.017s] Level 1:colcon.colcon_core.package_identification:_identify(src/ros-controls/kinematics_interface/kinematics_interface_kdl) by extension 'ignore'
[3.017s] Level 1:colcon.colcon_core.package_identification:_identify(src/ros-controls/kinematics_interface/kinematics_interface_kdl) by extension 'ignore_ament_install'
[3.017s] Level 1:colcon.colcon_core.package_identification:_identify(src/ros-controls/kinematics_interface/kinematics_interface_kdl) by extensions ['colcon_pkg']
[3.017s] Level 1:colcon.colcon_core.package_identification:_identify(src/ros-controls/kinematics_interface/kinematics_interface_kdl) by extension 'colcon_pkg'
[3.017s] Level 1:colcon.colcon_core.package_identification:_identify(src/ros-controls/kinematics_interface/kinematics_interface_kdl) by extensions ['colcon_meta']
[3.017s] Level 1:colcon.colcon_core.package_identification:_identify(src/ros-controls/kinematics_interface/kinematics_interface_kdl) by extension 'colcon_meta'
[3.017s] Level 1:colcon.colcon_core.package_identification:_identify(src/ros-controls/kinematics_interface/kinematics_interface_kdl) by extensions ['ros']
[3.017s] Level 1:colcon.colcon_core.package_identification:_identify(src/ros-controls/kinematics_interface/kinematics_interface_kdl) by extension 'ros'
[3.019s] DEBUG:colcon.colcon_core.package_identification:Package 'src/ros-controls/kinematics_interface/kinematics_interface_kdl' with type 'ros.ament_cmake' and name 'kinematics_interface_kdl'
[3.020s] Level 1:colcon.colcon_core.package_identification:_identify(src/ros-controls/realtime_tools) by extensions ['ignore', 'ignore_ament_install']
[3.021s] Level 1:colcon.colcon_core.package_identification:_identify(src/ros-controls/realtime_tools) by extension 'ignore'
[3.021s] Level 1:colcon.colcon_core.package_identification:_identify(src/ros-controls/realtime_tools) by extension 'ignore_ament_install'
[3.021s] Level 1:colcon.colcon_core.package_identification:_identify(src/ros-controls/realtime_tools) by extensions ['colcon_pkg']
[3.021s] Level 1:colcon.colcon_core.package_identification:_identify(src/ros-controls/realtime_tools) by extension 'colcon_pkg'
[3.021s] Level 1:colcon.colcon_core.package_identification:_identify(src/ros-controls/realtime_tools) by extensions ['colcon_meta']
[3.021s] Level 1:colcon.colcon_core.package_identification:_identify(src/ros-controls/realtime_tools) by extension 'colcon_meta'
[3.021s] Level 1:colcon.colcon_core.package_identification:_identify(src/ros-controls/realtime_tools) by extensions ['ros']
[3.021s] Level 1:colcon.colcon_core.package_identification:_identify(src/ros-controls/realtime_tools) by extension 'ros'
[3.023s] DEBUG:colcon.colcon_core.package_identification:Package 'src/ros-controls/realtime_tools' with type 'ros.ament_cmake' and name 'realtime_tools'
[3.024s] Level 1:colcon.colcon_core.package_identification:_identify(src/ros-controls/ros2_control) by extensions ['ignore', 'ignore_ament_install']
[3.024s] Level 1:colcon.colcon_core.package_identification:_identify(src/ros-controls/ros2_control) by extension 'ignore'
[3.025s] Level 1:colcon.colcon_core.package_identification:_identify(src/ros-controls/ros2_control) by extension 'ignore_ament_install'
[3.025s] Level 1:colcon.colcon_core.package_identification:_identify(src/ros-controls/ros2_control) by extensions ['colcon_pkg']
[3.025s] Level 1:colcon.colcon_core.package_identification:_identify(src/ros-controls/ros2_control) by extension 'colcon_pkg'
[3.025s] Level 1:colcon.colcon_core.package_identification:_identify(src/ros-controls/ros2_control) by extensions ['colcon_meta']
[3.025s] Level 1:colcon.colcon_core.package_identification:_identify(src/ros-controls/ros2_control) by extension 'colcon_meta'
[3.025s] Level 1:colcon.colcon_core.package_identification:_identify(src/ros-controls/ros2_control) by extensions ['ros']
[3.025s] Level 1:colcon.colcon_core.package_identification:_identify(src/ros-controls/ros2_control) by extension 'ros'
[3.025s] Level 1:colcon.colcon_core.package_identification:_identify(src/ros-controls/ros2_control) by extensions ['cmake', 'python']
[3.025s] Level 1:colcon.colcon_core.package_identification:_identify(src/ros-controls/ros2_control) by extension 'cmake'
[3.025s] Level 1:colcon.colcon_core.package_identification:_identify(src/ros-controls/ros2_control) by extension 'python'
[3.025s] Level 1:colcon.colcon_core.package_identification:_identify(src/ros-controls/ros2_control) by extensions ['python_setup_py']
[3.025s] Level 1:colcon.colcon_core.package_identification:_identify(src/ros-controls/ros2_control) by extension 'python_setup_py'
[3.026s] Level 1:colcon.colcon_core.package_identification:_identify(src/ros-controls/ros2_control/controller_interface) by extensions ['ignore', 'ignore_ament_install']
[3.027s] Level 1:colcon.colcon_core.package_identification:_identify(src/ros-controls/ros2_control/controller_interface) by extension 'ignore'
[3.027s] Level 1:colcon.colcon_core.package_identification:_identify(src/ros-controls/ros2_control/controller_interface) by extension 'ignore_ament_install'
[3.027s] Level 1:colcon.colcon_core.package_identification:_identify(src/ros-controls/ros2_control/controller_interface) by extensions ['colcon_pkg']
[3.027s] Level 1:colcon.colcon_core.package_identification:_identify(src/ros-controls/ros2_control/controller_interface) by extension 'colcon_pkg'
[3.027s] Level 1:colcon.colcon_core.package_identification:_identify(src/ros-controls/ros2_control/controller_interface) by extensions ['colcon_meta']
[3.027s] Level 1:colcon.colcon_core.package_identification:_identify(src/ros-controls/ros2_control/controller_interface) by extension 'colcon_meta'
[3.027s] Level 1:colcon.colcon_core.package_identification:_identify(src/ros-controls/ros2_control/controller_interface) by extensions ['ros']
[3.027s] Level 1:colcon.colcon_core.package_identification:_identify(src/ros-controls/ros2_control/controller_interface) by extension 'ros'
[3.030s] DEBUG:colcon.colcon_core.package_identification:Package 'src/ros-controls/ros2_control/controller_interface' with type 'ros.ament_cmake' and name 'controller_interface'
[3.032s] Level 1:colcon.colcon_core.package_identification:_identify(src/ros-controls/ros2_control/controller_manager) by extensions ['ignore', 'ignore_ament_install']
[3.032s] Level 1:colcon.colcon_core.package_identification:_identify(src/ros-controls/ros2_control/controller_manager) by extension 'ignore'
[3.032s] Level 1:colcon.colcon_core.package_identification:_identify(src/ros-controls/ros2_control/controller_manager) by extension 'ignore_ament_install'
[3.032s] Level 1:colcon.colcon_core.package_identification:_identify(src/ros-controls/ros2_control/controller_manager) by extensions ['colcon_pkg']
[3.032s] Level 1:colcon.colcon_core.package_identification:_identify(src/ros-controls/ros2_control/controller_manager) by extension 'colcon_pkg'
[3.032s] Level 1:colcon.colcon_core.package_identification:_identify(src/ros-controls/ros2_control/controller_manager) by extensions ['colcon_meta']
[3.032s] Level 1:colcon.colcon_core.package_identification:_identify(src/ros-controls/ros2_control/controller_manager) by extension 'colcon_meta'
[3.032s] Level 1:colcon.colcon_core.package_identification:_identify(src/ros-controls/ros2_control/controller_manager) by extensions ['ros']
[3.032s] Level 1:colcon.colcon_core.package_identification:_identify(src/ros-controls/ros2_control/controller_manager) by extension 'ros'
[3.037s] DEBUG:colcon.colcon_core.package_identification:Package 'src/ros-controls/ros2_control/controller_manager' with type 'ros.ament_cmake' and name 'controller_manager'
[3.038s] Level 1:colcon.colcon_core.package_identification:_identify(src/ros-controls/ros2_control/controller_manager_msgs) by extensions ['ignore', 'ignore_ament_install']
[3.039s] Level 1:colcon.colcon_core.package_identification:_identify(src/ros-controls/ros2_control/controller_manager_msgs) by extension 'ignore'
[3.039s] Level 1:colcon.colcon_core.package_identification:_identify(src/ros-controls/ros2_control/controller_manager_msgs) by extension 'ignore_ament_install'
[3.039s] Level 1:colcon.colcon_core.package_identification:_identify(src/ros-controls/ros2_control/controller_manager_msgs) by extensions ['colcon_pkg']
[3.039s] Level 1:colcon.colcon_core.package_identification:_identify(src/ros-controls/ros2_control/controller_manager_msgs) by extension 'colcon_pkg'
[3.039s] Level 1:colcon.colcon_core.package_identification:_identify(src/ros-controls/ros2_control/controller_manager_msgs) by extensions ['colcon_meta']
[3.039s] Level 1:colcon.colcon_core.package_identification:_identify(src/ros-controls/ros2_control/controller_manager_msgs) by extension 'colcon_meta'
[3.039s] Level 1:colcon.colcon_core.package_identification:_identify(src/ros-controls/ros2_control/controller_manager_msgs) by extensions ['ros']
[3.039s] Level 1:colcon.colcon_core.package_identification:_identify(src/ros-controls/ros2_control/controller_manager_msgs) by extension 'ros'
[3.041s] DEBUG:colcon.colcon_core.package_identification:Package 'src/ros-controls/ros2_control/controller_manager_msgs' with type 'ros.ament_cmake' and name 'controller_manager_msgs'
[3.042s] Level 1:colcon.colcon_core.package_identification:_identify(src/ros-controls/ros2_control/doc) by extensions ['ignore', 'ignore_ament_install']
[3.042s] Level 1:colcon.colcon_core.package_identification:_identify(src/ros-controls/ros2_control/doc) by extension 'ignore'
[3.042s] Level 1:colcon.colcon_core.package_identification:_identify(src/ros-controls/ros2_control/doc) by extension 'ignore_ament_install'
[3.042s] Level 1:colcon.colcon_core.package_identification:_identify(src/ros-controls/ros2_control/doc) by extensions ['colcon_pkg']
[3.043s] Level 1:colcon.colcon_core.package_identification:_identify(src/ros-controls/ros2_control/doc) by extension 'colcon_pkg'
[3.043s] Level 1:colcon.colcon_core.package_identification:_identify(src/ros-controls/ros2_control/doc) by extensions ['colcon_meta']
[3.043s] Level 1:colcon.colcon_core.package_identification:_identify(src/ros-controls/ros2_control/doc) by extension 'colcon_meta'
[3.043s] Level 1:colcon.colcon_core.package_identification:_identify(src/ros-controls/ros2_control/doc) by extensions ['ros']
[3.043s] Level 1:colcon.colcon_core.package_identification:_identify(src/ros-controls/ros2_control/doc) by extension 'ros'
[3.043s] Level 1:colcon.colcon_core.package_identification:_identify(src/ros-controls/ros2_control/doc) by extensions ['cmake', 'python']
[3.043s] Level 1:colcon.colcon_core.package_identification:_identify(src/ros-controls/ros2_control/doc) by extension 'cmake'
[3.043s] Level 1:colcon.colcon_core.package_identification:_identify(src/ros-controls/ros2_control/doc) by extension 'python'
[3.043s] Level 1:colcon.colcon_core.package_identification:_identify(src/ros-controls/ros2_control/doc) by extensions ['python_setup_py']
[3.043s] Level 1:colcon.colcon_core.package_identification:_identify(src/ros-controls/ros2_control/doc) by extension 'python_setup_py'
[3.044s] Level 1:colcon.colcon_core.package_identification:_identify(src/ros-controls/ros2_control/hardware_interface) by extensions ['ignore', 'ignore_ament_install']
[3.044s] Level 1:colcon.colcon_core.package_identification:_identify(src/ros-controls/ros2_control/hardware_interface) by extension 'ignore'
[3.044s] Level 1:colcon.colcon_core.package_identification:_identify(src/ros-controls/ros2_control/hardware_interface) by extension 'ignore_ament_install'
[3.045s] Level 1:colcon.colcon_core.package_identification:_identify(src/ros-controls/ros2_control/hardware_interface) by extensions ['colcon_pkg']
[3.045s] Level 1:colcon.colcon_core.package_identification:_identify(src/ros-controls/ros2_control/hardware_interface) by extension 'colcon_pkg'
[3.045s] Level 1:colcon.colcon_core.package_identification:_identify(src/ros-controls/ros2_control/hardware_interface) by extensions ['colcon_meta']
[3.045s] Level 1:colcon.colcon_core.package_identification:_identify(src/ros-controls/ros2_control/hardware_interface) by extension 'colcon_meta'
[3.045s] Level 1:colcon.colcon_core.package_identification:_identify(src/ros-controls/ros2_control/hardware_interface) by extensions ['ros']
[3.045s] Level 1:colcon.colcon_core.package_identification:_identify(src/ros-controls/ros2_control/hardware_interface) by extension 'ros'
[3.047s] DEBUG:colcon.colcon_core.package_identification:Package 'src/ros-controls/ros2_control/hardware_interface' with type 'ros.ament_cmake' and name 'hardware_interface'
[3.048s] Level 1:colcon.colcon_core.package_identification:_identify(src/ros-controls/ros2_control/joint_limits) by extensions ['ignore', 'ignore_ament_install']
[3.048s] Level 1:colcon.colcon_core.package_identification:_identify(src/ros-controls/ros2_control/joint_limits) by extension 'ignore'
[3.049s] Level 1:colcon.colcon_core.package_identification:_identify(src/ros-controls/ros2_control/joint_limits) by extension 'ignore_ament_install'
[3.049s] Level 1:colcon.colcon_core.package_identification:_identify(src/ros-controls/ros2_control/joint_limits) by extensions ['colcon_pkg']
[3.049s] Level 1:colcon.colcon_core.package_identification:_identify(src/ros-controls/ros2_control/joint_limits) by extension 'colcon_pkg'
[3.049s] Level 1:colcon.colcon_core.package_identification:_identify(src/ros-controls/ros2_control/joint_limits) by extensions ['colcon_meta']
[3.049s] Level 1:colcon.colcon_core.package_identification:_identify(src/ros-controls/ros2_control/joint_limits) by extension 'colcon_meta'
[3.049s] Level 1:colcon.colcon_core.package_identification:_identify(src/ros-controls/ros2_control/joint_limits) by extensions ['ros']
[3.049s] Level 1:colcon.colcon_core.package_identification:_identify(src/ros-controls/ros2_control/joint_limits) by extension 'ros'
[3.051s] DEBUG:colcon.colcon_core.package_identification:Package 'src/ros-controls/ros2_control/joint_limits' with type 'ros.ament_cmake' and name 'joint_limits'
[3.052s] Level 1:colcon.colcon_core.package_identification:_identify(src/ros-controls/ros2_control/joint_limits_interface) by extensions ['ignore', 'ignore_ament_install']
[3.052s] Level 1:colcon.colcon_core.package_identification:_identify(src/ros-controls/ros2_control/joint_limits_interface) by extension 'ignore'
[3.052s] Level 1:colcon.colcon_core.package_identification:_identify(src/ros-controls/ros2_control/joint_limits_interface) ignored
[3.053s] Level 1:colcon.colcon_core.package_identification:_identify(src/ros-controls/ros2_control/ros2_control) by extensions ['ignore', 'ignore_ament_install']
[3.053s] Level 1:colcon.colcon_core.package_identification:_identify(src/ros-controls/ros2_control/ros2_control) by extension 'ignore'
[3.053s] Level 1:colcon.colcon_core.package_identification:_identify(src/ros-controls/ros2_control/ros2_control) by extension 'ignore_ament_install'
[3.053s] Level 1:colcon.colcon_core.package_identification:_identify(src/ros-controls/ros2_control/ros2_control) by extensions ['colcon_pkg']
[3.053s] Level 1:colcon.colcon_core.package_identification:_identify(src/ros-controls/ros2_control/ros2_control) by extension 'colcon_pkg'
[3.054s] Level 1:colcon.colcon_core.package_identification:_identify(src/ros-controls/ros2_control/ros2_control) by extensions ['colcon_meta']
[3.054s] Level 1:colcon.colcon_core.package_identification:_identify(src/ros-controls/ros2_control/ros2_control) by extension 'colcon_meta'
[3.054s] Level 1:colcon.colcon_core.package_identification:_identify(src/ros-controls/ros2_control/ros2_control) by extensions ['ros']
[3.054s] Level 1:colcon.colcon_core.package_identification:_identify(src/ros-controls/ros2_control/ros2_control) by extension 'ros'
[3.055s] DEBUG:colcon.colcon_core.package_identification:Package 'src/ros-controls/ros2_control/ros2_control' with type 'ros.ament_cmake' and name 'ros2_control'
[3.056s] Level 1:colcon.colcon_core.package_identification:_identify(src/ros-controls/ros2_control/ros2_control_test_assets) by extensions ['ignore', 'ignore_ament_install']
[3.057s] Level 1:colcon.colcon_core.package_identification:_identify(src/ros-controls/ros2_control/ros2_control_test_assets) by extension 'ignore'
[3.057s] Level 1:colcon.colcon_core.package_identification:_identify(src/ros-controls/ros2_control/ros2_control_test_assets) by extension 'ignore_ament_install'
[3.057s] Level 1:colcon.colcon_core.package_identification:_identify(src/ros-controls/ros2_control/ros2_control_test_assets) by extensions ['colcon_pkg']
[3.057s] Level 1:colcon.colcon_core.package_identification:_identify(src/ros-controls/ros2_control/ros2_control_test_assets) by extension 'colcon_pkg'
[3.057s] Level 1:colcon.colcon_core.package_identification:_identify(src/ros-controls/ros2_control/ros2_control_test_assets) by extensions ['colcon_meta']
[3.057s] Level 1:colcon.colcon_core.package_identification:_identify(src/ros-controls/ros2_control/ros2_control_test_assets) by extension 'colcon_meta'
[3.057s] Level 1:colcon.colcon_core.package_identification:_identify(src/ros-controls/ros2_control/ros2_control_test_assets) by extensions ['ros']
[3.057s] Level 1:colcon.colcon_core.package_identification:_identify(src/ros-controls/ros2_control/ros2_control_test_assets) by extension 'ros'
[3.060s] DEBUG:colcon.colcon_core.package_identification:Package 'src/ros-controls/ros2_control/ros2_control_test_assets' with type 'ros.ament_cmake' and name 'ros2_control_test_assets'
[3.061s] Level 1:colcon.colcon_core.package_identification:_identify(src/ros-controls/ros2_control/ros2controlcli) by extensions ['ignore', 'ignore_ament_install']
[3.061s] Level 1:colcon.colcon_core.package_identification:_identify(src/ros-controls/ros2_control/ros2controlcli) by extension 'ignore'
[3.061s] Level 1:colcon.colcon_core.package_identification:_identify(src/ros-controls/ros2_control/ros2controlcli) by extension 'ignore_ament_install'
[3.061s] Level 1:colcon.colcon_core.package_identification:_identify(src/ros-controls/ros2_control/ros2controlcli) by extensions ['colcon_pkg']
[3.061s] Level 1:colcon.colcon_core.package_identification:_identify(src/ros-controls/ros2_control/ros2controlcli) by extension 'colcon_pkg'
[3.062s] Level 1:colcon.colcon_core.package_identification:_identify(src/ros-controls/ros2_control/ros2controlcli) by extensions ['colcon_meta']
[3.062s] Level 1:colcon.colcon_core.package_identification:_identify(src/ros-controls/ros2_control/ros2controlcli) by extension 'colcon_meta'
[3.062s] Level 1:colcon.colcon_core.package_identification:_identify(src/ros-controls/ros2_control/ros2controlcli) by extensions ['ros']
[3.062s] Level 1:colcon.colcon_core.package_identification:_identify(src/ros-controls/ros2_control/ros2controlcli) by extension 'ros'
[3.064s] DEBUG:colcon.colcon_core.package_identification:Package 'src/ros-controls/ros2_control/ros2controlcli' with type 'ros.ament_python' and name 'ros2controlcli'
[3.065s] Level 1:colcon.colcon_core.package_identification:_identify(src/ros-controls/ros2_control/rqt_controller_manager) by extensions ['ignore', 'ignore_ament_install']
[3.065s] Level 1:colcon.colcon_core.package_identification:_identify(src/ros-controls/ros2_control/rqt_controller_manager) by extension 'ignore'
[3.065s] Level 1:colcon.colcon_core.package_identification:_identify(src/ros-controls/ros2_control/rqt_controller_manager) by extension 'ignore_ament_install'
[3.066s] Level 1:colcon.colcon_core.package_identification:_identify(src/ros-controls/ros2_control/rqt_controller_manager) by extensions ['colcon_pkg']
[3.066s] Level 1:colcon.colcon_core.package_identification:_identify(src/ros-controls/ros2_control/rqt_controller_manager) by extension 'colcon_pkg'
[3.066s] Level 1:colcon.colcon_core.package_identification:_identify(src/ros-controls/ros2_control/rqt_controller_manager) by extensions ['colcon_meta']
[3.066s] Level 1:colcon.colcon_core.package_identification:_identify(src/ros-controls/ros2_control/rqt_controller_manager) by extension 'colcon_meta'
[3.066s] Level 1:colcon.colcon_core.package_identification:_identify(src/ros-controls/ros2_control/rqt_controller_manager) by extensions ['ros']
[3.066s] Level 1:colcon.colcon_core.package_identification:_identify(src/ros-controls/ros2_control/rqt_controller_manager) by extension 'ros'
[3.068s] DEBUG:colcon.colcon_core.package_identification:Package 'src/ros-controls/ros2_control/rqt_controller_manager' with type 'ros.ament_python' and name 'rqt_controller_manager'
[3.069s] Level 1:colcon.colcon_core.package_identification:_identify(src/ros-controls/ros2_control/transmission_interface) by extensions ['ignore', 'ignore_ament_install']
[3.069s] Level 1:colcon.colcon_core.package_identification:_identify(src/ros-controls/ros2_control/transmission_interface) by extension 'ignore'
[3.069s] Level 1:colcon.colcon_core.package_identification:_identify(src/ros-controls/ros2_control/transmission_interface) by extension 'ignore_ament_install'
[3.070s] Level 1:colcon.colcon_core.package_identification:_identify(src/ros-controls/ros2_control/transmission_interface) by extensions ['colcon_pkg']
[3.070s] Level 1:colcon.colcon_core.package_identification:_identify(src/ros-controls/ros2_control/transmission_interface) by extension 'colcon_pkg'
[3.070s] Level 1:colcon.colcon_core.package_identification:_identify(src/ros-controls/ros2_control/transmission_interface) by extensions ['colcon_meta']
[3.070s] Level 1:colcon.colcon_core.package_identification:_identify(src/ros-controls/ros2_control/transmission_interface) by extension 'colcon_meta'
[3.070s] Level 1:colcon.colcon_core.package_identification:_identify(src/ros-controls/ros2_control/transmission_interface) by extensions ['ros']
[3.070s] Level 1:colcon.colcon_core.package_identification:_identify(src/ros-controls/ros2_control/transmission_interface) by extension 'ros'
[3.072s] DEBUG:colcon.colcon_core.package_identification:Package 'src/ros-controls/ros2_control/transmission_interface' with type 'ros.ament_cmake' and name 'transmission_interface'
[3.073s] Level 1:colcon.colcon_core.package_identification:_identify(src/ros-controls/ros2_control_demos) by extensions ['ignore', 'ignore_ament_install']
[3.073s] Level 1:colcon.colcon_core.package_identification:_identify(src/ros-controls/ros2_control_demos) by extension 'ignore'
[3.073s] Level 1:colcon.colcon_core.package_identification:_identify(src/ros-controls/ros2_control_demos) by extension 'ignore_ament_install'
[3.073s] Level 1:colcon.colcon_core.package_identification:_identify(src/ros-controls/ros2_control_demos) by extensions ['colcon_pkg']
[3.073s] Level 1:colcon.colcon_core.package_identification:_identify(src/ros-controls/ros2_control_demos) by extension 'colcon_pkg'
[3.073s] Level 1:colcon.colcon_core.package_identification:_identify(src/ros-controls/ros2_control_demos) by extensions ['colcon_meta']
[3.073s] Level 1:colcon.colcon_core.package_identification:_identify(src/ros-controls/ros2_control_demos) by extension 'colcon_meta'
[3.073s] Level 1:colcon.colcon_core.package_identification:_identify(src/ros-controls/ros2_control_demos) by extensions ['ros']
[3.073s] Level 1:colcon.colcon_core.package_identification:_identify(src/ros-controls/ros2_control_demos) by extension 'ros'
[3.073s] Level 1:colcon.colcon_core.package_identification:_identify(src/ros-controls/ros2_control_demos) by extensions ['cmake', 'python']
[3.073s] Level 1:colcon.colcon_core.package_identification:_identify(src/ros-controls/ros2_control_demos) by extension 'cmake'
[3.074s] Level 1:colcon.colcon_core.package_identification:_identify(src/ros-controls/ros2_control_demos) by extension 'python'
[3.074s] Level 1:colcon.colcon_core.package_identification:_identify(src/ros-controls/ros2_control_demos) by extensions ['python_setup_py']
[3.074s] Level 1:colcon.colcon_core.package_identification:_identify(src/ros-controls/ros2_control_demos) by extension 'python_setup_py'
[3.075s] Level 1:colcon.colcon_core.package_identification:_identify(src/ros-controls/ros2_control_demos/example_7) by extensions ['ignore', 'ignore_ament_install']
[3.075s] Level 1:colcon.colcon_core.package_identification:_identify(src/ros-controls/ros2_control_demos/example_7) by extension 'ignore'
[3.075s] Level 1:colcon.colcon_core.package_identification:_identify(src/ros-controls/ros2_control_demos/example_7) by extension 'ignore_ament_install'
[3.075s] Level 1:colcon.colcon_core.package_identification:_identify(src/ros-controls/ros2_control_demos/example_7) by extensions ['colcon_pkg']
[3.075s] Level 1:colcon.colcon_core.package_identification:_identify(src/ros-controls/ros2_control_demos/example_7) by extension 'colcon_pkg'
[3.075s] Level 1:colcon.colcon_core.package_identification:_identify(src/ros-controls/ros2_control_demos/example_7) by extensions ['colcon_meta']
[3.075s] Level 1:colcon.colcon_core.package_identification:_identify(src/ros-controls/ros2_control_demos/example_7) by extension 'colcon_meta'
[3.075s] Level 1:colcon.colcon_core.package_identification:_identify(src/ros-controls/ros2_control_demos/example_7) by extensions ['ros']
[3.075s] Level 1:colcon.colcon_core.package_identification:_identify(src/ros-controls/ros2_control_demos/example_7) by extension 'ros'
[3.079s] DEBUG:colcon.colcon_core.package_identification:Package 'src/ros-controls/ros2_control_demos/example_7' with type 'ros.ament_cmake' and name 'ros2_control_demo_example_7'
[3.080s] Level 1:colcon.colcon_core.package_identification:_identify(src/ros-controls/ros2_control_demos/ros2_control_demo_description) by extensions ['ignore', 'ignore_ament_install']
[3.081s] Level 1:colcon.colcon_core.package_identification:_identify(src/ros-controls/ros2_control_demos/ros2_control_demo_description) by extension 'ignore'
[3.081s] Level 1:colcon.colcon_core.package_identification:_identify(src/ros-controls/ros2_control_demos/ros2_control_demo_description) by extension 'ignore_ament_install'
[3.081s] Level 1:colcon.colcon_core.package_identification:_identify(src/ros-controls/ros2_control_demos/ros2_control_demo_description) by extensions ['colcon_pkg']
[3.081s] Level 1:colcon.colcon_core.package_identification:_identify(src/ros-controls/ros2_control_demos/ros2_control_demo_description) by extension 'colcon_pkg'
[3.081s] Level 1:colcon.colcon_core.package_identification:_identify(src/ros-controls/ros2_control_demos/ros2_control_demo_description) by extensions ['colcon_meta']
[3.081s] Level 1:colcon.colcon_core.package_identification:_identify(src/ros-controls/ros2_control_demos/ros2_control_demo_description) by extension 'colcon_meta'
[3.081s] Level 1:colcon.colcon_core.package_identification:_identify(src/ros-controls/ros2_control_demos/ros2_control_demo_description) by extensions ['ros']
[3.081s] Level 1:colcon.colcon_core.package_identification:_identify(src/ros-controls/ros2_control_demos/ros2_control_demo_description) by extension 'ros'
[3.083s] DEBUG:colcon.colcon_core.package_identification:Package 'src/ros-controls/ros2_control_demos/ros2_control_demo_description' with type 'ros.ament_cmake' and name 'ros2_control_demo_description'
[3.084s] Level 1:colcon.colcon_core.package_identification:_identify(src/ros-controls/ros2_control_demos/ros2_control_demos) by extensions ['ignore', 'ignore_ament_install']
[3.084s] Level 1:colcon.colcon_core.package_identification:_identify(src/ros-controls/ros2_control_demos/ros2_control_demos) by extension 'ignore'
[3.084s] Level 1:colcon.colcon_core.package_identification:_identify(src/ros-controls/ros2_control_demos/ros2_control_demos) by extension 'ignore_ament_install'
[3.085s] Level 1:colcon.colcon_core.package_identification:_identify(src/ros-controls/ros2_control_demos/ros2_control_demos) by extensions ['colcon_pkg']
[3.085s] Level 1:colcon.colcon_core.package_identification:_identify(src/ros-controls/ros2_control_demos/ros2_control_demos) by extension 'colcon_pkg'
[3.085s] Level 1:colcon.colcon_core.package_identification:_identify(src/ros-controls/ros2_control_demos/ros2_control_demos) by extensions ['colcon_meta']
[3.085s] Level 1:colcon.colcon_core.package_identification:_identify(src/ros-controls/ros2_control_demos/ros2_control_demos) by extension 'colcon_meta'
[3.085s] Level 1:colcon.colcon_core.package_identification:_identify(src/ros-controls/ros2_control_demos/ros2_control_demos) by extensions ['ros']
[3.085s] Level 1:colcon.colcon_core.package_identification:_identify(src/ros-controls/ros2_control_demos/ros2_control_demos) by extension 'ros'
[3.087s] DEBUG:colcon.colcon_core.package_identification:Package 'src/ros-controls/ros2_control_demos/ros2_control_demos' with type 'ros.ament_cmake' and name 'ros2_control_demos'
[3.088s] Level 1:colcon.colcon_core.package_identification:_identify(src/ros-controls/ros2_controllers) by extensions ['ignore', 'ignore_ament_install']
[3.088s] Level 1:colcon.colcon_core.package_identification:_identify(src/ros-controls/ros2_controllers) by extension 'ignore'
[3.088s] Level 1:colcon.colcon_core.package_identification:_identify(src/ros-controls/ros2_controllers) by extension 'ignore_ament_install'
[3.088s] Level 1:colcon.colcon_core.package_identification:_identify(src/ros-controls/ros2_controllers) by extensions ['colcon_pkg']
[3.088s] Level 1:colcon.colcon_core.package_identification:_identify(src/ros-controls/ros2_controllers) by extension 'colcon_pkg'
[3.088s] Level 1:colcon.colcon_core.package_identification:_identify(src/ros-controls/ros2_controllers) by extensions ['colcon_meta']
[3.088s] Level 1:colcon.colcon_core.package_identification:_identify(src/ros-controls/ros2_controllers) by extension 'colcon_meta'
[3.088s] Level 1:colcon.colcon_core.package_identification:_identify(src/ros-controls/ros2_controllers) by extensions ['ros']
[3.088s] Level 1:colcon.colcon_core.package_identification:_identify(src/ros-controls/ros2_controllers) by extension 'ros'
[3.089s] Level 1:colcon.colcon_core.package_identification:_identify(src/ros-controls/ros2_controllers) by extensions ['cmake', 'python']
[3.089s] Level 1:colcon.colcon_core.package_identification:_identify(src/ros-controls/ros2_controllers) by extension 'cmake'
[3.089s] Level 1:colcon.colcon_core.package_identification:_identify(src/ros-controls/ros2_controllers) by extension 'python'
[3.089s] Level 1:colcon.colcon_core.package_identification:_identify(src/ros-controls/ros2_controllers) by extensions ['python_setup_py']
[3.089s] Level 1:colcon.colcon_core.package_identification:_identify(src/ros-controls/ros2_controllers) by extension 'python_setup_py'
[3.090s] Level 1:colcon.colcon_core.package_identification:_identify(src/ros-controls/ros2_controllers/ackermann_steering_controller) by extensions ['ignore', 'ignore_ament_install']
[3.090s] Level 1:colcon.colcon_core.package_identification:_identify(src/ros-controls/ros2_controllers/ackermann_steering_controller) by extension 'ignore'
[3.090s] Level 1:colcon.colcon_core.package_identification:_identify(src/ros-controls/ros2_controllers/ackermann_steering_controller) by extension 'ignore_ament_install'
[3.090s] Level 1:colcon.colcon_core.package_identification:_identify(src/ros-controls/ros2_controllers/ackermann_steering_controller) by extensions ['colcon_pkg']
[3.090s] Level 1:colcon.colcon_core.package_identification:_identify(src/ros-controls/ros2_controllers/ackermann_steering_controller) by extension 'colcon_pkg'
[3.090s] Level 1:colcon.colcon_core.package_identification:_identify(src/ros-controls/ros2_controllers/ackermann_steering_controller) by extensions ['colcon_meta']
[3.090s] Level 1:colcon.colcon_core.package_identification:_identify(src/ros-controls/ros2_controllers/ackermann_steering_controller) by extension 'colcon_meta'
[3.090s] Level 1:colcon.colcon_core.package_identification:_identify(src/ros-controls/ros2_controllers/ackermann_steering_controller) by extensions ['ros']
[3.090s] Level 1:colcon.colcon_core.package_identification:_identify(src/ros-controls/ros2_controllers/ackermann_steering_controller) by extension 'ros'
[3.093s] DEBUG:colcon.colcon_core.package_identification:Package 'src/ros-controls/ros2_controllers/ackermann_steering_controller' with type 'ros.ament_cmake' and name 'ackermann_steering_controller'
[3.094s] Level 1:colcon.colcon_core.package_identification:_identify(src/ros-controls/ros2_controllers/admittance_controller) by extensions ['ignore', 'ignore_ament_install']
[3.094s] Level 1:colcon.colcon_core.package_identification:_identify(src/ros-controls/ros2_controllers/admittance_controller) by extension 'ignore'
[3.094s] Level 1:colcon.colcon_core.package_identification:_identify(src/ros-controls/ros2_controllers/admittance_controller) by extension 'ignore_ament_install'
[3.094s] Level 1:colcon.colcon_core.package_identification:_identify(src/ros-controls/ros2_controllers/admittance_controller) by extensions ['colcon_pkg']
[3.094s] Level 1:colcon.colcon_core.package_identification:_identify(src/ros-controls/ros2_controllers/admittance_controller) by extension 'colcon_pkg'
[3.095s] Level 1:colcon.colcon_core.package_identification:_identify(src/ros-controls/ros2_controllers/admittance_controller) by extensions ['colcon_meta']
[3.095s] Level 1:colcon.colcon_core.package_identification:_identify(src/ros-controls/ros2_controllers/admittance_controller) by extension 'colcon_meta'
[3.095s] Level 1:colcon.colcon_core.package_identification:_identify(src/ros-controls/ros2_controllers/admittance_controller) by extensions ['ros']
[3.095s] Level 1:colcon.colcon_core.package_identification:_identify(src/ros-controls/ros2_controllers/admittance_controller) by extension 'ros'
[3.099s] DEBUG:colcon.colcon_core.package_identification:Package 'src/ros-controls/ros2_controllers/admittance_controller' with type 'ros.ament_cmake' and name 'admittance_controller'
[3.100s] Level 1:colcon.colcon_core.package_identification:_identify(src/ros-controls/ros2_controllers/bicycle_steering_controller) by extensions ['ignore', 'ignore_ament_install']
[3.100s] Level 1:colcon.colcon_core.package_identification:_identify(src/ros-controls/ros2_controllers/bicycle_steering_controller) by extension 'ignore'
[3.101s] Level 1:colcon.colcon_core.package_identification:_identify(src/ros-controls/ros2_controllers/bicycle_steering_controller) by extension 'ignore_ament_install'
[3.101s] Level 1:colcon.colcon_core.package_identification:_identify(src/ros-controls/ros2_controllers/bicycle_steering_controller) by extensions ['colcon_pkg']
[3.101s] Level 1:colcon.colcon_core.package_identification:_identify(src/ros-controls/ros2_controllers/bicycle_steering_controller) by extension 'colcon_pkg'
[3.101s] Level 1:colcon.colcon_core.package_identification:_identify(src/ros-controls/ros2_controllers/bicycle_steering_controller) by extensions ['colcon_meta']
[3.101s] Level 1:colcon.colcon_core.package_identification:_identify(src/ros-controls/ros2_controllers/bicycle_steering_controller) by extension 'colcon_meta'
[3.101s] Level 1:colcon.colcon_core.package_identification:_identify(src/ros-controls/ros2_controllers/bicycle_steering_controller) by extensions ['ros']
[3.101s] Level 1:colcon.colcon_core.package_identification:_identify(src/ros-controls/ros2_controllers/bicycle_steering_controller) by extension 'ros'
[3.104s] DEBUG:colcon.colcon_core.package_identification:Package 'src/ros-controls/ros2_controllers/bicycle_steering_controller' with type 'ros.ament_cmake' and name 'bicycle_steering_controller'
[3.105s] Level 1:colcon.colcon_core.package_identification:_identify(src/ros-controls/ros2_controllers/diff_drive_controller) by extensions ['ignore', 'ignore_ament_install']
[3.105s] Level 1:colcon.colcon_core.package_identification:_identify(src/ros-controls/ros2_controllers/diff_drive_controller) by extension 'ignore'
[3.105s] Level 1:colcon.colcon_core.package_identification:_identify(src/ros-controls/ros2_controllers/diff_drive_controller) by extension 'ignore_ament_install'
[3.105s] Level 1:colcon.colcon_core.package_identification:_identify(src/ros-controls/ros2_controllers/diff_drive_controller) by extensions ['colcon_pkg']
[3.105s] Level 1:colcon.colcon_core.package_identification:_identify(src/ros-controls/ros2_controllers/diff_drive_controller) by extension 'colcon_pkg'
[3.105s] Level 1:colcon.colcon_core.package_identification:_identify(src/ros-controls/ros2_controllers/diff_drive_controller) by extensions ['colcon_meta']
[3.105s] Level 1:colcon.colcon_core.package_identification:_identify(src/ros-controls/ros2_controllers/diff_drive_controller) by extension 'colcon_meta'
[3.105s] Level 1:colcon.colcon_core.package_identification:_identify(src/ros-controls/ros2_controllers/diff_drive_controller) by extensions ['ros']
[3.105s] Level 1:colcon.colcon_core.package_identification:_identify(src/ros-controls/ros2_controllers/diff_drive_controller) by extension 'ros'
[3.108s] DEBUG:colcon.colcon_core.package_identification:Package 'src/ros-controls/ros2_controllers/diff_drive_controller' with type 'ros.ament_cmake' and name 'diff_drive_controller'
[3.109s] Level 1:colcon.colcon_core.package_identification:_identify(src/ros-controls/ros2_controllers/doc) by extensions ['ignore', 'ignore_ament_install']
[3.109s] Level 1:colcon.colcon_core.package_identification:_identify(src/ros-controls/ros2_controllers/doc) by extension 'ignore'
[3.109s] Level 1:colcon.colcon_core.package_identification:_identify(src/ros-controls/ros2_controllers/doc) by extension 'ignore_ament_install'
[3.109s] Level 1:colcon.colcon_core.package_identification:_identify(src/ros-controls/ros2_controllers/doc) by extensions ['colcon_pkg']
[3.109s] Level 1:colcon.colcon_core.package_identification:_identify(src/ros-controls/ros2_controllers/doc) by extension 'colcon_pkg'
[3.110s] Level 1:colcon.colcon_core.package_identification:_identify(src/ros-controls/ros2_controllers/doc) by extensions ['colcon_meta']
[3.110s] Level 1:colcon.colcon_core.package_identification:_identify(src/ros-controls/ros2_controllers/doc) by extension 'colcon_meta'
[3.110s] Level 1:colcon.colcon_core.package_identification:_identify(src/ros-controls/ros2_controllers/doc) by extensions ['ros']
[3.110s] Level 1:colcon.colcon_core.package_identification:_identify(src/ros-controls/ros2_controllers/doc) by extension 'ros'
[3.110s] Level 1:colcon.colcon_core.package_identification:_identify(src/ros-controls/ros2_controllers/doc) by extensions ['cmake', 'python']
[3.110s] Level 1:colcon.colcon_core.package_identification:_identify(src/ros-controls/ros2_controllers/doc) by extension 'cmake'
[3.110s] Level 1:colcon.colcon_core.package_identification:_identify(src/ros-controls/ros2_controllers/doc) by extension 'python'
[3.110s] Level 1:colcon.colcon_core.package_identification:_identify(src/ros-controls/ros2_controllers/doc) by extensions ['python_setup_py']
[3.110s] Level 1:colcon.colcon_core.package_identification:_identify(src/ros-controls/ros2_controllers/doc) by extension 'python_setup_py'
[3.111s] Level 1:colcon.colcon_core.package_identification:_identify(src/ros-controls/ros2_controllers/effort_controllers) by extensions ['ignore', 'ignore_ament_install']
[3.112s] Level 1:colcon.colcon_core.package_identification:_identify(src/ros-controls/ros2_controllers/effort_controllers) by extension 'ignore'
[3.112s] Level 1:colcon.colcon_core.package_identification:_identify(src/ros-controls/ros2_controllers/effort_controllers) by extension 'ignore_ament_install'
[3.112s] Level 1:colcon.colcon_core.package_identification:_identify(src/ros-controls/ros2_controllers/effort_controllers) by extensions ['colcon_pkg']
[3.112s] Level 1:colcon.colcon_core.package_identification:_identify(src/ros-controls/ros2_controllers/effort_controllers) by extension 'colcon_pkg'
[3.112s] Level 1:colcon.colcon_core.package_identification:_identify(src/ros-controls/ros2_controllers/effort_controllers) by extensions ['colcon_meta']
[3.112s] Level 1:colcon.colcon_core.package_identification:_identify(src/ros-controls/ros2_controllers/effort_controllers) by extension 'colcon_meta'
[3.112s] Level 1:colcon.colcon_core.package_identification:_identify(src/ros-controls/ros2_controllers/effort_controllers) by extensions ['ros']
[3.112s] Level 1:colcon.colcon_core.package_identification:_identify(src/ros-controls/ros2_controllers/effort_controllers) by extension 'ros'
[3.115s] DEBUG:colcon.colcon_core.package_identification:Package 'src/ros-controls/ros2_controllers/effort_controllers' with type 'ros.ament_cmake' and name 'effort_controllers'
[3.116s] Level 1:colcon.colcon_core.package_identification:_identify(src/ros-controls/ros2_controllers/force_torque_sensor_broadcaster) by extensions ['ignore', 'ignore_ament_install']
[3.117s] Level 1:colcon.colcon_core.package_identification:_identify(src/ros-controls/ros2_controllers/force_torque_sensor_broadcaster) by extension 'ignore'
[3.117s] Level 1:colcon.colcon_core.package_identification:_identify(src/ros-controls/ros2_controllers/force_torque_sensor_broadcaster) by extension 'ignore_ament_install'
[3.117s] Level 1:colcon.colcon_core.package_identification:_identify(src/ros-controls/ros2_controllers/force_torque_sensor_broadcaster) by extensions ['colcon_pkg']
[3.117s] Level 1:colcon.colcon_core.package_identification:_identify(src/ros-controls/ros2_controllers/force_torque_sensor_broadcaster) by extension 'colcon_pkg'
[3.117s] Level 1:colcon.colcon_core.package_identification:_identify(src/ros-controls/ros2_controllers/force_torque_sensor_broadcaster) by extensions ['colcon_meta']
[3.117s] Level 1:colcon.colcon_core.package_identification:_identify(src/ros-controls/ros2_controllers/force_torque_sensor_broadcaster) by extension 'colcon_meta'
[3.117s] Level 1:colcon.colcon_core.package_identification:_identify(src/ros-controls/ros2_controllers/force_torque_sensor_broadcaster) by extensions ['ros']
[3.117s] Level 1:colcon.colcon_core.package_identification:_identify(src/ros-controls/ros2_controllers/force_torque_sensor_broadcaster) by extension 'ros'
[3.120s] DEBUG:colcon.colcon_core.package_identification:Package 'src/ros-controls/ros2_controllers/force_torque_sensor_broadcaster' with type 'ros.ament_cmake' and name 'force_torque_sensor_broadcaster'
[3.121s] Level 1:colcon.colcon_core.package_identification:_identify(src/ros-controls/ros2_controllers/forward_command_controller) by extensions ['ignore', 'ignore_ament_install']
[3.121s] Level 1:colcon.colcon_core.package_identification:_identify(src/ros-controls/ros2_controllers/forward_command_controller) by extension 'ignore'
[3.121s] Level 1:colcon.colcon_core.package_identification:_identify(src/ros-controls/ros2_controllers/forward_command_controller) by extension 'ignore_ament_install'
[3.121s] Level 1:colcon.colcon_core.package_identification:_identify(src/ros-controls/ros2_controllers/forward_command_controller) by extensions ['colcon_pkg']
[3.121s] Level 1:colcon.colcon_core.package_identification:_identify(src/ros-controls/ros2_controllers/forward_command_controller) by extension 'colcon_pkg'
[3.121s] Level 1:colcon.colcon_core.package_identification:_identify(src/ros-controls/ros2_controllers/forward_command_controller) by extensions ['colcon_meta']
[3.121s] Level 1:colcon.colcon_core.package_identification:_identify(src/ros-controls/ros2_controllers/forward_command_controller) by extension 'colcon_meta'
[3.122s] Level 1:colcon.colcon_core.package_identification:_identify(src/ros-controls/ros2_controllers/forward_command_controller) by extensions ['ros']
[3.122s] Level 1:colcon.colcon_core.package_identification:_identify(src/ros-controls/ros2_controllers/forward_command_controller) by extension 'ros'
[3.124s] DEBUG:colcon.colcon_core.package_identification:Package 'src/ros-controls/ros2_controllers/forward_command_controller' with type 'ros.ament_cmake' and name 'forward_command_controller'
[3.125s] Level 1:colcon.colcon_core.package_identification:_identify(src/ros-controls/ros2_controllers/gripper_controllers) by extensions ['ignore', 'ignore_ament_install']
[3.126s] Level 1:colcon.colcon_core.package_identification:_identify(src/ros-controls/ros2_controllers/gripper_controllers) by extension 'ignore'
[3.126s] Level 1:colcon.colcon_core.package_identification:_identify(src/ros-controls/ros2_controllers/gripper_controllers) by extension 'ignore_ament_install'
[3.126s] Level 1:colcon.colcon_core.package_identification:_identify(src/ros-controls/ros2_controllers/gripper_controllers) by extensions ['colcon_pkg']
[3.126s] Level 1:colcon.colcon_core.package_identification:_identify(src/ros-controls/ros2_controllers/gripper_controllers) by extension 'colcon_pkg'
[3.126s] Level 1:colcon.colcon_core.package_identification:_identify(src/ros-controls/ros2_controllers/gripper_controllers) by extensions ['colcon_meta']
[3.126s] Level 1:colcon.colcon_core.package_identification:_identify(src/ros-controls/ros2_controllers/gripper_controllers) by extension 'colcon_meta'
[3.126s] Level 1:colcon.colcon_core.package_identification:_identify(src/ros-controls/ros2_controllers/gripper_controllers) by extensions ['ros']
[3.126s] Level 1:colcon.colcon_core.package_identification:_identify(src/ros-controls/ros2_controllers/gripper_controllers) by extension 'ros'
[3.128s] DEBUG:colcon.colcon_core.package_identification:Package 'src/ros-controls/ros2_controllers/gripper_controllers' with type 'ros.ament_cmake' and name 'gripper_controllers'
[3.129s] Level 1:colcon.colcon_core.package_identification:_identify(src/ros-controls/ros2_controllers/imu_sensor_broadcaster) by extensions ['ignore', 'ignore_ament_install']
[3.130s] Level 1:colcon.colcon_core.package_identification:_identify(src/ros-controls/ros2_controllers/imu_sensor_broadcaster) by extension 'ignore'
[3.130s] Level 1:colcon.colcon_core.package_identification:_identify(src/ros-controls/ros2_controllers/imu_sensor_broadcaster) by extension 'ignore_ament_install'
[3.130s] Level 1:colcon.colcon_core.package_identification:_identify(src/ros-controls/ros2_controllers/imu_sensor_broadcaster) by extensions ['colcon_pkg']
[3.130s] Level 1:colcon.colcon_core.package_identification:_identify(src/ros-controls/ros2_controllers/imu_sensor_broadcaster) by extension 'colcon_pkg'
[3.130s] Level 1:colcon.colcon_core.package_identification:_identify(src/ros-controls/ros2_controllers/imu_sensor_broadcaster) by extensions ['colcon_meta']
[3.130s] Level 1:colcon.colcon_core.package_identification:_identify(src/ros-controls/ros2_controllers/imu_sensor_broadcaster) by extension 'colcon_meta'
[3.130s] Level 1:colcon.colcon_core.package_identification:_identify(src/ros-controls/ros2_controllers/imu_sensor_broadcaster) by extensions ['ros']
[3.130s] Level 1:colcon.colcon_core.package_identification:_identify(src/ros-controls/ros2_controllers/imu_sensor_broadcaster) by extension 'ros'
[3.133s] DEBUG:colcon.colcon_core.package_identification:Package 'src/ros-controls/ros2_controllers/imu_sensor_broadcaster' with type 'ros.ament_cmake' and name 'imu_sensor_broadcaster'
[3.134s] Level 1:colcon.colcon_core.package_identification:_identify(src/ros-controls/ros2_controllers/joint_state_broadcaster) by extensions ['ignore', 'ignore_ament_install']
[3.134s] Level 1:colcon.colcon_core.package_identification:_identify(src/ros-controls/ros2_controllers/joint_state_broadcaster) by extension 'ignore'
[3.134s] Level 1:colcon.colcon_core.package_identification:_identify(src/ros-controls/ros2_controllers/joint_state_broadcaster) by extension 'ignore_ament_install'
[3.135s] Level 1:colcon.colcon_core.package_identification:_identify(src/ros-controls/ros2_controllers/joint_state_broadcaster) by extensions ['colcon_pkg']
[3.135s] Level 1:colcon.colcon_core.package_identification:_identify(src/ros-controls/ros2_controllers/joint_state_broadcaster) by extension 'colcon_pkg'
[3.135s] Level 1:colcon.colcon_core.package_identification:_identify(src/ros-controls/ros2_controllers/joint_state_broadcaster) by extensions ['colcon_meta']
[3.135s] Level 1:colcon.colcon_core.package_identification:_identify(src/ros-controls/ros2_controllers/joint_state_broadcaster) by extension 'colcon_meta'
[3.135s] Level 1:colcon.colcon_core.package_identification:_identify(src/ros-controls/ros2_controllers/joint_state_broadcaster) by extensions ['ros']
[3.135s] Level 1:colcon.colcon_core.package_identification:_identify(src/ros-controls/ros2_controllers/joint_state_broadcaster) by extension 'ros'
[3.137s] DEBUG:colcon.colcon_core.package_identification:Package 'src/ros-controls/ros2_controllers/joint_state_broadcaster' with type 'ros.ament_cmake' and name 'joint_state_broadcaster'
[3.139s] Level 1:colcon.colcon_core.package_identification:_identify(src/ros-controls/ros2_controllers/joint_trajectory_controller) by extensions ['ignore', 'ignore_ament_install']
[3.139s] Level 1:colcon.colcon_core.package_identification:_identify(src/ros-controls/ros2_controllers/joint_trajectory_controller) by extension 'ignore'
[3.139s] Level 1:colcon.colcon_core.package_identification:_identify(src/ros-controls/ros2_controllers/joint_trajectory_controller) by extension 'ignore_ament_install'
[3.139s] Level 1:colcon.colcon_core.package_identification:_identify(src/ros-controls/ros2_controllers/joint_trajectory_controller) by extensions ['colcon_pkg']
[3.139s] Level 1:colcon.colcon_core.package_identification:_identify(src/ros-controls/ros2_controllers/joint_trajectory_controller) by extension 'colcon_pkg'
[3.139s] Level 1:colcon.colcon_core.package_identification:_identify(src/ros-controls/ros2_controllers/joint_trajectory_controller) by extensions ['colcon_meta']
[3.139s] Level 1:colcon.colcon_core.package_identification:_identify(src/ros-controls/ros2_controllers/joint_trajectory_controller) by extension 'colcon_meta'
[3.139s] Level 1:colcon.colcon_core.package_identification:_identify(src/ros-controls/ros2_controllers/joint_trajectory_controller) by extensions ['ros']
[3.140s] Level 1:colcon.colcon_core.package_identification:_identify(src/ros-controls/ros2_controllers/joint_trajectory_controller) by extension 'ros'
[3.142s] DEBUG:colcon.colcon_core.package_identification:Package 'src/ros-controls/ros2_controllers/joint_trajectory_controller' with type 'ros.ament_cmake' and name 'joint_trajectory_controller'
[3.143s] Level 1:colcon.colcon_core.package_identification:_identify(src/ros-controls/ros2_controllers/position_controllers) by extensions ['ignore', 'ignore_ament_install']
[3.143s] Level 1:colcon.colcon_core.package_identification:_identify(src/ros-controls/ros2_controllers/position_controllers) by extension 'ignore'
[3.143s] Level 1:colcon.colcon_core.package_identification:_identify(src/ros-controls/ros2_controllers/position_controllers) by extension 'ignore_ament_install'
[3.144s] Level 1:colcon.colcon_core.package_identification:_identify(src/ros-controls/ros2_controllers/position_controllers) by extensions ['colcon_pkg']
[3.144s] Level 1:colcon.colcon_core.package_identification:_identify(src/ros-controls/ros2_controllers/position_controllers) by extension 'colcon_pkg'
[3.144s] Level 1:colcon.colcon_core.package_identification:_identify(src/ros-controls/ros2_controllers/position_controllers) by extensions ['colcon_meta']
[3.144s] Level 1:colcon.colcon_core.package_identification:_identify(src/ros-controls/ros2_controllers/position_controllers) by extension 'colcon_meta'
[3.144s] Level 1:colcon.colcon_core.package_identification:_identify(src/ros-controls/ros2_controllers/position_controllers) by extensions ['ros']
[3.144s] Level 1:colcon.colcon_core.package_identification:_identify(src/ros-controls/ros2_controllers/position_controllers) by extension 'ros'
[3.147s] DEBUG:colcon.colcon_core.package_identification:Package 'src/ros-controls/ros2_controllers/position_controllers' with type 'ros.ament_cmake' and name 'position_controllers'
[3.150s] Level 1:colcon.colcon_core.package_identification:_identify(src/ros-controls/ros2_controllers/range_sensor_broadcaster) by extensions ['ignore', 'ignore_ament_install']
[3.150s] Level 1:colcon.colcon_core.package_identification:_identify(src/ros-controls/ros2_controllers/range_sensor_broadcaster) by extension 'ignore'
[3.150s] Level 1:colcon.colcon_core.package_identification:_identify(src/ros-controls/ros2_controllers/range_sensor_broadcaster) by extension 'ignore_ament_install'
[3.150s] Level 1:colcon.colcon_core.package_identification:_identify(src/ros-controls/ros2_controllers/range_sensor_broadcaster) by extensions ['colcon_pkg']
[3.150s] Level 1:colcon.colcon_core.package_identification:_identify(src/ros-controls/ros2_controllers/range_sensor_broadcaster) by extension 'colcon_pkg'
[3.151s] Level 1:colcon.colcon_core.package_identification:_identify(src/ros-controls/ros2_controllers/range_sensor_broadcaster) by extensions ['colcon_meta']
[3.151s] Level 1:colcon.colcon_core.package_identification:_identify(src/ros-controls/ros2_controllers/range_sensor_broadcaster) by extension 'colcon_meta'
[3.151s] Level 1:colcon.colcon_core.package_identification:_identify(src/ros-controls/ros2_controllers/range_sensor_broadcaster) by extensions ['ros']
[3.151s] Level 1:colcon.colcon_core.package_identification:_identify(src/ros-controls/ros2_controllers/range_sensor_broadcaster) by extension 'ros'
[3.163s] DEBUG:colcon.colcon_core.package_identification:Package 'src/ros-controls/ros2_controllers/range_sensor_broadcaster' with type 'ros.ament_cmake' and name 'range_sensor_broadcaster'
[3.166s] Level 1:colcon.colcon_core.package_identification:_identify(src/ros-controls/ros2_controllers/ros2_controllers) by extensions ['ignore', 'ignore_ament_install']
[3.167s] Level 1:colcon.colcon_core.package_identification:_identify(src/ros-controls/ros2_controllers/ros2_controllers) by extension 'ignore'
[3.167s] Level 1:colcon.colcon_core.package_identification:_identify(src/ros-controls/ros2_controllers/ros2_controllers) by extension 'ignore_ament_install'
[3.167s] Level 1:colcon.colcon_core.package_identification:_identify(src/ros-controls/ros2_controllers/ros2_controllers) by extensions ['colcon_pkg']
[3.167s] Level 1:colcon.colcon_core.package_identification:_identify(src/ros-controls/ros2_controllers/ros2_controllers) by extension 'colcon_pkg'
[3.168s] Level 1:colcon.colcon_core.package_identification:_identify(src/ros-controls/ros2_controllers/ros2_controllers) by extensions ['colcon_meta']
[3.168s] Level 1:colcon.colcon_core.package_identification:_identify(src/ros-controls/ros2_controllers/ros2_controllers) by extension 'colcon_meta'
[3.168s] Level 1:colcon.colcon_core.package_identification:_identify(src/ros-controls/ros2_controllers/ros2_controllers) by extensions ['ros']
[3.168s] Level 1:colcon.colcon_core.package_identification:_identify(src/ros-controls/ros2_controllers/ros2_controllers) by extension 'ros'
[3.185s] DEBUG:colcon.colcon_core.package_identification:Package 'src/ros-controls/ros2_controllers/ros2_controllers' with type 'ros.ament_cmake' and name 'ros2_controllers'
[3.187s] Level 1:colcon.colcon_core.package_identification:_identify(src/ros-controls/ros2_controllers/ros2_controllers_test_nodes) by extensions ['ignore', 'ignore_ament_install']
[3.187s] Level 1:colcon.colcon_core.package_identification:_identify(src/ros-controls/ros2_controllers/ros2_controllers_test_nodes) by extension 'ignore'
[3.188s] Level 1:colcon.colcon_core.package_identification:_identify(src/ros-controls/ros2_controllers/ros2_controllers_test_nodes) by extension 'ignore_ament_install'
[3.188s] Level 1:colcon.colcon_core.package_identification:_identify(src/ros-controls/ros2_controllers/ros2_controllers_test_nodes) by extensions ['colcon_pkg']
[3.188s] Level 1:colcon.colcon_core.package_identification:_identify(src/ros-controls/ros2_controllers/ros2_controllers_test_nodes) by extension 'colcon_pkg'
[3.188s] Level 1:colcon.colcon_core.package_identification:_identify(src/ros-controls/ros2_controllers/ros2_controllers_test_nodes) by extensions ['colcon_meta']
[3.188s] Level 1:colcon.colcon_core.package_identification:_identify(src/ros-controls/ros2_controllers/ros2_controllers_test_nodes) by extension 'colcon_meta'
[3.189s] Level 1:colcon.colcon_core.package_identification:_identify(src/ros-controls/ros2_controllers/ros2_controllers_test_nodes) by extensions ['ros']
[3.189s] Level 1:colcon.colcon_core.package_identification:_identify(src/ros-controls/ros2_controllers/ros2_controllers_test_nodes) by extension 'ros'
[3.191s] DEBUG:colcon.colcon_core.package_identification:Package 'src/ros-controls/ros2_controllers/ros2_controllers_test_nodes' with type 'ros.ament_python' and name 'ros2_controllers_test_nodes'
[3.193s] Level 1:colcon.colcon_core.package_identification:_identify(src/ros-controls/ros2_controllers/rqt_joint_trajectory_controller) by extensions ['ignore', 'ignore_ament_install']
[3.193s] Level 1:colcon.colcon_core.package_identification:_identify(src/ros-controls/ros2_controllers/rqt_joint_trajectory_controller) by extension 'ignore'
[3.194s] Level 1:colcon.colcon_core.package_identification:_identify(src/ros-controls/ros2_controllers/rqt_joint_trajectory_controller) by extension 'ignore_ament_install'
[3.194s] Level 1:colcon.colcon_core.package_identification:_identify(src/ros-controls/ros2_controllers/rqt_joint_trajectory_controller) by extensions ['colcon_pkg']
[3.194s] Level 1:colcon.colcon_core.package_identification:_identify(src/ros-controls/ros2_controllers/rqt_joint_trajectory_controller) by extension 'colcon_pkg'
[3.195s] Level 1:colcon.colcon_core.package_identification:_identify(src/ros-controls/ros2_controllers/rqt_joint_trajectory_controller) by extensions ['colcon_meta']
[3.195s] Level 1:colcon.colcon_core.package_identification:_identify(src/ros-controls/ros2_controllers/rqt_joint_trajectory_controller) by extension 'colcon_meta'
[3.198s] Level 1:colcon.colcon_core.package_identification:_identify(src/ros-controls/ros2_controllers/rqt_joint_trajectory_controller) by extensions ['ros']
[3.198s] Level 1:colcon.colcon_core.package_identification:_identify(src/ros-controls/ros2_controllers/rqt_joint_trajectory_controller) by extension 'ros'
[3.201s] DEBUG:colcon.colcon_core.package_identification:Package 'src/ros-controls/ros2_controllers/rqt_joint_trajectory_controller' with type 'ros.ament_python' and name 'rqt_joint_trajectory_controller'
[3.203s] Level 1:colcon.colcon_core.package_identification:_identify(src/ros-controls/ros2_controllers/steering_controllers_library) by extensions ['ignore', 'ignore_ament_install']
[3.204s] Level 1:colcon.colcon_core.package_identification:_identify(src/ros-controls/ros2_controllers/steering_controllers_library) by extension 'ignore'
[3.204s] Level 1:colcon.colcon_core.package_identification:_identify(src/ros-controls/ros2_controllers/steering_controllers_library) by extension 'ignore_ament_install'
[3.205s] Level 1:colcon.colcon_core.package_identification:_identify(src/ros-controls/ros2_controllers/steering_controllers_library) by extensions ['colcon_pkg']
[3.205s] Level 1:colcon.colcon_core.package_identification:_identify(src/ros-controls/ros2_controllers/steering_controllers_library) by extension 'colcon_pkg'
[3.205s] Level 1:colcon.colcon_core.package_identification:_identify(src/ros-controls/ros2_controllers/steering_controllers_library) by extensions ['colcon_meta']
[3.205s] Level 1:colcon.colcon_core.package_identification:_identify(src/ros-controls/ros2_controllers/steering_controllers_library) by extension 'colcon_meta'
[3.205s] Level 1:colcon.colcon_core.package_identification:_identify(src/ros-controls/ros2_controllers/steering_controllers_library) by extensions ['ros']
[3.206s] Level 1:colcon.colcon_core.package_identification:_identify(src/ros-controls/ros2_controllers/steering_controllers_library) by extension 'ros'
[3.210s] DEBUG:colcon.colcon_core.package_identification:Package 'src/ros-controls/ros2_controllers/steering_controllers_library' with type 'ros.ament_cmake' and name 'steering_controllers_library'
[3.212s] Level 1:colcon.colcon_core.package_identification:_identify(src/ros-controls/ros2_controllers/tricycle_controller) by extensions ['ignore', 'ignore_ament_install']
[3.213s] Level 1:colcon.colcon_core.package_identification:_identify(src/ros-controls/ros2_controllers/tricycle_controller) by extension 'ignore'
[3.213s] Level 1:colcon.colcon_core.package_identification:_identify(src/ros-controls/ros2_controllers/tricycle_controller) by extension 'ignore_ament_install'
[3.213s] Level 1:colcon.colcon_core.package_identification:_identify(src/ros-controls/ros2_controllers/tricycle_controller) by extensions ['colcon_pkg']
[3.214s] Level 1:colcon.colcon_core.package_identification:_identify(src/ros-controls/ros2_controllers/tricycle_controller) by extension 'colcon_pkg'
[3.214s] Level 1:colcon.colcon_core.package_identification:_identify(src/ros-controls/ros2_controllers/tricycle_controller) by extensions ['colcon_meta']
[3.214s] Level 1:colcon.colcon_core.package_identification:_identify(src/ros-controls/ros2_controllers/tricycle_controller) by extension 'colcon_meta'
[3.214s] Level 1:colcon.colcon_core.package_identification:_identify(src/ros-controls/ros2_controllers/tricycle_controller) by extensions ['ros']
[3.214s] Level 1:colcon.colcon_core.package_identification:_identify(src/ros-controls/ros2_controllers/tricycle_controller) by extension 'ros'
[3.218s] DEBUG:colcon.colcon_core.package_identification:Package 'src/ros-controls/ros2_controllers/tricycle_controller' with type 'ros.ament_cmake' and name 'tricycle_controller'
[3.220s] Level 1:colcon.colcon_core.package_identification:_identify(src/ros-controls/ros2_controllers/tricycle_steering_controller) by extensions ['ignore', 'ignore_ament_install']
[3.220s] Level 1:colcon.colcon_core.package_identification:_identify(src/ros-controls/ros2_controllers/tricycle_steering_controller) by extension 'ignore'
[3.220s] Level 1:colcon.colcon_core.package_identification:_identify(src/ros-controls/ros2_controllers/tricycle_steering_controller) by extension 'ignore_ament_install'
[3.220s] Level 1:colcon.colcon_core.package_identification:_identify(src/ros-controls/ros2_controllers/tricycle_steering_controller) by extensions ['colcon_pkg']
[3.221s] Level 1:colcon.colcon_core.package_identification:_identify(src/ros-controls/ros2_controllers/tricycle_steering_controller) by extension 'colcon_pkg'
[3.221s] Level 1:colcon.colcon_core.package_identification:_identify(src/ros-controls/ros2_controllers/tricycle_steering_controller) by extensions ['colcon_meta']
[3.221s] Level 1:colcon.colcon_core.package_identification:_identify(src/ros-controls/ros2_controllers/tricycle_steering_controller) by extension 'colcon_meta'
[3.221s] Level 1:colcon.colcon_core.package_identification:_identify(src/ros-controls/ros2_controllers/tricycle_steering_controller) by extensions ['ros']
[3.221s] Level 1:colcon.colcon_core.package_identification:_identify(src/ros-controls/ros2_controllers/tricycle_steering_controller) by extension 'ros'
[3.225s] DEBUG:colcon.colcon_core.package_identification:Package 'src/ros-controls/ros2_controllers/tricycle_steering_controller' with type 'ros.ament_cmake' and name 'tricycle_steering_controller'
[3.226s] Level 1:colcon.colcon_core.package_identification:_identify(src/ros-controls/ros2_controllers/velocity_controllers) by extensions ['ignore', 'ignore_ament_install']
[3.227s] Level 1:colcon.colcon_core.package_identification:_identify(src/ros-controls/ros2_controllers/velocity_controllers) by extension 'ignore'
[3.227s] Level 1:colcon.colcon_core.package_identification:_identify(src/ros-controls/ros2_controllers/velocity_controllers) by extension 'ignore_ament_install'
[3.227s] Level 1:colcon.colcon_core.package_identification:_identify(src/ros-controls/ros2_controllers/velocity_controllers) by extensions ['colcon_pkg']
[3.227s] Level 1:colcon.colcon_core.package_identification:_identify(src/ros-controls/ros2_controllers/velocity_controllers) by extension 'colcon_pkg'
[3.227s] Level 1:colcon.colcon_core.package_identification:_identify(src/ros-controls/ros2_controllers/velocity_controllers) by extensions ['colcon_meta']
[3.227s] Level 1:colcon.colcon_core.package_identification:_identify(src/ros-controls/ros2_controllers/velocity_controllers) by extension 'colcon_meta'
[3.228s] Level 1:colcon.colcon_core.package_identification:_identify(src/ros-controls/ros2_controllers/velocity_controllers) by extensions ['ros']
[3.228s] Level 1:colcon.colcon_core.package_identification:_identify(src/ros-controls/ros2_controllers/velocity_controllers) by extension 'ros'
[3.232s] DEBUG:colcon.colcon_core.package_identification:Package 'src/ros-controls/ros2_controllers/velocity_controllers' with type 'ros.ament_cmake' and name 'velocity_controllers'
[3.233s] Level 1:colcon.colcon_core.package_identification:_identify(src/ruka) by extensions ['ignore', 'ignore_ament_install']
[3.233s] Level 1:colcon.colcon_core.package_identification:_identify(src/ruka) by extension 'ignore'
[3.234s] Level 1:colcon.colcon_core.package_identification:_identify(src/ruka) by extension 'ignore_ament_install'
[3.234s] Level 1:colcon.colcon_core.package_identification:_identify(src/ruka) by extensions ['colcon_pkg']
[3.234s] Level 1:colcon.colcon_core.package_identification:_identify(src/ruka) by extension 'colcon_pkg'
[3.234s] Level 1:colcon.colcon_core.package_identification:_identify(src/ruka) by extensions ['colcon_meta']
[3.234s] Level 1:colcon.colcon_core.package_identification:_identify(src/ruka) by extension 'colcon_meta'
[3.234s] Level 1:colcon.colcon_core.package_identification:_identify(src/ruka) by extensions ['ros']
[3.234s] Level 1:colcon.colcon_core.package_identification:_identify(src/ruka) by extension 'ros'
[3.238s] DEBUG:colcon.colcon_core.package_identification:Package 'src/ruka' with type 'ros.ament_cmake' and name 'ruka'
[3.238s] Level 1:colcon.colcon_core.package_discovery:discover_packages(recursive) using defaults
[3.238s] Level 1:colcon.colcon_core.package_discovery:discover_packages(ignore) discover
[3.238s] Level 1:colcon.colcon_core.package_discovery:discover_packages(ignore) using defaults
[3.238s] Level 1:colcon.colcon_core.package_discovery:discover_packages(path) discover
[3.238s] Level 1:colcon.colcon_core.package_discovery:discover_packages(path) using defaults
[3.407s] INFO:colcon.colcon_core.package_selection:Skipping not selected package 'control_msgs' in 'src/ros-controls/control_msgs/control_msgs'
[3.407s] INFO:colcon.colcon_core.package_selection:Skipping not selected package 'controller_manager_msgs' in 'src/ros-controls/ros2_control/controller_manager_msgs'
[3.407s] INFO:colcon.colcon_core.package_selection:Skipping not selected package 'joint_limits' in 'src/ros-controls/ros2_control/joint_limits'
[3.407s] INFO:colcon.colcon_core.package_selection:Skipping not selected package 'kinematics_interface' in 'src/ros-controls/kinematics_interface/kinematics_interface'
[3.407s] INFO:colcon.colcon_core.package_selection:Skipping not selected package 'realtime_tools' in 'src/ros-controls/realtime_tools'
[3.407s] INFO:colcon.colcon_core.package_selection:Skipping not selected package 'ros2_control_demo_description' in 'src/ros-controls/ros2_control_demos/ros2_control_demo_description'
[3.407s] INFO:colcon.colcon_core.package_selection:Skipping not selected package 'ros2_control_test_assets' in 'src/ros-controls/ros2_control/ros2_control_test_assets'
[3.407s] INFO:colcon.colcon_core.package_selection:Skipping not selected package 'ros2_controllers_test_nodes' in 'src/ros-controls/ros2_controllers/ros2_controllers_test_nodes'
[3.408s] INFO:colcon.colcon_core.package_selection:Skipping not selected package 'control_toolbox' in 'src/ros-controls/control_toolbox'
[3.408s] INFO:colcon.colcon_core.package_selection:Skipping not selected package 'hardware_interface' in 'src/ros-controls/ros2_control/hardware_interface'
[3.408s] INFO:colcon.colcon_core.package_selection:Skipping not selected package 'kinematics_interface_kdl' in 'src/ros-controls/kinematics_interface/kinematics_interface_kdl'
[3.408s] INFO:colcon.colcon_core.package_selection:Skipping not selected package 'r_t' in 'src/r_t'
[3.408s] INFO:colcon.colcon_core.package_selection:Skipping not selected package 'rqt_controller_manager' in 'src/ros-controls/ros2_control/rqt_controller_manager'
[3.408s] INFO:colcon.colcon_core.package_selection:Skipping not selected package 'rqt_joint_trajectory_controller' in 'src/ros-controls/ros2_controllers/rqt_joint_trajectory_controller'
[3.408s] INFO:colcon.colcon_core.package_selection:Skipping not selected package 'controller_interface' in 'src/ros-controls/ros2_control/controller_interface'
[3.408s] INFO:colcon.colcon_core.package_selection:Skipping not selected package 'transmission_interface' in 'src/ros-controls/ros2_control/transmission_interface'
[3.408s] INFO:colcon.colcon_core.package_selection:Skipping not selected package 'controller_manager' in 'src/ros-controls/ros2_control/controller_manager'
[3.408s] INFO:colcon.colcon_core.package_selection:Skipping not selected package 'diff_drive_controller' in 'src/ros-controls/ros2_controllers/diff_drive_controller'
[3.408s] INFO:colcon.colcon_core.package_selection:Skipping not selected package 'force_torque_sensor_broadcaster' in 'src/ros-controls/ros2_controllers/force_torque_sensor_broadcaster'
[3.408s] INFO:colcon.colcon_core.package_selection:Skipping not selected package 'forward_command_controller' in 'src/ros-controls/ros2_controllers/forward_command_controller'
[3.408s] INFO:colcon.colcon_core.package_selection:Skipping not selected package 'gripper_controllers' in 'src/ros-controls/ros2_controllers/gripper_controllers'
[3.408s] INFO:colcon.colcon_core.package_selection:Skipping not selected package 'imu_sensor_broadcaster' in 'src/ros-controls/ros2_controllers/imu_sensor_broadcaster'
[3.408s] INFO:colcon.colcon_core.package_selection:Skipping not selected package 'joint_state_broadcaster' in 'src/ros-controls/ros2_controllers/joint_state_broadcaster'
[3.408s] INFO:colcon.colcon_core.package_selection:Skipping not selected package 'joint_trajectory_controller' in 'src/ros-controls/ros2_controllers/joint_trajectory_controller'
[3.408s] INFO:colcon.colcon_core.package_selection:Skipping not selected package 'range_sensor_broadcaster' in 'src/ros-controls/ros2_controllers/range_sensor_broadcaster'
[3.408s] INFO:colcon.colcon_core.package_selection:Skipping not selected package 'ros2controlcli' in 'src/ros-controls/ros2_control/ros2controlcli'
[3.408s] INFO:colcon.colcon_core.package_selection:Skipping not selected package 'steering_controllers_library' in 'src/ros-controls/ros2_controllers/steering_controllers_library'
[3.408s] INFO:colcon.colcon_core.package_selection:Skipping not selected package 'tricycle_controller' in 'src/ros-controls/ros2_controllers/tricycle_controller'
[3.408s] INFO:colcon.colcon_core.package_selection:Skipping not selected package 'ackermann_steering_controller' in 'src/ros-controls/ros2_controllers/ackermann_steering_controller'
[3.408s] INFO:colcon.colcon_core.package_selection:Skipping not selected package 'admittance_controller' in 'src/ros-controls/ros2_controllers/admittance_controller'
[3.408s] INFO:colcon.colcon_core.package_selection:Skipping not selected package 'bicycle_steering_controller' in 'src/ros-controls/ros2_controllers/bicycle_steering_controller'
[3.408s] INFO:colcon.colcon_core.package_selection:Skipping not selected package 'effort_controllers' in 'src/ros-controls/ros2_controllers/effort_controllers'
[3.408s] INFO:colcon.colcon_core.package_selection:Skipping not selected package 'position_controllers' in 'src/ros-controls/ros2_controllers/position_controllers'
[3.408s] INFO:colcon.colcon_core.package_selection:Skipping not selected package 'ros2_control' in 'src/ros-controls/ros2_control/ros2_control'
[3.408s] INFO:colcon.colcon_core.package_selection:Skipping not selected package 'ros2_control_demo_example_7' in 'src/ros-controls/ros2_control_demos/example_7'
[3.408s] INFO:colcon.colcon_core.package_selection:Skipping not selected package 'tricycle_steering_controller' in 'src/ros-controls/ros2_controllers/tricycle_steering_controller'
[3.408s] INFO:colcon.colcon_core.package_selection:Skipping not selected package 'velocity_controllers' in 'src/ros-controls/ros2_controllers/velocity_controllers'
[3.409s] INFO:colcon.colcon_core.package_selection:Skipping not selected package 'ros2_control_demos' in 'src/ros-controls/ros2_control_demos/ros2_control_demos'
[3.409s] INFO:colcon.colcon_core.package_selection:Skipping not selected package 'ros2_controllers' in 'src/ros-controls/ros2_controllers/ros2_controllers'
[3.462s] Level 1:colcon.colcon_core.package_discovery:discover_packages(prefix_path) check parameters
[3.463s] Level 1:colcon.colcon_core.package_discovery:discover_packages(prefix_path) discover
[3.540s] DEBUG:colcon.colcon_installed_package_information.package_discovery:Found 13 installed packages in /home/nata/ws_ruka/install
[3.567s] DEBUG:colcon.colcon_installed_package_information.package_discovery:Found 2 installed packages in /home/nata/ws_vr/install
[3.593s] DEBUG:colcon.colcon_installed_package_information.package_discovery:Found 349 installed packages in /opt/ros/humble
[3.596s] Level 1:colcon.colcon_core.package_discovery:discover_packages(prefix_path) using defaults
[3.950s] Level 5:colcon.colcon_core.verb:set package 'ruka' build argument 'cmake_args' from command line to 'None'
[3.950s] Level 5:colcon.colcon_core.verb:set package 'ruka' build argument 'cmake_target' from command line to 'None'
[3.950s] Level 5:colcon.colcon_core.verb:set package 'ruka' build argument 'cmake_target_skip_unavailable' from command line to 'False'
[3.951s] Level 5:colcon.colcon_core.verb:set package 'ruka' build argument 'cmake_clean_cache' from command line to 'False'
[3.951s] Level 5:colcon.colcon_core.verb:set package 'ruka' build argument 'cmake_clean_first' from command line to 'False'
[3.951s] Level 5:colcon.colcon_core.verb:set package 'ruka' build argument 'cmake_force_configure' from command line to 'False'
[3.951s] Level 5:colcon.colcon_core.verb:set package 'ruka' build argument 'ament_cmake_args' from command line to 'None'
[3.951s] Level 5:colcon.colcon_core.verb:set package 'ruka' build argument 'catkin_cmake_args' from command line to 'None'
[3.951s] Level 5:colcon.colcon_core.verb:set package 'ruka' build argument 'catkin_skip_building_tests' from command line to 'False'
[3.951s] DEBUG:colcon.colcon_core.verb:Building package 'ruka' with the following arguments: {'ament_cmake_args': None, 'build_base': '/home/nata/ws_ruka/build/ruka', 'catkin_cmake_args': None, 'catkin_skip_building_tests': False, 'cmake_args': None, 'cmake_clean_cache': False, 'cmake_clean_first': False, 'cmake_force_configure': False, 'cmake_target': None, 'cmake_target_skip_unavailable': False, 'install_base': '/home/nata/ws_ruka/install/ruka', 'merge_install': False, 'path': '/home/nata/ws_ruka/src/ruka', 'symlink_install': False, 'test_result_base': None}
[3.974s] INFO:colcon.colcon_core.executor:Executing jobs using 'parallel' executor
[3.999s] DEBUG:colcon.colcon_parallel_executor.executor.parallel:run_until_complete
[3.999s] INFO:colcon.colcon_ros.task.ament_cmake.build:Building ROS package in '/home/nata/ws_ruka/src/ruka' with build type 'ament_cmake'
[4.000s] INFO:colcon.colcon_cmake.task.cmake.build:Building CMake package in '/home/nata/ws_ruka/src/ruka'
[4.052s] INFO:colcon.colcon_core.plugin_system:Skipping extension 'colcon_core.shell.bat': Not used on non-Windows systems
[4.052s] INFO:colcon.colcon_core.shell:Skip shell extension 'powershell' for command environment: Not usable outside of PowerShell
[4.052s] DEBUG:colcon.colcon_core.shell:Skip shell extension 'dsv' for command environment
[4.159s] ERROR:colcon.colcon_cmake.task.cmake.build:Failed to find the following files:
- /home/nata/ws_ruka/install/ros2_control_demo_description/share/ros2_control_demo_description/package.sh
Check that the following packages have been built:
- ros2_control_demo_description
[4.307s] Level 1:colcon.colcon_core.environment:create_environment_scripts_only(ruka)
[4.354s] Level 1:colcon.colcon_core.environment:checking '/home/nata/ws_ruka/install/ruka' for CMake module files
[4.355s] Level 1:colcon.colcon_core.environment:checking '/home/nata/ws_ruka/install/ruka' for CMake config files
[4.357s] Level 1:colcon.colcon_core.shell:create_environment_hook('ruka', 'cmake_prefix_path')
[4.387s] INFO:colcon.colcon_core.shell:Creating environment hook '/home/nata/ws_ruka/install/ruka/share/ruka/hook/cmake_prefix_path.ps1'
[4.392s] INFO:colcon.colcon_core.shell:Creating environment descriptor '/home/nata/ws_ruka/install/ruka/share/ruka/hook/cmake_prefix_path.dsv'
[4.393s] INFO:colcon.colcon_core.shell:Creating environment hook '/home/nata/ws_ruka/install/ruka/share/ruka/hook/cmake_prefix_path.sh'
[4.396s] Level 1:colcon.colcon_core.environment:checking '/home/nata/ws_ruka/install/ruka/lib'
[4.397s] Level 1:colcon.colcon_core.shell:create_environment_hook('ruka', 'ld_library_path_lib')
[4.426s] INFO:colcon.colcon_core.shell:Creating environment hook '/home/nata/ws_ruka/install/ruka/share/ruka/hook/ld_library_path_lib.ps1'
[4.427s] INFO:colcon.colcon_core.shell:Creating environment descriptor '/home/nata/ws_ruka/install/ruka/share/ruka/hook/ld_library_path_lib.dsv'
[4.427s] INFO:colcon.colcon_core.shell:Creating environment hook '/home/nata/ws_ruka/install/ruka/share/ruka/hook/ld_library_path_lib.sh'
[4.428s] Level 1:colcon.colcon_core.environment:checking '/home/nata/ws_ruka/install/ruka/bin'
[4.428s] Level 1:colcon.colcon_core.environment:checking '/home/nata/ws_ruka/install/ruka/lib/pkgconfig/ruka.pc'
[4.429s] Level 1:colcon.colcon_core.environment:checking '/home/nata/ws_ruka/install/ruka/lib/python3.10/site-packages'
[4.429s] Level 1:colcon.colcon_core.environment:checking '/home/nata/ws_ruka/install/ruka/bin'
[4.463s] INFO:colcon.colcon_core.shell:Creating package script '/home/nata/ws_ruka/install/ruka/share/ruka/package.ps1'
[4.466s] INFO:colcon.colcon_core.shell:Creating package descriptor '/home/nata/ws_ruka/install/ruka/share/ruka/package.dsv'
[4.469s] INFO:colcon.colcon_core.shell:Creating package script '/home/nata/ws_ruka/install/ruka/share/ruka/package.sh'
[4.471s] INFO:colcon.colcon_core.shell:Creating package script '/home/nata/ws_ruka/install/ruka/share/ruka/package.bash'
[4.475s] INFO:colcon.colcon_core.shell:Creating package script '/home/nata/ws_ruka/install/ruka/share/ruka/package.zsh'
[4.478s] Level 1:colcon.colcon_core.environment:create_file_with_runtime_dependencies(/home/nata/ws_ruka/install/ruka/share/colcon-core/packages/ruka)
[4.489s] DEBUG:colcon.colcon_parallel_executor.executor.parallel:closing loop
[4.490s] DEBUG:colcon.colcon_parallel_executor.executor.parallel:loop closed
[4.490s] DEBUG:colcon.colcon_parallel_executor.executor.parallel:run_until_complete finished with '1'
[4.490s] DEBUG:colcon.colcon_core.event_reactor:joining thread
[4.547s] INFO:colcon.colcon_core.plugin_system:Skipping extension 'colcon_notification.desktop_notification.terminal_notifier': Not used on non-Darwin systems
[4.547s] INFO:colcon.colcon_core.plugin_system:Skipping extension 'colcon_notification.desktop_notification.win32': Not used on non-Windows systems
[4.548s] INFO:colcon.colcon_notification.desktop_notification:Sending desktop notification using 'notify2'
[4.579s] DEBUG:colcon.colcon_core.event_reactor:joined thread
[4.609s] INFO:colcon.colcon_core.shell:Creating prefix script '/home/nata/ws_ruka/install/local_setup.ps1'
[4.611s] INFO:colcon.colcon_core.shell:Creating prefix util module '/home/nata/ws_ruka/install/_local_setup_util_ps1.py'
[4.615s] INFO:colcon.colcon_core.shell:Creating prefix chain script '/home/nata/ws_ruka/install/setup.ps1'
[4.646s] INFO:colcon.colcon_core.shell:Creating prefix script '/home/nata/ws_ruka/install/local_setup.sh'
[4.649s] INFO:colcon.colcon_core.shell:Creating prefix util module '/home/nata/ws_ruka/install/_local_setup_util_sh.py'
[4.651s] INFO:colcon.colcon_core.shell:Creating prefix chain script '/home/nata/ws_ruka/install/setup.sh'
[4.683s] INFO:colcon.colcon_core.shell:Creating prefix script '/home/nata/ws_ruka/install/local_setup.bash'
[4.686s] INFO:colcon.colcon_core.shell:Creating prefix chain script '/home/nata/ws_ruka/install/setup.bash'
[4.718s] INFO:colcon.colcon_core.shell:Creating prefix script '/home/nata/ws_ruka/install/local_setup.zsh'
[4.720s] INFO:colcon.colcon_core.shell:Creating prefix chain script '/home/nata/ws_ruka/install/setup.zsh'
